<?xml version="1.0" encoding="UTF-8"?>
<!-- Generated by org.testng.reporters.JUnitXMLReporter -->
<testsuite ignored="0" hostname="Raga" failures="4" tests="8" name="Test Math" time="127.914" errors="0" timestamp="2025-08-19T13:54:41 WIB">
  <testcase classname="io.cucumber.testng.AbstractTestNGCucumberTests" name="runScenario" time="15.472">
    <failure type="java.lang.AssertionError" message="Level jabatan tidak cocok. Seharusnya: &amp;apos;1&amp;apos;, tapi ditemukan: &amp;apos;10&amp;apos;. expected [1] but found [10]">
      <![CDATA[java.lang.AssertionError: Level jabatan tidak cocok. Seharusnya: '1', tapi ditemukan: '10'. expected [1] but found [10]
at com.dikahadir.definitions.jabatan.FilterLevelJabatanTest.semuaJabatanMemilikiLevel(FilterLevelJabatanTest.java:39)
at ✽.semua jabatan yang ditampilkan memiliki level "1"(file:///C:/Hegar/sqabatch23/TA/web_hadir/src/test/resources/features/jabatan/FilterJabatan.feature:6)
... Removed 5 stack frames]]>
    </failure>
  </testcase> <!-- runScenario -->
  <testcase classname="io.cucumber.testng.AbstractTestNGCucumberTests" name="runScenario" time="14.263">
    <failure type="java.lang.AssertionError" message="Level jabatan tidak cocok. Seharusnya: &amp;apos;2&amp;apos;, tapi ditemukan: &amp;apos;1&amp;apos;. expected [2] but found [1]">
      <![CDATA[java.lang.AssertionError: Level jabatan tidak cocok. Seharusnya: '2', tapi ditemukan: '1'. expected [2] but found [1]
at com.dikahadir.definitions.jabatan.FilterLevelJabatanTest.semuaJabatanMemilikiLevel(FilterLevelJabatanTest.java:39)
at ✽.semua jabatan yang ditampilkan memiliki level "2"(file:///C:/Hegar/sqabatch23/TA/web_hadir/src/test/resources/features/jabatan/FilterJabatan.feature:6)
... Removed 5 stack frames]]>
    </failure>
  </testcase> <!-- runScenario -->
  <testcase classname="io.cucumber.testng.AbstractTestNGCucumberTests" name="runScenario" time="18.952">
    <failure type="org.openqa.selenium.TimeoutException" message="Expected condition failed: waiting for visibility of element located by By.xpath: (//p[normalize-space()=&amp;apos;Management&amp;apos;])[1] (tried for 10 second(s) with 500 milliseconds interval)
Build info: version: &amp;apos;4.34.0&amp;apos;, revision: &amp;apos;707dcb4246*&amp;apos;
System info: os.name: &amp;apos;Windows 11&amp;apos;, os.arch: &amp;apos;amd64&amp;apos;, os.version: &amp;apos;10.0&amp;apos;, java.version: &amp;apos;21.0.8&amp;apos;
Driver info: org.openqa.selenium.firefox.FirefoxDriver
Capabilities {acceptInsecureCerts: true, browserName: firefox, browserVersion: 141.0.3, moz:accessibilityChecks: false, moz:buildID: 20250806102122, moz:geckodriverVersion: 0.36.0, moz:headless: false, moz:platformVersion: 10.0, moz:processID: 81900, moz:profile: C:\Users\LENOVO\AppData\Loc..., moz:shutdownTimeout: 60000, moz:webdriverClick: true, moz:windowless: false, pageLoadStrategy: normal, platformName: windows, proxy: Proxy(), setWindowRect: true, strictFileInteractability: false, timeouts: {implicit: 0, pageLoad: 300000, script: 30000}, unhandledPromptBehavior: dismiss and notify, userAgent: Mozilla/5.0 (Windows NT 10....}
Session ID: 3e57e686-71d3-4042-a291-c060dbc283e9">
      <![CDATA[org.openqa.selenium.TimeoutException: Expected condition failed: waiting for visibility of element located by By.xpath: (//p[normalize-space()='Management'])[1] (tried for 10 second(s) with 500 milliseconds interval)
Build info: version: '4.34.0', revision: '707dcb4246*'
System info: os.name: 'Windows 11', os.arch: 'amd64', os.version: '10.0', java.version: '21.0.8'
Driver info: org.openqa.selenium.firefox.FirefoxDriver
Capabilities {acceptInsecureCerts: true, browserName: firefox, browserVersion: 141.0.3, moz:accessibilityChecks: false, moz:buildID: 20250806102122, moz:geckodriverVersion: 0.36.0, moz:headless: false, moz:platformVersion: 10.0, moz:processID: 81900, moz:profile: C:\Users\LENOVO\AppData\Loc..., moz:shutdownTimeout: 60000, moz:webdriverClick: true, moz:windowless: false, pageLoadStrategy: normal, platformName: windows, proxy: Proxy(), setWindowRect: true, strictFileInteractability: false, timeouts: {implicit: 0, pageLoad: 300000, script: 30000}, unhandledPromptBehavior: dismiss and notify, userAgent: Mozilla/5.0 (Windows NT 10....}
Session ID: 3e57e686-71d3-4042-a291-c060dbc283e9
at org.openqa.selenium.support.ui.WebDriverWait.timeoutException(WebDriverWait.java:84)
at org.openqa.selenium.support.ui.FluentWait.until(FluentWait.java:228)
at com.dikahadir.Hooks.setUp(Hooks.java:38)
]]>
    </failure>
  </testcase> <!-- runScenario -->
  <testcase classname="io.cucumber.testng.AbstractTestNGCucumberTests" name="runScenario" time="13.049">
    <failure type="java.lang.AssertionError" message="Jumlah baris setelah reset tidak kembali ke kondisi awal. expected [3] but found [10]">
      <![CDATA[java.lang.AssertionError: Jumlah baris setelah reset tidak kembali ke kondisi awal. expected [3] but found [10]
at com.dikahadir.definitions.jabatan.ResetFilterLevelJabatanTest.verifikasiJumlahKembaliNormal(ResetFilterLevelJabatanTest.java:55)
at ✽.jumlah jabatan yang ditampilkan kembali ke kondisi semula(file:///C:/Hegar/sqabatch23/TA/web_hadir/src/test/resources/features/jabatan/ResetFilterJabatan.feature:10)
... Removed 6 stack frames]]>
    </failure>
  </testcase> <!-- runScenario -->
  <testcase classname="io.cucumber.testng.AbstractTestNGCucumberTests" name="runScenario" time="12.271"/>
  <testcase classname="io.cucumber.testng.AbstractTestNGCucumberTests" name="runScenario" time="18.306"/>
  <testcase classname="io.cucumber.testng.AbstractTestNGCucumberTests" name="runScenario" time="21.134"/>
  <testcase classname="io.cucumber.testng.AbstractTestNGCucumberTests" name="runScenario" time="13.125"/>
</testsuite> <!-- Test Math -->
