<?xml version="1.0" encoding="UTF-8"?>
<!-- Generated by org.testng.reporters.JUnitXMLReporter -->
<testsuite ignored="0" hostname="Raga" failures="2" tests="25" name="Test Math" time="493.655" errors="0" timestamp="2025-08-25T09:08:02 WIB">
  <testcase classname="io.cucumber.testng.AbstractTestNGCucumberTests" name="runScenario" time="37.49"/>
  <testcase classname="io.cucumber.testng.AbstractTestNGCucumberTests" name="runScenario" time="22.393"/>
  <testcase classname="io.cucumber.testng.AbstractTestNGCucumberTests" name="runScenario" time="21.014"/>
  <testcase classname="io.cucumber.testng.AbstractTestNGCucumberTests" name="runScenario" time="19.246">
    <failure type="java.lang.AssertionError" message="Pesan sukses tidak sesuai expected [Gagal Edit Jabatan] but found [Berhasil Edit Jabatan]">
      <![CDATA[java.lang.AssertionError: Pesan sukses tidak sesuai expected [Gagal Edit Jabatan] but found [Berhasil Edit Jabatan]
at com.dikahadir.definitions.jabatan.EditJabatanTest.sistemMenampilkanPesan(EditJabatanTest.java:59)
at ✽.sistem akan menampilkan pesan "Gagal Edit Jabatan"(file:///C:/Hegar/sqabatch23/TA/web_hadir/src/test/resources/features/jabatan/EditJabatan.feature:51)
... Removed 5 stack frames]]>
    </failure>
  </testcase> <!-- runScenario -->
  <testcase classname="io.cucumber.testng.AbstractTestNGCucumberTests" name="runScenario" time="18.911"/>
  <testcase classname="io.cucumber.testng.AbstractTestNGCucumberTests" name="runScenario" time="21.238"/>
  <testcase classname="io.cucumber.testng.AbstractTestNGCucumberTests" name="runScenario" time="22.398"/>
  <testcase classname="io.cucumber.testng.AbstractTestNGCucumberTests" name="runScenario" time="22.174">
    <failure type="java.lang.AssertionError" message="Pesan sukses tidak sesuai expected [Berhasil Delete Jabatan] but found [Gagal Delete Jabatan]">
      <![CDATA[java.lang.AssertionError: Pesan sukses tidak sesuai expected [Berhasil Delete Jabatan] but found [Gagal Delete Jabatan]
at com.dikahadir.definitions.jabatan.HapusJabatan.pesanSukses(HapusJabatan.java:47)
at ✽.pesan sukses "Berhasil Delete Jabatan" akan diatmpilkan sistem(file:///C:/Hegar/sqabatch23/TA/web_hadir/src/test/resources/features/jabatan/HapusJabatan.feature:10)
... Removed 5 stack frames]]>
    </failure>
  </testcase> <!-- runScenario -->
  <testcase classname="io.cucumber.testng.AbstractTestNGCucumberTests" name="runScenario" time="25.429"/>
  <testcase classname="io.cucumber.testng.AbstractTestNGCucumberTests" name="runScenario" time="16.92"/>
  <testcase classname="io.cucumber.testng.AbstractTestNGCucumberTests" name="runScenario" time="21.482"/>
  <testcase classname="io.cucumber.testng.AbstractTestNGCucumberTests" name="runScenario" time="15.519"/>
  <testcase classname="io.cucumber.testng.AbstractTestNGCucumberTests" name="runScenario" time="15.838"/>
  <testcase classname="io.cucumber.testng.AbstractTestNGCucumberTests" name="runScenario" time="14.3"/>
  <testcase classname="io.cucumber.testng.AbstractTestNGCucumberTests" name="runScenario" time="12.923"/>
  <testcase classname="io.cucumber.testng.AbstractTestNGCucumberTests" name="runScenario" time="13.952"/>
  <testcase classname="io.cucumber.testng.AbstractTestNGCucumberTests" name="runScenario" time="20.834"/>
  <testcase classname="io.cucumber.testng.AbstractTestNGCucumberTests" name="runScenario" time="18.048"/>
  <testcase classname="io.cucumber.testng.AbstractTestNGCucumberTests" name="runScenario" time="17.259"/>
  <testcase classname="io.cucumber.testng.AbstractTestNGCucumberTests" name="runScenario" time="18.002"/>
  <testcase classname="io.cucumber.testng.AbstractTestNGCucumberTests" name="runScenario" time="17.442"/>
  <testcase classname="io.cucumber.testng.AbstractTestNGCucumberTests" name="runScenario" time="25.381"/>
  <testcase classname="io.cucumber.testng.AbstractTestNGCucumberTests" name="runScenario" time="16.983"/>
  <testcase classname="io.cucumber.testng.AbstractTestNGCucumberTests" name="runScenario" time="15.195"/>
  <testcase classname="io.cucumber.testng.AbstractTestNGCucumberTests" name="runScenario" time="20.428"/>
</testsuite> <!-- Test Math -->
