<?xml version="1.0" encoding="UTF-8"?>
<!-- Generated by org.testng.reporters.JUnitXMLReporter -->
<testsuite ignored="0" hostname="Raga" failures="1" tests="4" name="Test Math" time="91.904" errors="0" timestamp="2025-08-24T02:09:52 WIB">
  <testcase classname="io.cucumber.testng.AbstractTestNGCucumberTests" name="runScenario" time="28.62"/>
  <testcase classname="io.cucumber.testng.AbstractTestNGCucumberTests" name="runScenario" time="19.574"/>
  <testcase classname="io.cucumber.testng.AbstractTestNGCucumberTests" name="runScenario" time="18.8"/>
  <testcase classname="io.cucumber.testng.AbstractTestNGCucumberTests" name="runScenario" time="22.395">
    <failure type="java.lang.AssertionError" message="Pesan sukses tidak sesuai! expected [Gagal Membuat Aturan Cuti] but found [Sukses Membuat Aturan Cuti]">
      <![CDATA[java.lang.AssertionError: Pesan sukses tidak sesuai! expected [Gagal Membuat Aturan Cuti] but found [Sukses Membuat Aturan Cuti]
at com.dikahadir.definitions.aturancuti.TambahAturanCutiTest.aturanCutiBerhasilDitambahkan(TambahAturanCutiTest.java:63)
at ✽.sistem menampilkan pesan "Gagal Membuat Aturan Cuti"(file:///C:/Hegar/sqabatch23/TA/web_hadir/src/test/resources/features/aturancuti/TambahAturanCuti.feature:30)
... Removed 5 stack frames]]>
    </failure>
  </testcase> <!-- runScenario -->
</testsuite> <!-- Test Math -->
