<?xml version="1.0" encoding="UTF-8"?>
<!-- Generated by org.testng.reporters.JUnitXMLReporter -->
<testsuite ignored="0" hostname="Raga" failures="1" tests="4" name="Test Math" time="90.447" errors="0" timestamp="2025-08-27T17:56:58 WIB">
  <testcase classname="io.cucumber.testng.AbstractTestNGCucumberTests" name="runScenario" time="32.568"/>
  <testcase classname="io.cucumber.testng.AbstractTestNGCucumberTests" name="runScenario" time="19.122">
    <failure type="java.lang.AssertionError" message="Validasi Aturan Cuti tidak sesuai! expected [Gagal Mengubah Aturan Cuti] but found [Sukses Mengubah Aturan Cuti]">
      <![CDATA[java.lang.AssertionError: Validasi Aturan Cuti tidak sesuai! expected [Gagal Mengubah Aturan Cuti] but found [Sukses Mengubah Aturan Cuti]
at com.dikahadir.definitions.aturancuti.EditAturanCutiTest.getPesanSukses(EditAturanCutiTest.java:82)
at ✽.sistem akan menampilkan pesan "Gagal Mengubah Aturan Cuti".(file:///C:/Hegar/sqabatch23/TA/web_hadir/src/test/resources/features/aturancuti/EditAturanCuti.feature:36)
... Removed 5 stack frames]]>
    </failure>
  </testcase> <!-- runScenario -->
  <testcase classname="io.cucumber.testng.AbstractTestNGCucumberTests" name="runScenario" time="20.209"/>
  <testcase classname="io.cucumber.testng.AbstractTestNGCucumberTests" name="runScenario" time="16.982"/>
</testsuite> <!-- Test Math -->
