<?xml version="1.0" encoding="UTF-8"?>
<!-- Generated by org.testng.reporters.JUnitXMLReporter -->
<testsuite ignored="0" hostname="Raga" failures="0" tests="4" name="Test Math" time="49.297" errors="0" timestamp="2025-08-18T07:26:51 WIB">
  <testcase classname="com.dikahadir.Jabatan.TambahJabatanTest" name="testTambahJabatanBaru" time="3.13"/>
  <testcase classname="com.dikahadir.Jabatan.TambahJabatanTest" name="TestTambahJabatanInvalidData1" time="1.332"/>
  <testcase classname="com.dikahadir.Jabatan.TambahJabatanTest" name="TestTambahJabatanInvalidData2" time="1.06"/>
  <testcase classname="com.dikahadir.Jabatan.TambahJabatanTest" name="TestTambahJabatanInvalidData3" time="1.465"/>
</testsuite> <!-- Test Math -->
