<html>
<head>
<title>TestNG:  Test Math</title>
<link href="../testng.css" rel="stylesheet" type="text/css" />
<link href="../my-testng.css" rel="stylesheet" type="text/css" />

<style type="text/css">
.log { display: none;} 
.stack-trace { display: none;} 
</style>
<script type="text/javascript">
<!--
function flip(e) {
  current = e.style.display;
  if (current == 'block') {
    e.style.display = 'none';
    return 0;
  }
  else {
    e.style.display = 'block';
    return 1;
  }
}

function toggleBox(szDivId, elem, msg1, msg2)
{
  var res = -1;  if (document.getElementById) {
    res = flip(document.getElementById(szDivId));
  }
  else if (document.all) {
    // this is the way old msie versions work
    res = flip(document.all[szDivId]);
  }
  if(elem) {
    if(res == 0) elem.innerHTML = msg1; else elem.innerHTML = msg2;
  }

}

function toggleAllBoxes() {
  if (document.getElementsByTagName) {
    d = document.getElementsByTagName('div');
    for (i = 0; i < d.length; i++) {
      if (d[i].className == 'log') {
        flip(d[i]);
      }
    }
  }
}

// -->
</script>

</head>
<body>
<h2 align='center'>Test Math</h2><table border='1' align="center">
<tr>
<td>Tests passed/Failed/Skipped:</td><td>23/3/0</td>
</tr><tr>
<td>Started on:</td><td>Thu Aug 28 11:18:09 WIB 2025</td>
</tr>
<tr><td>Total time:</td><td>494 seconds (494468 ms)</td>
</tr><tr>
<td>Included groups:</td><td></td>
</tr><tr>
<td>Excluded groups:</td><td></td>
</tr>
</table><p/>
<small><i>(Hover the method name to see the test class name)</i></small><p/>
<table width='100%' border='1' class='invocation-failed'>
<tr><td colspan='4' align='center'><b>FAILED TESTS</b></td></tr>
<tr><td><b>Test method</b></td>
<td><b>Attribute(s)</b></td>
<td width="30%"><b>Exception</b></td>
<td width="10%"><b>Time (seconds)</b></td>
<td><b>Instance</b></td>
</tr>
<tr>
<td title='com.dikahadir.runners.RunnerTest1.runScenario()'><b>runScenario</b><br>Test class: com.dikahadir.runners.RunnerTest1<br>Test method: Runs Cucumber Scenarios<br>Parameters: "Menghapus data jabatan dengan feature delete pada tabel jabatan", "Hapus Jabatan"</td>
<td><div><pre>java.lang.RuntimeException:  Gagal klik tombol action di row pertama
	at com.dikahadir.page.JabatanPage.clickActionButtonRowPertama(JabatanPage.java:160)
	at com.dikahadir.definitions.jabatan.HapusJabatan.clickTombolAction(HapusJabatan.java:27)
	at ✽.user mengklik tombol action pada level jabatan &quot;83&quot;(file:///C:/Hegar/sqabatch23/TA/web_hadir/src/test/resources/features/jabatan/HapusJabatan.feature:8)
Caused by: org.openqa.selenium.TimeoutException: Expected condition failed: waiting for presence of any elements located by By.xpath: //table/tbody/tr (tried for 10 second(s) with 500 milliseconds interval)
Build info: version: &apos;4.34.0&apos;, revision: &apos;707dcb4246*&apos;
System info: os.name: &apos;Windows 11&apos;, os.arch: &apos;amd64&apos;, os.version: &apos;10.0&apos;, java.version: &apos;21.0.8&apos;
Driver info: org.openqa.selenium.firefox.FirefoxDriver
Capabilities {acceptInsecureCerts: true, browserName: firefox, browserVersion: 142.0.1, moz:accessibilityChecks: false, moz:buildID: 20250827004350, moz:geckodriverVersion: 0.36.0, moz:headless: false, moz:platformVersion: 10.0, moz:processID: 99196, moz:profile: C:\Users\LENOVO\AppData\Loc..., moz:shutdownTimeout: 60000, moz:webdriverClick: true, moz:windowless: false, pageLoadStrategy: normal, platformName: windows, proxy: Proxy(), setWindowRect: true, strictFileInteractability: false, timeouts: {implicit: 0, pageLoad: 300000, script: 30000}, unhandledPromptBehavior: dismiss and notify, userAgent: Mozilla/5.0 (Windows NT 10....}
Session ID: 207be8f0-3465-4455-8cb8-bda94a10dd5e
	at org.openqa.selenium.support.ui.WebDriverWait.timeoutException(WebDriverWait.java:84)
	at org.openqa.selenium.support.ui.FluentWait.until(FluentWait.java:228)
	at com.dikahadir.page.JabatanPage.clickActionButtonRowPertama(JabatanPage.java:145)
	at com.dikahadir.definitions.jabatan.HapusJabatan.clickTombolAction(HapusJabatan.java:27)
	at io.cucumber.java.Invoker.doInvoke(Invoker.java:66)
	at io.cucumber.java.Invoker.invoke(Invoker.java:24)
	at io.cucumber.java.AbstractGlueDefinition.invokeMethod(AbstractGlueDefinition.java:47)
	at io.cucumber.java.JavaStepDefinition.execute(JavaStepDefinition.java:29)
	at io.cucumber.core.runner.CoreStepDefinition.execute(CoreStepDefinition.java:66)
	at io.cucumber.core.runner.PickleStepDefinitionMatch.runStep(PickleStepDefinitionMatch.java:63)
	at io.cucumber.core.runner.ExecutionMode$1.execute(ExecutionMode.java:10)
	at io.cucumber.core.runner.TestStep.executeStep(TestStep.java:84)
	at io.cucumber.core.runner.TestStep.run(TestStep.java:56)
	at io.cucumber.core.runner.PickleStepTestStep.run(PickleStepTestStep.java:51)
	at io.cucumber.core.runner.TestCase.run(TestCase.java:84)
	at io.cucumber.core.runner.Runner.runPickle(Runner.java:75)
	at io.cucumber.testng.TestNGCucumberRunner.lambda$runScenario$1(TestNGCucumberRunner.java:132)
	at io.cucumber.core.runtime.CucumberExecutionContext.lambda$runTestCase$5(CucumberExecutionContext.java:137)
	at io.cucumber.core.runtime.RethrowingThrowableCollector.executeAndThrow(RethrowingThrowableCollector.java:23)
	at io.cucumber.core.runtime.CucumberExecutionContext.runTestCase(CucumberExecutionContext.java:137)
	at io.cucumber.testng.TestNGCucumberRunner.runScenario(TestNGCucumberRunner.java:129)
	at io.cucumber.testng.AbstractTestNGCucumberTests.runScenario(AbstractTestNGCucumberTests.java:35)
	at java.base/java.util.ArrayList.forEach(ArrayList.java:1596)
... Removed 31 stack frames</pre></div><a href='#' onClick='toggleBox("stack-trace1792454213", this, "Click to show all stack frames", "Click to hide stack frames")'>Click to show all stack frames</a>
<div class='stack-trace' id='stack-trace1792454213'><pre>java.lang.RuntimeException:  Gagal klik tombol action di row pertama
	at com.dikahadir.page.JabatanPage.clickActionButtonRowPertama(JabatanPage.java:160)
	at com.dikahadir.definitions.jabatan.HapusJabatan.clickTombolAction(HapusJabatan.java:27)
	at ✽.user mengklik tombol action pada level jabatan &quot;83&quot;(file:///C:/Hegar/sqabatch23/TA/web_hadir/src/test/resources/features/jabatan/HapusJabatan.feature:8)
Caused by: org.openqa.selenium.TimeoutException: Expected condition failed: waiting for presence of any elements located by By.xpath: //table/tbody/tr (tried for 10 second(s) with 500 milliseconds interval)
Build info: version: &apos;4.34.0&apos;, revision: &apos;707dcb4246*&apos;
System info: os.name: &apos;Windows 11&apos;, os.arch: &apos;amd64&apos;, os.version: &apos;10.0&apos;, java.version: &apos;21.0.8&apos;
Driver info: org.openqa.selenium.firefox.FirefoxDriver
Capabilities {acceptInsecureCerts: true, browserName: firefox, browserVersion: 142.0.1, moz:accessibilityChecks: false, moz:buildID: 20250827004350, moz:geckodriverVersion: 0.36.0, moz:headless: false, moz:platformVersion: 10.0, moz:processID: 99196, moz:profile: C:\Users\LENOVO\AppData\Loc..., moz:shutdownTimeout: 60000, moz:webdriverClick: true, moz:windowless: false, pageLoadStrategy: normal, platformName: windows, proxy: Proxy(), setWindowRect: true, strictFileInteractability: false, timeouts: {implicit: 0, pageLoad: 300000, script: 30000}, unhandledPromptBehavior: dismiss and notify, userAgent: Mozilla/5.0 (Windows NT 10....}
Session ID: 207be8f0-3465-4455-8cb8-bda94a10dd5e
	at org.openqa.selenium.support.ui.WebDriverWait.timeoutException(WebDriverWait.java:84)
	at org.openqa.selenium.support.ui.FluentWait.until(FluentWait.java:228)
	at com.dikahadir.page.JabatanPage.clickActionButtonRowPertama(JabatanPage.java:145)
	at com.dikahadir.definitions.jabatan.HapusJabatan.clickTombolAction(HapusJabatan.java:27)
	at java.base/jdk.internal.reflect.DirectMethodHandleAccessor.invoke(DirectMethodHandleAccessor.java:103)
	at java.base/java.lang.reflect.Method.invoke(Method.java:580)
	at io.cucumber.java.Invoker.doInvoke(Invoker.java:66)
	at io.cucumber.java.Invoker.invoke(Invoker.java:24)
	at io.cucumber.java.AbstractGlueDefinition.invokeMethod(AbstractGlueDefinition.java:47)
	at io.cucumber.java.JavaStepDefinition.execute(JavaStepDefinition.java:29)
	at io.cucumber.core.runner.CoreStepDefinition.execute(CoreStepDefinition.java:66)
	at io.cucumber.core.runner.PickleStepDefinitionMatch.runStep(PickleStepDefinitionMatch.java:63)
	at io.cucumber.core.runner.ExecutionMode$1.execute(ExecutionMode.java:10)
	at io.cucumber.core.runner.TestStep.executeStep(TestStep.java:84)
	at io.cucumber.core.runner.TestStep.run(TestStep.java:56)
	at io.cucumber.core.runner.PickleStepTestStep.run(PickleStepTestStep.java:51)
	at io.cucumber.core.runner.TestCase.run(TestCase.java:84)
	at io.cucumber.core.runner.Runner.runPickle(Runner.java:75)
	at io.cucumber.testng.TestNGCucumberRunner.lambda$runScenario$1(TestNGCucumberRunner.java:132)
	at io.cucumber.core.runtime.CucumberExecutionContext.lambda$runTestCase$5(CucumberExecutionContext.java:137)
	at io.cucumber.core.runtime.RethrowingThrowableCollector.executeAndThrow(RethrowingThrowableCollector.java:23)
	at io.cucumber.core.runtime.CucumberExecutionContext.runTestCase(CucumberExecutionContext.java:137)
	at io.cucumber.testng.TestNGCucumberRunner.runScenario(TestNGCucumberRunner.java:129)
	at io.cucumber.testng.AbstractTestNGCucumberTests.runScenario(AbstractTestNGCucumberTests.java:35)
	at java.base/jdk.internal.reflect.DirectMethodHandleAccessor.invoke(DirectMethodHandleAccessor.java:103)
	at java.base/java.lang.reflect.Method.invoke(Method.java:580)
	at org.testng.internal.invokers.MethodInvocationHelper.invokeMethod(MethodInvocationHelper.java:141)
	at org.testng.internal.invokers.TestInvoker.invokeMethod(TestInvoker.java:686)
	at org.testng.internal.invokers.TestInvoker.invokeTestMethod(TestInvoker.java:230)
	at org.testng.internal.invokers.MethodRunner.runInSequence(MethodRunner.java:63)
	at org.testng.internal.invokers.TestInvoker$MethodInvocationAgent.invoke(TestInvoker.java:992)
	at org.testng.internal.invokers.TestInvoker.invokeTestMethods(TestInvoker.java:203)
	at org.testng.internal.invokers.TestMethodWorker.invokeTestMethods(TestMethodWorker.java:154)
	at org.testng.internal.invokers.TestMethodWorker.run(TestMethodWorker.java:134)
	at java.base/java.util.ArrayList.forEach(ArrayList.java:1596)
	at org.testng.TestRunner.privateRun(TestRunner.java:739)
	at org.testng.TestRunner.run(TestRunner.java:614)
	at org.testng.SuiteRunner.runTest(SuiteRunner.java:421)
	at org.testng.SuiteRunner.runSequentially(SuiteRunner.java:413)
	at org.testng.SuiteRunner.privateRun(SuiteRunner.java:373)
	at org.testng.SuiteRunner.run(SuiteRunner.java:312)
	at org.testng.SuiteRunnerWorker.runSuite(SuiteRunnerWorker.java:52)
	at org.testng.SuiteRunnerWorker.run(SuiteRunnerWorker.java:95)
	at org.testng.TestNG.runSuitesSequentially(TestNG.java:1274)
	at org.testng.TestNG.runSuitesLocally(TestNG.java:1208)
	at org.testng.TestNG.runSuites(TestNG.java:1112)
	at org.testng.TestNG.run(TestNG.java:1079)
	at org.apache.maven.surefire.testng.TestNGExecutor.run(TestNGExecutor.java:308)
	at org.apache.maven.surefire.testng.TestNGXmlTestSuite.execute(TestNGXmlTestSuite.java:71)
	at org.apache.maven.surefire.testng.TestNGProvider.invoke(TestNGProvider.java:113)
	at org.apache.maven.surefire.booter.ForkedBooter.runSuitesInProcess(ForkedBooter.java:385)
	at org.apache.maven.surefire.booter.ForkedBooter.execute(ForkedBooter.java:162)
	at org.apache.maven.surefire.booter.ForkedBooter.run(ForkedBooter.java:507)
	at org.apache.maven.surefire.booter.ForkedBooter.main(ForkedBooter.java:495)
</pre></div></td>
<td>27</td>
<td>com.dikahadir.runners.RunnerTest1@4218d6a3</td></tr>
<tr>
<td title='com.dikahadir.runners.RunnerTest1.runScenario()'><b>runScenario</b><br>Test class: com.dikahadir.runners.RunnerTest1<br>Test method: Runs Cucumber Scenarios<br>Parameters: "Mengubah nama jabatan dan level jabatan dengan nama jabatan dan level jabatan yang sudah ada", "Edit Jabatan"</td>
<td><div><pre>java.lang.AssertionError: Pesan sukses tidak sesuai expected [Gagal Edit Jabatan] but found [Berhasil Edit Jabatan]
	at com.dikahadir.definitions.jabatan.EditJabatanTest.sistemMenampilkanPesan(EditJabatanTest.java:59)
	at ✽.sistem akan menampilkan pesan &quot;Gagal Edit Jabatan&quot;(file:///C:/Hegar/sqabatch23/TA/web_hadir/src/test/resources/features/jabatan/EditJabatan.feature:53)
... Removed 5 stack frames</pre></div><a href='#' onClick='toggleBox("stack-trace1193749715", this, "Click to show all stack frames", "Click to hide stack frames")'>Click to show all stack frames</a>
<div class='stack-trace' id='stack-trace1193749715'><pre>java.lang.AssertionError: Pesan sukses tidak sesuai expected [Gagal Edit Jabatan] but found [Berhasil Edit Jabatan]
	at org.testng.Assert.fail(Assert.java:111)
	at org.testng.Assert.failNotEquals(Assert.java:1578)
	at org.testng.Assert.assertEqualsImpl(Assert.java:150)
	at org.testng.Assert.assertEquals(Assert.java:132)
	at org.testng.Assert.assertEquals(Assert.java:656)
	at com.dikahadir.definitions.jabatan.EditJabatanTest.sistemMenampilkanPesan(EditJabatanTest.java:59)
	at ✽.sistem akan menampilkan pesan &quot;Gagal Edit Jabatan&quot;(file:///C:/Hegar/sqabatch23/TA/web_hadir/src/test/resources/features/jabatan/EditJabatan.feature:53)
</pre></div></td>
<td>21</td>
<td>com.dikahadir.runners.RunnerTest1@4218d6a3</td></tr>
<tr>
<td title='com.dikahadir.runners.RunnerTest1.runScenario()'><b>runScenario</b><br>Test class: com.dikahadir.runners.RunnerTest1<br>Test method: Runs Cucumber Scenarios<br>Parameters: "Validasi penambahan jabatan dengan data invalid (nama yang sama dan level yang sama,inputan level non numeric,level negtif atau minus)", "Tambah Jabatan"</td>
<td><div><pre>java.lang.AssertionError: Pesan error tidak sesuai! expected [Gagal Menambahkan Job Level] but found [Berhasil Menambahkan Job Level]
	at com.dikahadir.definitions.jabatan.TambahJabatanTest.pesanError(TambahJabatanTest.java:82)
	at ✽.sistem menampilkan pesan error &quot;Gagal Menambahkan Job Level&quot;(file:///C:/Hegar/sqabatch23/TA/web_hadir/src/test/resources/features/jabatan/TambahJabatan.feature:51)
... Removed 5 stack frames</pre></div><a href='#' onClick='toggleBox("stack-trace1476094208", this, "Click to show all stack frames", "Click to hide stack frames")'>Click to show all stack frames</a>
<div class='stack-trace' id='stack-trace1476094208'><pre>java.lang.AssertionError: Pesan error tidak sesuai! expected [Gagal Menambahkan Job Level] but found [Berhasil Menambahkan Job Level]
	at org.testng.Assert.fail(Assert.java:111)
	at org.testng.Assert.failNotEquals(Assert.java:1578)
	at org.testng.Assert.assertEqualsImpl(Assert.java:150)
	at org.testng.Assert.assertEquals(Assert.java:132)
	at org.testng.Assert.assertEquals(Assert.java:656)
	at com.dikahadir.definitions.jabatan.TambahJabatanTest.pesanError(TambahJabatanTest.java:82)
	at ✽.sistem menampilkan pesan error &quot;Gagal Menambahkan Job Level&quot;(file:///C:/Hegar/sqabatch23/TA/web_hadir/src/test/resources/features/jabatan/TambahJabatan.feature:51)
</pre></div></td>
<td>35</td>
<td>com.dikahadir.runners.RunnerTest1@4218d6a3</td></tr>
</table><p>
<table width='100%' border='1' class='invocation-passed'>
<tr><td colspan='4' align='center'><b>PASSED TESTS</b></td></tr>
<tr><td><b>Test method</b></td>
<td><b>Attribute(s)</b></td>
<td width="30%"><b>Exception</b></td>
<td width="10%"><b>Time (seconds)</b></td>
<td><b>Instance</b></td>
</tr>
<tr>
<td title='com.dikahadir.runners.RunnerTest1.runScenario()'><b>runScenario</b><br>Test class: com.dikahadir.runners.RunnerTest1<br>Test method: Runs Cucumber Scenarios<br>Parameters: "Berpindah ke halaman sebelumnya dengan menekan tombol sebelumnya", "Tombol Pagination"</td>
<td></td>
<td>14</td>
<td>com.dikahadir.runners.RunnerTest1@4218d6a3</td></tr>
<tr>
<td title='com.dikahadir.runners.RunnerTest1.runScenario()'><b>runScenario</b><br>Test class: com.dikahadir.runners.RunnerTest1<br>Test method: Runs Cucumber Scenarios<br>Parameters: "Validasi penambahan jabatan dengan data invalid (nama yang sama dan level yang sama,inputan level non numeric,level negtif atau minus)", "Tambah Jabatan"</td>
<td></td>
<td>14</td>
<td>com.dikahadir.runners.RunnerTest1@4218d6a3</td></tr>
<tr>
<td title='com.dikahadir.runners.RunnerTest1.runScenario()'><b>runScenario</b><br>Test class: com.dikahadir.runners.RunnerTest1<br>Test method: Runs Cucumber Scenarios<br>Parameters: "Validasi field kosong saat menambahkan jabatan", "Tambah Jabatan"</td>
<td></td>
<td>15</td>
<td>com.dikahadir.runners.RunnerTest1@4218d6a3</td></tr>
<tr>
<td title='com.dikahadir.runners.RunnerTest1.runScenario()'><b>runScenario</b><br>Test class: com.dikahadir.runners.RunnerTest1<br>Test method: Runs Cucumber Scenarios<br>Parameters: "Batal menambah jabatan dengan menekan tombol batal pada form tambah jabatan", "Tambah Jabatan"</td>
<td></td>
<td>17</td>
<td>com.dikahadir.runners.RunnerTest1@4218d6a3</td></tr>
<tr>
<td title='com.dikahadir.runners.RunnerTest1.runScenario()'><b>runScenario</b><br>Test class: com.dikahadir.runners.RunnerTest1<br>Test method: Runs Cucumber Scenarios<br>Parameters: "Validasi tombol batal", "Edit Jabatan"</td>
<td></td>
<td>18</td>
<td>com.dikahadir.runners.RunnerTest1@4218d6a3</td></tr>
<tr>
<td title='com.dikahadir.runners.RunnerTest1.runScenario()'><b>runScenario</b><br>Test class: com.dikahadir.runners.RunnerTest1<br>Test method: Runs Cucumber Scenarios<br>Parameters: "Tambah jabatan baru dengan data nama yang sudah ada tetapi level berbeda", "Tambah Jabatan"</td>
<td></td>
<td>18</td>
<td>com.dikahadir.runners.RunnerTest1@4218d6a3</td></tr>
<tr>
<td title='com.dikahadir.runners.RunnerTest1.runScenario()'><b>runScenario</b><br>Test class: com.dikahadir.runners.RunnerTest1<br>Test method: Runs Cucumber Scenarios<br>Parameters: "Validasi field kosong saat mengubah data jabatan", "Edit Jabatan"</td>
<td></td>
<td>42</td>
<td>com.dikahadir.runners.RunnerTest1@4218d6a3</td></tr>
<tr>
<td title='com.dikahadir.runners.RunnerTest1.runScenario()'><b>runScenario</b><br>Test class: com.dikahadir.runners.RunnerTest1<br>Test method: Runs Cucumber Scenarios<br>Parameters: "Search jabatan dengan level yang tidak ada", "Search Level Jabatan"</td>
<td></td>
<td>13</td>
<td>com.dikahadir.runners.RunnerTest1@4218d6a3</td></tr>
<tr>
<td title='com.dikahadir.runners.RunnerTest1.runScenario()'><b>runScenario</b><br>Test class: com.dikahadir.runners.RunnerTest1<br>Test method: Runs Cucumber Scenarios<br>Parameters: "Mengubah nama jabatan tetapi level tidak diubah", "Edit Jabatan"</td>
<td></td>
<td>18</td>
<td>com.dikahadir.runners.RunnerTest1@4218d6a3</td></tr>
<tr>
<td title='com.dikahadir.runners.RunnerTest1.runScenario()'><b>runScenario</b><br>Test class: com.dikahadir.runners.RunnerTest1<br>Test method: Runs Cucumber Scenarios<br>Parameters: "Validasi field kosong saat mengubah data jabatan", "Edit Jabatan"</td>
<td></td>
<td>19</td>
<td>com.dikahadir.runners.RunnerTest1@4218d6a3</td></tr>
<tr>
<td title='com.dikahadir.runners.RunnerTest1.runScenario()'><b>runScenario</b><br>Test class: com.dikahadir.runners.RunnerTest1<br>Test method: Runs Cucumber Scenarios<br>Parameters: "Search jabatan berdasarkan level", "Search Level Jabatan"</td>
<td></td>
<td>14</td>
<td>com.dikahadir.runners.RunnerTest1@4218d6a3</td></tr>
<tr>
<td title='com.dikahadir.runners.RunnerTest1.runScenario()'><b>runScenario</b><br>Test class: com.dikahadir.runners.RunnerTest1<br>Test method: Runs Cucumber Scenarios<br>Parameters: "Tambah jabatan baru dengan data  Nama baru dan level yang sudah ada", "Tambah Jabatan"</td>
<td></td>
<td>18</td>
<td>com.dikahadir.runners.RunnerTest1@4218d6a3</td></tr>
<tr>
<td title='com.dikahadir.runners.RunnerTest1.runScenario()'><b>runScenario</b><br>Test class: com.dikahadir.runners.RunnerTest1<br>Test method: Runs Cucumber Scenarios<br>Parameters: "Validasi field kosong saat menambahkan jabatan", "Tambah Jabatan"</td>
<td></td>
<td>15</td>
<td>com.dikahadir.runners.RunnerTest1@4218d6a3</td></tr>
<tr>
<td title='com.dikahadir.runners.RunnerTest1.runScenario()'><b>runScenario</b><br>Test class: com.dikahadir.runners.RunnerTest1<br>Test method: Runs Cucumber Scenarios<br>Parameters: "Berpindah ke halaman sebelumnya dengan menekan tombol sebelumnya", "Tombol Pagination"</td>
<td></td>
<td>13</td>
<td>com.dikahadir.runners.RunnerTest1@4218d6a3</td></tr>
<tr>
<td title='com.dikahadir.runners.RunnerTest1.runScenario()'><b>runScenario</b><br>Test class: com.dikahadir.runners.RunnerTest1<br>Test method: Runs Cucumber Scenarios<br>Parameters: "Mengubah nama jabatan dengan fitur edit dengan data yang valid.", "Edit Jabatan"</td>
<td></td>
<td>24</td>
<td>com.dikahadir.runners.RunnerTest1@4218d6a3</td></tr>
<tr>
<td title='com.dikahadir.runners.RunnerTest1.runScenario()'><b>runScenario</b><br>Test class: com.dikahadir.runners.RunnerTest1<br>Test method: Runs Cucumber Scenarios<br>Parameters: "Mengubah level jabatan tetapi nama tidak diubah", "Edit Jabatan"</td>
<td></td>
<td>19</td>
<td>com.dikahadir.runners.RunnerTest1@4218d6a3</td></tr>
<tr>
<td title='com.dikahadir.runners.RunnerTest1.runScenario()'><b>runScenario</b><br>Test class: com.dikahadir.runners.RunnerTest1<br>Test method: Runs Cucumber Scenarios<br>Parameters: "Berpindah ke halaman selnajutnya dengan menekan tombol selanjutnya", "Tombol Pagination"</td>
<td></td>
<td>12</td>
<td>com.dikahadir.runners.RunnerTest1@4218d6a3</td></tr>
<tr>
<td title='com.dikahadir.runners.RunnerTest1.runScenario()'><b>runScenario</b><br>Test class: com.dikahadir.runners.RunnerTest1<br>Test method: Runs Cucumber Scenarios<br>Parameters: "Validasi penambahan jabatan dengan data invalid (nama yang sama dan level yang sama,inputan level non numeric,level negtif atau minus)", "Tambah Jabatan"</td>
<td></td>
<td>14</td>
<td>com.dikahadir.runners.RunnerTest1@4218d6a3</td></tr>
<tr>
<td title='com.dikahadir.runners.RunnerTest1.runScenario()'><b>runScenario</b><br>Test class: com.dikahadir.runners.RunnerTest1<br>Test method: Runs Cucumber Scenarios<br>Parameters: "Tambah jabatan baru dengan data nama baru dan level baru", "Tambah Jabatan"</td>
<td></td>
<td>17</td>
<td>com.dikahadir.runners.RunnerTest1@4218d6a3</td></tr>
<tr>
<td title='com.dikahadir.runners.RunnerTest1.runScenario()'><b>runScenario</b><br>Test class: com.dikahadir.runners.RunnerTest1<br>Test method: Runs Cucumber Scenarios<br>Parameters: "Berpindah ke halaman sebelumnya dengan menekan tombol sebelumnya", "Tombol Pagination"</td>
<td></td>
<td>15</td>
<td>com.dikahadir.runners.RunnerTest1@4218d6a3</td></tr>
<tr>
<td title='com.dikahadir.runners.RunnerTest1.runScenario()'><b>runScenario</b><br>Test class: com.dikahadir.runners.RunnerTest1<br>Test method: Runs Cucumber Scenarios<br>Parameters: "Search jabatan dengan input alfabet", "Search Level Jabatan"</td>
<td></td>
<td>14</td>
<td>com.dikahadir.runners.RunnerTest1@4218d6a3</td></tr>
<tr>
<td title='com.dikahadir.runners.RunnerTest1.runScenario()'><b>runScenario</b><br>Test class: com.dikahadir.runners.RunnerTest1<br>Test method: Runs Cucumber Scenarios<br>Parameters: "Reset filter setelah melakukan pencarian", "Reset Search Level Jabatan"</td>
<td></td>
<td>16</td>
<td>com.dikahadir.runners.RunnerTest1@4218d6a3</td></tr>
<tr>
<td title='com.dikahadir.runners.RunnerTest1.runScenario()'><b>runScenario</b><br>Test class: com.dikahadir.runners.RunnerTest1<br>Test method: Runs Cucumber Scenarios<br>Parameters: "Batal menghapus jabatan dengan menekan tombol batal pada form hapus jabatan", "Hapus Jabatan"</td>
<td></td>
<td>20</td>
<td>com.dikahadir.runners.RunnerTest1@4218d6a3</td></tr>
</table><p>
</body>
</html>