<?xml version="1.0" encoding="UTF-8"?>
<testng-results ignored="0" total="25" passed="23" failed="2" skipped="0">
  <reporter-output>
  </reporter-output>
  <suite started-at="2025-08-25T08:59:49 WIB" name="Main Test" finished-at="2025-08-25T09:08:02 WIB" duration-ms="493655">
    <groups>
      <group name="cucumber">
        <method signature="AbstractTestNGCucumberTests.runScenario(io.cucumber.testng.PickleWrapper,io.cucumber.testng.FeatureWrapper)[pri:0, instance:com.dikahadir.runners.RunnerJabatanTest@4218d6a3]" name="runScenario" class="io.cucumber.testng.AbstractTestNGCucumberTests"/>
      </group> <!-- cucumber -->
    </groups>
    <test started-at="2025-08-25T08:59:49 WIB" name="Test Math" finished-at="2025-08-25T09:08:02 WIB" duration-ms="493655">
      <class name="com.dikahadir.runners.RunnerJabatanTest">
        <test-method is-config="true" signature="setUpClass(org.testng.ITestContext)[pri:0, instance:com.dikahadir.runners.RunnerJabatanTest@4218d6a3]" started-at="2025-08-25T08:59:49 WIB" name="setUpClass" finished-at="2025-08-25T08:59:49 WIB" duration-ms="929" status="PASS">
          <params>
            <param index="0">
              <value>
                <![CDATA[org.testng.TestRunner@2d094add]]>
              </value>
            </param>
          </params>
          <reporter-output>
          </reporter-output>
        </test-method> <!-- setUpClass -->
        <test-method signature="runScenario(io.cucumber.testng.PickleWrapper,io.cucumber.testng.FeatureWrapper)[pri:0, instance:com.dikahadir.runners.RunnerJabatanTest@4218d6a3]" started-at="2025-08-25T08:59:50 WIB" name="runScenario" description="Runs Cucumber Scenarios" data-provider="scenarios" finished-at="2025-08-25T09:00:27 WIB" duration-ms="37490" status="PASS">
          <params>
            <param index="0">
              <value>
                <![CDATA["Mengubah nama jabatan dengan fitur edit dengan data yang valid."]]>
              </value>
            </param>
            <param index="1">
              <value>
                <![CDATA["Edit Jabatan"]]>
              </value>
            </param>
          </params>
          <reporter-output>
          </reporter-output>
        </test-method> <!-- runScenario -->
        <test-method signature="runScenario(io.cucumber.testng.PickleWrapper,io.cucumber.testng.FeatureWrapper)[pri:0, instance:com.dikahadir.runners.RunnerJabatanTest@4218d6a3]" started-at="2025-08-25T09:00:27 WIB" name="runScenario" description="Runs Cucumber Scenarios" data-provider="scenarios" finished-at="2025-08-25T09:00:49 WIB" duration-ms="22393" status="PASS">
          <params>
            <param index="0">
              <value>
                <![CDATA["Mengubah nama jabatan tetapi level tidak diubah"]]>
              </value>
            </param>
            <param index="1">
              <value>
                <![CDATA["Edit Jabatan"]]>
              </value>
            </param>
          </params>
          <reporter-output>
          </reporter-output>
        </test-method> <!-- runScenario -->
        <test-method signature="runScenario(io.cucumber.testng.PickleWrapper,io.cucumber.testng.FeatureWrapper)[pri:0, instance:com.dikahadir.runners.RunnerJabatanTest@4218d6a3]" started-at="2025-08-25T09:00:49 WIB" name="runScenario" description="Runs Cucumber Scenarios" data-provider="scenarios" finished-at="2025-08-25T09:01:10 WIB" duration-ms="21014" status="PASS">
          <params>
            <param index="0">
              <value>
                <![CDATA["Mengubah level jabatan tetapi nama tidak diubah"]]>
              </value>
            </param>
            <param index="1">
              <value>
                <![CDATA["Edit Jabatan"]]>
              </value>
            </param>
          </params>
          <reporter-output>
          </reporter-output>
        </test-method> <!-- runScenario -->
        <test-method signature="runScenario(io.cucumber.testng.PickleWrapper,io.cucumber.testng.FeatureWrapper)[pri:0, instance:com.dikahadir.runners.RunnerJabatanTest@4218d6a3]" started-at="2025-08-25T09:01:10 WIB" name="runScenario" description="Runs Cucumber Scenarios" data-provider="scenarios" finished-at="2025-08-25T09:01:30 WIB" duration-ms="19246" status="FAIL">
          <params>
            <param index="0">
              <value>
                <![CDATA["Mengubah nama jabatan dan level jabatan dengan nama jabatan dan level jabatan yang sudah ada,inputan level mengandung angka negtif"]]>
              </value>
            </param>
            <param index="1">
              <value>
                <![CDATA["Edit Jabatan"]]>
              </value>
            </param>
          </params>
          <exception class="java.lang.AssertionError">
            <message>
              <![CDATA[Pesan sukses tidak sesuai expected [Gagal Edit Jabatan] but found [Berhasil Edit Jabatan]]]>
            </message>
            <full-stacktrace>
              <![CDATA[java.lang.AssertionError: Pesan sukses tidak sesuai expected [Gagal Edit Jabatan] but found [Berhasil Edit Jabatan]
at org.testng.Assert.fail(Assert.java:111)
at org.testng.Assert.failNotEquals(Assert.java:1578)
at org.testng.Assert.assertEqualsImpl(Assert.java:150)
at org.testng.Assert.assertEquals(Assert.java:132)
at org.testng.Assert.assertEquals(Assert.java:656)
at com.dikahadir.definitions.jabatan.EditJabatanTest.sistemMenampilkanPesan(EditJabatanTest.java:59)
at ✽.sistem akan menampilkan pesan "Gagal Edit Jabatan"(file:///C:/Hegar/sqabatch23/TA/web_hadir/src/test/resources/features/jabatan/EditJabatan.feature:51)
]]>
            </full-stacktrace>
          </exception> <!-- java.lang.AssertionError -->
          <reporter-output>
          </reporter-output>
        </test-method> <!-- runScenario -->
        <test-method signature="runScenario(io.cucumber.testng.PickleWrapper,io.cucumber.testng.FeatureWrapper)[pri:0, instance:com.dikahadir.runners.RunnerJabatanTest@4218d6a3]" started-at="2025-08-25T09:01:30 WIB" name="runScenario" description="Runs Cucumber Scenarios" data-provider="scenarios" finished-at="2025-08-25T09:01:49 WIB" duration-ms="18911" status="PASS">
          <params>
            <param index="0">
              <value>
                <![CDATA["Validasi field kosong saat mengubah data jabatan"]]>
              </value>
            </param>
            <param index="1">
              <value>
                <![CDATA["Edit Jabatan"]]>
              </value>
            </param>
          </params>
          <reporter-output>
          </reporter-output>
        </test-method> <!-- runScenario -->
        <test-method signature="runScenario(io.cucumber.testng.PickleWrapper,io.cucumber.testng.FeatureWrapper)[pri:0, instance:com.dikahadir.runners.RunnerJabatanTest@4218d6a3]" started-at="2025-08-25T09:01:49 WIB" name="runScenario" description="Runs Cucumber Scenarios" data-provider="scenarios" finished-at="2025-08-25T09:02:10 WIB" duration-ms="21238" status="PASS">
          <params>
            <param index="0">
              <value>
                <![CDATA["Validasi field kosong saat mengubah data jabatan"]]>
              </value>
            </param>
            <param index="1">
              <value>
                <![CDATA["Edit Jabatan"]]>
              </value>
            </param>
          </params>
          <reporter-output>
          </reporter-output>
        </test-method> <!-- runScenario -->
        <test-method signature="runScenario(io.cucumber.testng.PickleWrapper,io.cucumber.testng.FeatureWrapper)[pri:0, instance:com.dikahadir.runners.RunnerJabatanTest@4218d6a3]" started-at="2025-08-25T09:02:10 WIB" name="runScenario" description="Runs Cucumber Scenarios" data-provider="scenarios" finished-at="2025-08-25T09:02:32 WIB" duration-ms="22398" status="PASS">
          <params>
            <param index="0">
              <value>
                <![CDATA["Validasi batal mengubah data jabatan"]]>
              </value>
            </param>
            <param index="1">
              <value>
                <![CDATA["Edit Jabatan"]]>
              </value>
            </param>
          </params>
          <reporter-output>
          </reporter-output>
        </test-method> <!-- runScenario -->
        <test-method signature="runScenario(io.cucumber.testng.PickleWrapper,io.cucumber.testng.FeatureWrapper)[pri:0, instance:com.dikahadir.runners.RunnerJabatanTest@4218d6a3]" started-at="2025-08-25T09:02:32 WIB" name="runScenario" description="Runs Cucumber Scenarios" data-provider="scenarios" finished-at="2025-08-25T09:02:54 WIB" duration-ms="22174" status="FAIL">
          <params>
            <param index="0">
              <value>
                <![CDATA["Menghapus data jabatan dengan feature delete pada tabel jabatan"]]>
              </value>
            </param>
            <param index="1">
              <value>
                <![CDATA["Hapus Jabatan"]]>
              </value>
            </param>
          </params>
          <exception class="java.lang.AssertionError">
            <message>
              <![CDATA[Pesan sukses tidak sesuai expected [Berhasil Delete Jabatan] but found [Gagal Delete Jabatan]]]>
            </message>
            <full-stacktrace>
              <![CDATA[java.lang.AssertionError: Pesan sukses tidak sesuai expected [Berhasil Delete Jabatan] but found [Gagal Delete Jabatan]
at org.testng.Assert.fail(Assert.java:111)
at org.testng.Assert.failNotEquals(Assert.java:1578)
at org.testng.Assert.assertEqualsImpl(Assert.java:150)
at org.testng.Assert.assertEquals(Assert.java:132)
at org.testng.Assert.assertEquals(Assert.java:656)
at com.dikahadir.definitions.jabatan.HapusJabatan.pesanSukses(HapusJabatan.java:47)
at ✽.pesan sukses "Berhasil Delete Jabatan" akan diatmpilkan sistem(file:///C:/Hegar/sqabatch23/TA/web_hadir/src/test/resources/features/jabatan/HapusJabatan.feature:10)
]]>
            </full-stacktrace>
          </exception> <!-- java.lang.AssertionError -->
          <reporter-output>
          </reporter-output>
        </test-method> <!-- runScenario -->
        <test-method signature="runScenario(io.cucumber.testng.PickleWrapper,io.cucumber.testng.FeatureWrapper)[pri:0, instance:com.dikahadir.runners.RunnerJabatanTest@4218d6a3]" started-at="2025-08-25T09:02:54 WIB" name="runScenario" description="Runs Cucumber Scenarios" data-provider="scenarios" finished-at="2025-08-25T09:03:20 WIB" duration-ms="25429" status="PASS">
          <params>
            <param index="0">
              <value>
                <![CDATA["Batal menghapus jabatan dengan menekan tombol batal pada form hapus jabatan"]]>
              </value>
            </param>
            <param index="1">
              <value>
                <![CDATA["Hapus Jabatan"]]>
              </value>
            </param>
          </params>
          <reporter-output>
          </reporter-output>
        </test-method> <!-- runScenario -->
        <test-method signature="runScenario(io.cucumber.testng.PickleWrapper,io.cucumber.testng.FeatureWrapper)[pri:0, instance:com.dikahadir.runners.RunnerJabatanTest@4218d6a3]" started-at="2025-08-25T09:03:20 WIB" name="runScenario" description="Runs Cucumber Scenarios" data-provider="scenarios" finished-at="2025-08-25T09:03:37 WIB" duration-ms="16920" status="PASS">
          <params>
            <param index="0">
              <value>
                <![CDATA["Berpindah ke halaman selnajutnya dengan menekan tombol selanjutnya"]]>
              </value>
            </param>
            <param index="1">
              <value>
                <![CDATA["Tombol Pagination"]]>
              </value>
            </param>
          </params>
          <reporter-output>
          </reporter-output>
        </test-method> <!-- runScenario -->
        <test-method signature="runScenario(io.cucumber.testng.PickleWrapper,io.cucumber.testng.FeatureWrapper)[pri:0, instance:com.dikahadir.runners.RunnerJabatanTest@4218d6a3]" started-at="2025-08-25T09:03:37 WIB" name="runScenario" description="Runs Cucumber Scenarios" data-provider="scenarios" finished-at="2025-08-25T09:03:58 WIB" duration-ms="21482" status="PASS">
          <params>
            <param index="0">
              <value>
                <![CDATA["Berpindah ke halaman sebelumnya dengan menekan tombol sebelumnya"]]>
              </value>
            </param>
            <param index="1">
              <value>
                <![CDATA["Tombol Pagination"]]>
              </value>
            </param>
          </params>
          <reporter-output>
          </reporter-output>
        </test-method> <!-- runScenario -->
        <test-method signature="runScenario(io.cucumber.testng.PickleWrapper,io.cucumber.testng.FeatureWrapper)[pri:0, instance:com.dikahadir.runners.RunnerJabatanTest@4218d6a3]" started-at="2025-08-25T09:03:58 WIB" name="runScenario" description="Runs Cucumber Scenarios" data-provider="scenarios" finished-at="2025-08-25T09:04:14 WIB" duration-ms="15519" status="PASS">
          <params>
            <param index="0">
              <value>
                <![CDATA["Berpindah ke halaman sebelumnya dengan menekan tombol sebelumnya"]]>
              </value>
            </param>
            <param index="1">
              <value>
                <![CDATA["Tombol Pagination"]]>
              </value>
            </param>
          </params>
          <reporter-output>
          </reporter-output>
        </test-method> <!-- runScenario -->
        <test-method signature="runScenario(io.cucumber.testng.PickleWrapper,io.cucumber.testng.FeatureWrapper)[pri:0, instance:com.dikahadir.runners.RunnerJabatanTest@4218d6a3]" started-at="2025-08-25T09:04:14 WIB" name="runScenario" description="Runs Cucumber Scenarios" data-provider="scenarios" finished-at="2025-08-25T09:04:30 WIB" duration-ms="15838" status="PASS">
          <params>
            <param index="0">
              <value>
                <![CDATA["Berpindah ke halaman sebelumnya dengan menekan tombol sebelumnya"]]>
              </value>
            </param>
            <param index="1">
              <value>
                <![CDATA["Tombol Pagination"]]>
              </value>
            </param>
          </params>
          <reporter-output>
          </reporter-output>
        </test-method> <!-- runScenario -->
        <test-method signature="runScenario(io.cucumber.testng.PickleWrapper,io.cucumber.testng.FeatureWrapper)[pri:0, instance:com.dikahadir.runners.RunnerJabatanTest@4218d6a3]" started-at="2025-08-25T09:04:30 WIB" name="runScenario" description="Runs Cucumber Scenarios" data-provider="scenarios" finished-at="2025-08-25T09:04:44 WIB" duration-ms="14300" status="PASS">
          <params>
            <param index="0">
              <value>
                <![CDATA["Reset filter setelah melakukan pencarian"]]>
              </value>
            </param>
            <param index="1">
              <value>
                <![CDATA["Reset Search Level Jabatan"]]>
              </value>
            </param>
          </params>
          <reporter-output>
          </reporter-output>
        </test-method> <!-- runScenario -->
        <test-method signature="runScenario(io.cucumber.testng.PickleWrapper,io.cucumber.testng.FeatureWrapper)[pri:0, instance:com.dikahadir.runners.RunnerJabatanTest@4218d6a3]" started-at="2025-08-25T09:04:44 WIB" name="runScenario" description="Runs Cucumber Scenarios" data-provider="scenarios" finished-at="2025-08-25T09:04:57 WIB" duration-ms="12923" status="PASS">
          <params>
            <param index="0">
              <value>
                <![CDATA["Search jabatan berdasarkan level"]]>
              </value>
            </param>
            <param index="1">
              <value>
                <![CDATA["Search Level Jabatan"]]>
              </value>
            </param>
          </params>
          <reporter-output>
          </reporter-output>
        </test-method> <!-- runScenario -->
        <test-method signature="runScenario(io.cucumber.testng.PickleWrapper,io.cucumber.testng.FeatureWrapper)[pri:0, instance:com.dikahadir.runners.RunnerJabatanTest@4218d6a3]" started-at="2025-08-25T09:04:57 WIB" name="runScenario" description="Runs Cucumber Scenarios" data-provider="scenarios" finished-at="2025-08-25T09:05:11 WIB" duration-ms="13952" status="PASS">
          <params>
            <param index="0">
              <value>
                <![CDATA["Search jabatan dengan level yang tidak ada"]]>
              </value>
            </param>
            <param index="1">
              <value>
                <![CDATA["Search Level Jabatan"]]>
              </value>
            </param>
          </params>
          <reporter-output>
          </reporter-output>
        </test-method> <!-- runScenario -->
        <test-method signature="runScenario(io.cucumber.testng.PickleWrapper,io.cucumber.testng.FeatureWrapper)[pri:0, instance:com.dikahadir.runners.RunnerJabatanTest@4218d6a3]" started-at="2025-08-25T09:05:11 WIB" name="runScenario" description="Runs Cucumber Scenarios" data-provider="scenarios" finished-at="2025-08-25T09:05:32 WIB" duration-ms="20834" status="PASS">
          <params>
            <param index="0">
              <value>
                <![CDATA["Search jabatan dengan input alfabet"]]>
              </value>
            </param>
            <param index="1">
              <value>
                <![CDATA["Search Level Jabatan"]]>
              </value>
            </param>
          </params>
          <reporter-output>
          </reporter-output>
        </test-method> <!-- runScenario -->
        <test-method signature="runScenario(io.cucumber.testng.PickleWrapper,io.cucumber.testng.FeatureWrapper)[pri:0, instance:com.dikahadir.runners.RunnerJabatanTest@4218d6a3]" started-at="2025-08-25T09:05:32 WIB" name="runScenario" description="Runs Cucumber Scenarios" data-provider="scenarios" finished-at="2025-08-25T09:05:50 WIB" duration-ms="18048" status="PASS">
          <params>
            <param index="0">
              <value>
                <![CDATA["Tambah jabatan baru dengan data nama baru dan level baru"]]>
              </value>
            </param>
            <param index="1">
              <value>
                <![CDATA["Tambah Jabatan"]]>
              </value>
            </param>
          </params>
          <reporter-output>
          </reporter-output>
        </test-method> <!-- runScenario -->
        <test-method signature="runScenario(io.cucumber.testng.PickleWrapper,io.cucumber.testng.FeatureWrapper)[pri:0, instance:com.dikahadir.runners.RunnerJabatanTest@4218d6a3]" started-at="2025-08-25T09:05:50 WIB" name="runScenario" description="Runs Cucumber Scenarios" data-provider="scenarios" finished-at="2025-08-25T09:06:07 WIB" duration-ms="17259" status="PASS">
          <params>
            <param index="0">
              <value>
                <![CDATA["Tambah jabatan baru dengan data nama yang sudah ada tetapi level berbeda"]]>
              </value>
            </param>
            <param index="1">
              <value>
                <![CDATA["Tambah Jabatan"]]>
              </value>
            </param>
          </params>
          <reporter-output>
          </reporter-output>
        </test-method> <!-- runScenario -->
        <test-method signature="runScenario(io.cucumber.testng.PickleWrapper,io.cucumber.testng.FeatureWrapper)[pri:0, instance:com.dikahadir.runners.RunnerJabatanTest@4218d6a3]" started-at="2025-08-25T09:06:07 WIB" name="runScenario" description="Runs Cucumber Scenarios" data-provider="scenarios" finished-at="2025-08-25T09:06:25 WIB" duration-ms="18002" status="PASS">
          <params>
            <param index="0">
              <value>
                <![CDATA["Tambah jabatan baru dengan data  Nama baru dan level yang sudah ada"]]>
              </value>
            </param>
            <param index="1">
              <value>
                <![CDATA["Tambah Jabatan"]]>
              </value>
            </param>
          </params>
          <reporter-output>
          </reporter-output>
        </test-method> <!-- runScenario -->
        <test-method signature="runScenario(io.cucumber.testng.PickleWrapper,io.cucumber.testng.FeatureWrapper)[pri:0, instance:com.dikahadir.runners.RunnerJabatanTest@4218d6a3]" started-at="2025-08-25T09:06:25 WIB" name="runScenario" description="Runs Cucumber Scenarios" data-provider="scenarios" finished-at="2025-08-25T09:06:43 WIB" duration-ms="17442" status="PASS">
          <params>
            <param index="0">
              <value>
                <![CDATA["Validasi penambahan jabatan dengan data invalid (nama yang sama dan level yang sama,inputan level non numeric,level negtif atau minus)"]]>
              </value>
            </param>
            <param index="1">
              <value>
                <![CDATA["Tambah Jabatan"]]>
              </value>
            </param>
          </params>
          <reporter-output>
          </reporter-output>
        </test-method> <!-- runScenario -->
        <test-method signature="runScenario(io.cucumber.testng.PickleWrapper,io.cucumber.testng.FeatureWrapper)[pri:0, instance:com.dikahadir.runners.RunnerJabatanTest@4218d6a3]" started-at="2025-08-25T09:06:43 WIB" name="runScenario" description="Runs Cucumber Scenarios" data-provider="scenarios" finished-at="2025-08-25T09:07:08 WIB" duration-ms="25381" status="PASS">
          <params>
            <param index="0">
              <value>
                <![CDATA["Validasi penambahan jabatan dengan data invalid (nama yang sama dan level yang sama,inputan level non numeric,level negtif atau minus)"]]>
              </value>
            </param>
            <param index="1">
              <value>
                <![CDATA["Tambah Jabatan"]]>
              </value>
            </param>
          </params>
          <reporter-output>
          </reporter-output>
        </test-method> <!-- runScenario -->
        <test-method signature="runScenario(io.cucumber.testng.PickleWrapper,io.cucumber.testng.FeatureWrapper)[pri:0, instance:com.dikahadir.runners.RunnerJabatanTest@4218d6a3]" started-at="2025-08-25T09:07:08 WIB" name="runScenario" description="Runs Cucumber Scenarios" data-provider="scenarios" finished-at="2025-08-25T09:07:25 WIB" duration-ms="16983" status="PASS">
          <params>
            <param index="0">
              <value>
                <![CDATA["Validasi field kosong saat menambahkan jabatan"]]>
              </value>
            </param>
            <param index="1">
              <value>
                <![CDATA["Tambah Jabatan"]]>
              </value>
            </param>
          </params>
          <reporter-output>
          </reporter-output>
        </test-method> <!-- runScenario -->
        <test-method signature="runScenario(io.cucumber.testng.PickleWrapper,io.cucumber.testng.FeatureWrapper)[pri:0, instance:com.dikahadir.runners.RunnerJabatanTest@4218d6a3]" started-at="2025-08-25T09:07:25 WIB" name="runScenario" description="Runs Cucumber Scenarios" data-provider="scenarios" finished-at="2025-08-25T09:07:40 WIB" duration-ms="15195" status="PASS">
          <params>
            <param index="0">
              <value>
                <![CDATA["Validasi field kosong saat menambahkan jabatan"]]>
              </value>
            </param>
            <param index="1">
              <value>
                <![CDATA["Tambah Jabatan"]]>
              </value>
            </param>
          </params>
          <reporter-output>
          </reporter-output>
        </test-method> <!-- runScenario -->
        <test-method signature="runScenario(io.cucumber.testng.PickleWrapper,io.cucumber.testng.FeatureWrapper)[pri:0, instance:com.dikahadir.runners.RunnerJabatanTest@4218d6a3]" started-at="2025-08-25T09:07:40 WIB" name="runScenario" description="Runs Cucumber Scenarios" data-provider="scenarios" finished-at="2025-08-25T09:08:01 WIB" duration-ms="20428" status="PASS">
          <params>
            <param index="0">
              <value>
                <![CDATA["Batal menambah jabatan dengan menekan tombol batal pada form tambah jabatan"]]>
              </value>
            </param>
            <param index="1">
              <value>
                <![CDATA["Tambah Jabatan"]]>
              </value>
            </param>
          </params>
          <reporter-output>
          </reporter-output>
        </test-method> <!-- runScenario -->
        <test-method is-config="true" signature="tearDownClass()[pri:0, instance:com.dikahadir.runners.RunnerJabatanTest@4218d6a3]" started-at="2025-08-25T09:08:01 WIB" name="tearDownClass" finished-at="2025-08-25T09:08:02 WIB" duration-ms="1331" status="PASS">
          <reporter-output>
          </reporter-output>
        </test-method> <!-- tearDownClass -->
      </class> <!-- com.dikahadir.runners.RunnerJabatanTest -->
    </test> <!-- Test Math -->
  </suite> <!-- Main Test -->
</testng-results>
