<?xml version="1.0" encoding="UTF-8"?>
<testng-results ignored="0" total="3" passed="3" failed="0" skipped="0">
  <reporter-output>
  </reporter-output>
  <suite started-at="2025-08-25T02:20:34 WIB" name="Main Test" finished-at="2025-08-25T02:22:17 WIB" duration-ms="103660">
    <groups>
      <group name="cucumber">
        <method signature="AbstractTestNGCucumberTests.runScenario(io.cucumber.testng.PickleWrapper,io.cucumber.testng.FeatureWrapper)[pri:0, instance:com.dikahadir.runners.RunnerAturanCutiTest@4218d6a3]" name="runScenario" class="io.cucumber.testng.AbstractTestNGCucumberTests"/>
      </group> <!-- cucumber -->
    </groups>
    <test started-at="2025-08-25T02:20:34 WIB" name="Test Math" finished-at="2025-08-25T02:22:17 WIB" duration-ms="103660">
      <class name="com.dikahadir.runners.RunnerAturanCutiTest">
        <test-method is-config="true" signature="setUpClass(org.testng.ITestContext)[pri:0, instance:com.dikahadir.runners.RunnerAturanCutiTest@4218d6a3]" started-at="2025-08-25T02:20:34 WIB" name="setUpClass" finished-at="2025-08-25T02:20:34 WIB" duration-ms="747" status="PASS">
          <params>
            <param index="0">
              <value>
                <![CDATA[org.testng.TestRunner@5bf4764d]]>
              </value>
            </param>
          </params>
          <reporter-output>
          </reporter-output>
        </test-method> <!-- setUpClass -->
        <test-method signature="runScenario(io.cucumber.testng.PickleWrapper,io.cucumber.testng.FeatureWrapper)[pri:0, instance:com.dikahadir.runners.RunnerAturanCutiTest@4218d6a3]" started-at="2025-08-25T02:20:34 WIB" name="runScenario" description="Runs Cucumber Scenarios" data-provider="scenarios" finished-at="2025-08-25T02:21:18 WIB" duration-ms="43763" status="PASS">
          <params>
            <param index="0">
              <value>
                <![CDATA["mengedit aturan cuti dengan data valid"]]>
              </value>
            </param>
            <param index="1">
              <value>
                <![CDATA["Edit Aturan Cuti"]]>
              </value>
            </param>
          </params>
          <reporter-output>
          </reporter-output>
        </test-method> <!-- runScenario -->
        <test-method signature="runScenario(io.cucumber.testng.PickleWrapper,io.cucumber.testng.FeatureWrapper)[pri:0, instance:com.dikahadir.runners.RunnerAturanCutiTest@4218d6a3]" started-at="2025-08-25T02:21:18 WIB" name="runScenario" description="Runs Cucumber Scenarios" data-provider="scenarios" finished-at="2025-08-25T02:21:52 WIB" duration-ms="33490" status="PASS">
          <params>
            <param index="0">
              <value>
                <![CDATA["Mengedit aturan cuti dengan  field kosong"]]>
              </value>
            </param>
            <param index="1">
              <value>
                <![CDATA["Edit Aturan Cuti"]]>
              </value>
            </param>
          </params>
          <reporter-output>
          </reporter-output>
        </test-method> <!-- runScenario -->
        <test-method signature="runScenario(io.cucumber.testng.PickleWrapper,io.cucumber.testng.FeatureWrapper)[pri:0, instance:com.dikahadir.runners.RunnerAturanCutiTest@4218d6a3]" started-at="2025-08-25T02:21:52 WIB" name="runScenario" description="Runs Cucumber Scenarios" data-provider="scenarios" finished-at="2025-08-25T02:22:16 WIB" duration-ms="24507" status="PASS">
          <params>
            <param index="0">
              <value>
                <![CDATA["Batal Edit"]]>
              </value>
            </param>
            <param index="1">
              <value>
                <![CDATA["Edit Aturan Cuti"]]>
              </value>
            </param>
          </params>
          <reporter-output>
          </reporter-output>
        </test-method> <!-- runScenario -->
        <test-method is-config="true" signature="tearDownClass()[pri:0, instance:com.dikahadir.runners.RunnerAturanCutiTest@4218d6a3]" started-at="2025-08-25T02:22:16 WIB" name="tearDownClass" finished-at="2025-08-25T02:22:17 WIB" duration-ms="1016" status="PASS">
          <reporter-output>
          </reporter-output>
        </test-method> <!-- tearDownClass -->
      </class> <!-- com.dikahadir.runners.RunnerAturanCutiTest -->
    </test> <!-- Test Math -->
  </suite> <!-- Main Test -->
</testng-results>
