<?xml version="1.0" encoding="UTF-8"?>
<testng-results ignored="0" total="4" passed="3" failed="1" skipped="0">
  <reporter-output>
  </reporter-output>
  <suite started-at="2025-08-24T02:08:20 WIB" name="Main Test" finished-at="2025-08-24T02:09:52 WIB" duration-ms="91904">
    <groups>
      <group name="cucumber">
        <method signature="AbstractTestNGCucumberTests.runScenario(io.cucumber.testng.PickleWrapper,io.cucumber.testng.FeatureWrapper)[pri:0, instance:com.dikahadir.runners.RunnerAturanCutiTest@4218d6a3]" name="runScenario" class="io.cucumber.testng.AbstractTestNGCucumberTests"/>
      </group> <!-- cucumber -->
    </groups>
    <test started-at="2025-08-24T02:08:20 WIB" name="Test Math" finished-at="2025-08-24T02:09:52 WIB" duration-ms="91904">
      <class name="com.dikahadir.runners.RunnerAturanCutiTest">
        <test-method is-config="true" signature="setUpClass(org.testng.ITestContext)[pri:0, instance:com.dikahadir.runners.RunnerAturanCutiTest@4218d6a3]" started-at="2025-08-24T02:08:20 WIB" name="setUpClass" finished-at="2025-08-24T02:08:21 WIB" duration-ms="1178" status="PASS">
          <params>
            <param index="0">
              <value>
                <![CDATA[org.testng.TestRunner@54247647]]>
              </value>
            </param>
          </params>
          <reporter-output>
          </reporter-output>
        </test-method> <!-- setUpClass -->
        <test-method signature="runScenario(io.cucumber.testng.PickleWrapper,io.cucumber.testng.FeatureWrapper)[pri:0, instance:com.dikahadir.runners.RunnerAturanCutiTest@4218d6a3]" started-at="2025-08-24T02:08:21 WIB" name="runScenario" description="Runs Cucumber Scenarios" data-provider="scenarios" finished-at="2025-08-24T02:08:50 WIB" duration-ms="28620" status="PASS">
          <params>
            <param index="0">
              <value>
                <![CDATA["Pencarian aturan cuti"]]>
              </value>
            </param>
            <param index="1">
              <value>
                <![CDATA["Tombol Reset"]]>
              </value>
            </param>
          </params>
          <reporter-output>
          </reporter-output>
        </test-method> <!-- runScenario -->
        <test-method signature="runScenario(io.cucumber.testng.PickleWrapper,io.cucumber.testng.FeatureWrapper)[pri:0, instance:com.dikahadir.runners.RunnerAturanCutiTest@4218d6a3]" started-at="2025-08-24T02:08:50 WIB" name="runScenario" description="Runs Cucumber Scenarios" data-provider="scenarios" finished-at="2025-08-24T02:09:10 WIB" duration-ms="19574" status="PASS">
          <params>
            <param index="0">
              <value>
                <![CDATA["Pencarian aturan cuti"]]>
              </value>
            </param>
            <param index="1">
              <value>
                <![CDATA["Tombol Search"]]>
              </value>
            </param>
          </params>
          <reporter-output>
          </reporter-output>
        </test-method> <!-- runScenario -->
        <test-method signature="runScenario(io.cucumber.testng.PickleWrapper,io.cucumber.testng.FeatureWrapper)[pri:0, instance:com.dikahadir.runners.RunnerAturanCutiTest@4218d6a3]" started-at="2025-08-24T02:09:10 WIB" name="runScenario" description="Runs Cucumber Scenarios" data-provider="scenarios" finished-at="2025-08-24T02:09:28 WIB" duration-ms="18800" status="PASS">
          <params>
            <param index="0">
              <value>
                <![CDATA["Tambah aturan cuti baru dengan data valid"]]>
              </value>
            </param>
            <param index="1">
              <value>
                <![CDATA["Tambah Aturan Cuti"]]>
              </value>
            </param>
          </params>
          <reporter-output>
          </reporter-output>
        </test-method> <!-- runScenario -->
        <test-method signature="runScenario(io.cucumber.testng.PickleWrapper,io.cucumber.testng.FeatureWrapper)[pri:0, instance:com.dikahadir.runners.RunnerAturanCutiTest@4218d6a3]" started-at="2025-08-24T02:09:28 WIB" name="runScenario" description="Runs Cucumber Scenarios" data-provider="scenarios" finished-at="2025-08-24T02:09:51 WIB" duration-ms="22395" status="FAIL">
          <params>
            <param index="0">
              <value>
                <![CDATA["Tambah aturan cuti dengan data invalid"]]>
              </value>
            </param>
            <param index="1">
              <value>
                <![CDATA["Tambah Aturan Cuti"]]>
              </value>
            </param>
          </params>
          <exception class="java.lang.AssertionError">
            <message>
              <![CDATA[Pesan sukses tidak sesuai! expected [Gagal Membuat Aturan Cuti] but found [Sukses Membuat Aturan Cuti]]]>
            </message>
            <full-stacktrace>
              <![CDATA[java.lang.AssertionError: Pesan sukses tidak sesuai! expected [Gagal Membuat Aturan Cuti] but found [Sukses Membuat Aturan Cuti]
at org.testng.Assert.fail(Assert.java:111)
at org.testng.Assert.failNotEquals(Assert.java:1578)
at org.testng.Assert.assertEqualsImpl(Assert.java:150)
at org.testng.Assert.assertEquals(Assert.java:132)
at org.testng.Assert.assertEquals(Assert.java:656)
at com.dikahadir.definitions.aturancuti.TambahAturanCutiTest.aturanCutiBerhasilDitambahkan(TambahAturanCutiTest.java:63)
at ✽.sistem menampilkan pesan "Gagal Membuat Aturan Cuti"(file:///C:/Hegar/sqabatch23/TA/web_hadir/src/test/resources/features/aturancuti/TambahAturanCuti.feature:30)
]]>
            </full-stacktrace>
          </exception> <!-- java.lang.AssertionError -->
          <reporter-output>
          </reporter-output>
        </test-method> <!-- runScenario -->
        <test-method is-config="true" signature="tearDownClass()[pri:0, instance:com.dikahadir.runners.RunnerAturanCutiTest@4218d6a3]" started-at="2025-08-24T02:09:51 WIB" name="tearDownClass" finished-at="2025-08-24T02:09:52 WIB" duration-ms="1234" status="PASS">
          <reporter-output>
          </reporter-output>
        </test-method> <!-- tearDownClass -->
      </class> <!-- com.dikahadir.runners.RunnerAturanCutiTest -->
    </test> <!-- Test Math -->
  </suite> <!-- Main Test -->
</testng-results>
