<?xml version="1.0" encoding="UTF-8"?>
<testng-results ignored="0" total="23" passed="13" failed="10" skipped="0">
  <reporter-output>
  </reporter-output>
  <suite started-at="2025-08-22T03:23:34 WIB" name="Main Test" finished-at="2025-08-22T03:30:41 WIB" duration-ms="426946">
    <groups>
      <group name="cucumber">
        <method signature="AbstractTestNGCucumberTests.runScenario(io.cucumber.testng.PickleWrapper,io.cucumber.testng.FeatureWrapper)[pri:0, instance:com.dikahadir.runners.RunnerJabatanTest@4218d6a3]" name="runScenario" class="io.cucumber.testng.AbstractTestNGCucumberTests"/>
      </group> <!-- cucumber -->
    </groups>
    <test started-at="2025-08-22T03:23:34 WIB" name="Test Math" finished-at="2025-08-22T03:30:41 WIB" duration-ms="426946">
      <class name="com.dikahadir.runners.RunnerJabatanTest">
        <test-method is-config="true" signature="setUpClass(org.testng.ITestContext)[pri:0, instance:com.dikahadir.runners.RunnerJabatanTest@4218d6a3]" started-at="2025-08-22T03:23:34 WIB" name="setUpClass" finished-at="2025-08-22T03:23:35 WIB" duration-ms="836" status="PASS">
          <params>
            <param index="0">
              <value>
                <![CDATA[org.testng.TestRunner@3e92bded]]>
              </value>
            </param>
          </params>
          <reporter-output>
          </reporter-output>
        </test-method> <!-- setUpClass -->
        <test-method signature="runScenario(io.cucumber.testng.PickleWrapper,io.cucumber.testng.FeatureWrapper)[pri:0, instance:com.dikahadir.runners.RunnerJabatanTest@4218d6a3]" started-at="2025-08-22T03:23:35 WIB" name="runScenario" description="Runs Cucumber Scenarios" data-provider="scenarios" finished-at="2025-08-22T03:23:48 WIB" duration-ms="13800" status="FAIL">
          <params>
            <param index="0">
              <value>
                <![CDATA["Mengubah nama jabatan dengan fitur edit dengan data yang valid."]]>
              </value>
            </param>
            <param index="1">
              <value>
                <![CDATA["Edit Jabatan"]]>
              </value>
            </param>
          </params>
          <exception class="org.openqa.selenium.ElementClickInterceptedException">
            <message>
              <![CDATA[Element <button class="MuiButtonBase-root MuiIconButton-root MuiIconButton-sizeLarge css-1ro73q1" type="button"> is not clickable at point (1226,24) because another element <svg class="feather feather-chevron-down "> obscures it
Build info: version: '4.34.0', revision: '707dcb4246*'
System info: os.name: 'Windows 11', os.arch: 'amd64', os.version: '10.0', java.version: '21.0.8'
Driver info: org.openqa.selenium.firefox.FirefoxDriver
Command: [39fb3c23-2102-4fec-ba92-b2bd7ca3a1a0, clickElement {id=b80edaed-a721-4191-83bf-0c696930a557}]
Capabilities {acceptInsecureCerts: true, browserName: firefox, browserVersion: 142.0, moz:accessibilityChecks: false, moz:buildID: 20250811145442, moz:geckodriverVersion: 0.36.0, moz:headless: false, moz:platformVersion: 10.0, moz:processID: 59760, moz:profile: C:\Users\LENOVO\AppData\Loc..., moz:shutdownTimeout: 60000, moz:webdriverClick: true, moz:windowless: false, pageLoadStrategy: normal, platformName: windows, proxy: Proxy(), setWindowRect: true, strictFileInteractability: false, timeouts: {implicit: 0, pageLoad: 300000, script: 30000}, unhandledPromptBehavior: dismiss and notify, userAgent: Mozilla/5.0 (Windows NT 10....}
Element: [[FirefoxDriver: firefox on windows (39fb3c23-2102-4fec-ba92-b2bd7ca3a1a0)] -> xpath: //table//tr[td[normalize-space()='APV']]//button[contains(@class,'MuiButtonBase-root')]]
Session ID: 39fb3c23-2102-4fec-ba92-b2bd7ca3a1a0]]>
            </message>
            <full-stacktrace>
              <![CDATA[org.openqa.selenium.ElementClickInterceptedException: Element <button class="MuiButtonBase-root MuiIconButton-root MuiIconButton-sizeLarge css-1ro73q1" type="button"> is not clickable at point (1226,24) because another element <svg class="feather feather-chevron-down "> obscures it
Build info: version: '4.34.0', revision: '707dcb4246*'
System info: os.name: 'Windows 11', os.arch: 'amd64', os.version: '10.0', java.version: '21.0.8'
Driver info: org.openqa.selenium.firefox.FirefoxDriver
Command: [39fb3c23-2102-4fec-ba92-b2bd7ca3a1a0, clickElement {id=b80edaed-a721-4191-83bf-0c696930a557}]
Capabilities {acceptInsecureCerts: true, browserName: firefox, browserVersion: 142.0, moz:accessibilityChecks: false, moz:buildID: 20250811145442, moz:geckodriverVersion: 0.36.0, moz:headless: false, moz:platformVersion: 10.0, moz:processID: 59760, moz:profile: C:\Users\LENOVO\AppData\Loc..., moz:shutdownTimeout: 60000, moz:webdriverClick: true, moz:windowless: false, pageLoadStrategy: normal, platformName: windows, proxy: Proxy(), setWindowRect: true, strictFileInteractability: false, timeouts: {implicit: 0, pageLoad: 300000, script: 30000}, unhandledPromptBehavior: dismiss and notify, userAgent: Mozilla/5.0 (Windows NT 10....}
Element: [[FirefoxDriver: firefox on windows (39fb3c23-2102-4fec-ba92-b2bd7ca3a1a0)] -> xpath: //table//tr[td[normalize-space()='APV']]//button[contains(@class,'MuiButtonBase-root')]]
Session ID: 39fb3c23-2102-4fec-ba92-b2bd7ca3a1a0
at java.base/jdk.internal.reflect.DirectConstructorHandleAccessor.newInstance(DirectConstructorHandleAccessor.java:62)
at java.base/java.lang.reflect.Constructor.newInstanceWithCaller(Constructor.java:502)
at java.base/java.lang.reflect.Constructor.newInstance(Constructor.java:486)
at org.openqa.selenium.remote.ErrorCodec.decode(ErrorCodec.java:167)
at org.openqa.selenium.remote.codec.w3c.W3CHttpResponseCodec.decode(W3CHttpResponseCodec.java:138)
at org.openqa.selenium.remote.codec.w3c.W3CHttpResponseCodec.decode(W3CHttpResponseCodec.java:50)
at org.openqa.selenium.remote.HttpCommandExecutor.execute(HttpCommandExecutor.java:215)
at org.openqa.selenium.remote.service.DriverCommandExecutor.invokeExecute(DriverCommandExecutor.java:216)
at org.openqa.selenium.remote.service.DriverCommandExecutor.execute(DriverCommandExecutor.java:174)
at org.openqa.selenium.remote.RemoteWebDriver.execute(RemoteWebDriver.java:544)
at org.openqa.selenium.remote.RemoteWebElement.execute(RemoteWebElement.java:223)
at org.openqa.selenium.remote.RemoteWebElement.click(RemoteWebElement.java:76)
at com.dikahadir.page.JabatanPage.scrollAndClick(JabatanPage.java:234)
at com.dikahadir.page.JabatanPage.clickActionButtonWithPagination(JabatanPage.java:147)
at com.dikahadir.definitions.jabatan.EditJabatanTest.MenekanTombolAction(EditJabatanTest.java:30)
at ✽.user menekan tombol action pada jabatan "APV"(file:///C:/Hegar/sqabatch23/TA/web_hadir/src/test/resources/features/jabatan/EditJabatan.feature:8)
]]>
            </full-stacktrace>
          </exception> <!-- org.openqa.selenium.ElementClickInterceptedException -->
          <reporter-output>
          </reporter-output>
        </test-method> <!-- runScenario -->
        <test-method signature="runScenario(io.cucumber.testng.PickleWrapper,io.cucumber.testng.FeatureWrapper)[pri:0, instance:com.dikahadir.runners.RunnerJabatanTest@4218d6a3]" started-at="2025-08-22T03:23:48 WIB" name="runScenario" description="Runs Cucumber Scenarios" data-provider="scenarios" finished-at="2025-08-22T03:24:01 WIB" duration-ms="13051" status="FAIL">
          <params>
            <param index="0">
              <value>
                <![CDATA["Mengubah nama jabatan tetapi level tidak diubah"]]>
              </value>
            </param>
            <param index="1">
              <value>
                <![CDATA["Edit Jabatan"]]>
              </value>
            </param>
          </params>
          <exception class="java.lang.RuntimeException">
            <message>
              <![CDATA[Jabatan dengan nama 'Staff iT Support' tidak ditemukan di semua halaman.]]>
            </message>
            <full-stacktrace>
              <![CDATA[java.lang.RuntimeException: Jabatan dengan nama 'Staff iT Support' tidak ditemukan di semua halaman.
at com.dikahadir.page.JabatanPage.clickActionButtonWithPagination(JabatanPage.java:162)
at com.dikahadir.definitions.jabatan.EditJabatanTest.MenekanTombolAction(EditJabatanTest.java:30)
at ✽.user menekan tombol action pada jabatan "Staff iT Support"(file:///C:/Hegar/sqabatch23/TA/web_hadir/src/test/resources/features/jabatan/EditJabatan.feature:21)
]]>
            </full-stacktrace>
          </exception> <!-- java.lang.RuntimeException -->
          <reporter-output>
          </reporter-output>
        </test-method> <!-- runScenario -->
        <test-method signature="runScenario(io.cucumber.testng.PickleWrapper,io.cucumber.testng.FeatureWrapper)[pri:0, instance:com.dikahadir.runners.RunnerJabatanTest@4218d6a3]" started-at="2025-08-22T03:24:01 WIB" name="runScenario" description="Runs Cucumber Scenarios" data-provider="scenarios" finished-at="2025-08-22T03:24:25 WIB" duration-ms="23509" status="FAIL">
          <params>
            <param index="0">
              <value>
                <![CDATA["Mengubah level jabatan tetapi nama tidak diubah"]]>
              </value>
            </param>
            <param index="1">
              <value>
                <![CDATA["Edit Jabatan"]]>
              </value>
            </param>
          </params>
          <exception class="org.openqa.selenium.ElementClickInterceptedException">
            <message>
              <![CDATA[Element <svg class="MuiSvgIcon-root MuiSvgIcon-fontSizeMedium css-vubbuv"> is not clickable at point (1188,522) because another element <div class="MuiTablePagination-actions"> obscures it
Build info: version: '4.34.0', revision: '707dcb4246*'
System info: os.name: 'Windows 11', os.arch: 'amd64', os.version: '10.0', java.version: '21.0.8'
Driver info: org.openqa.selenium.firefox.FirefoxDriver
Command: [c2becf54-6a44-4f48-812f-e73a9cec2380, clickElement {id=983cdd7e-7c80-499e-8ff6-5d4e1affd71d}]
Capabilities {acceptInsecureCerts: true, browserName: firefox, browserVersion: 142.0, moz:accessibilityChecks: false, moz:buildID: 20250811145442, moz:geckodriverVersion: 0.36.0, moz:headless: false, moz:platformVersion: 10.0, moz:processID: 60648, moz:profile: C:\Users\LENOVO\AppData\Loc..., moz:shutdownTimeout: 60000, moz:webdriverClick: true, moz:windowless: false, pageLoadStrategy: normal, platformName: windows, proxy: Proxy(), setWindowRect: true, strictFileInteractability: false, timeouts: {implicit: 0, pageLoad: 300000, script: 30000}, unhandledPromptBehavior: dismiss and notify, userAgent: Mozilla/5.0 (Windows NT 10....}
Element: [[FirefoxDriver: firefox on windows (c2becf54-6a44-4f48-812f-e73a9cec2380)] -> xpath: //*[name()='svg' and @data-testid='KeyboardArrowRightIcon']]
Session ID: c2becf54-6a44-4f48-812f-e73a9cec2380]]>
            </message>
            <full-stacktrace>
              <![CDATA[org.openqa.selenium.ElementClickInterceptedException: Element <svg class="MuiSvgIcon-root MuiSvgIcon-fontSizeMedium css-vubbuv"> is not clickable at point (1188,522) because another element <div class="MuiTablePagination-actions"> obscures it
Build info: version: '4.34.0', revision: '707dcb4246*'
System info: os.name: 'Windows 11', os.arch: 'amd64', os.version: '10.0', java.version: '21.0.8'
Driver info: org.openqa.selenium.firefox.FirefoxDriver
Command: [c2becf54-6a44-4f48-812f-e73a9cec2380, clickElement {id=983cdd7e-7c80-499e-8ff6-5d4e1affd71d}]
Capabilities {acceptInsecureCerts: true, browserName: firefox, browserVersion: 142.0, moz:accessibilityChecks: false, moz:buildID: 20250811145442, moz:geckodriverVersion: 0.36.0, moz:headless: false, moz:platformVersion: 10.0, moz:processID: 60648, moz:profile: C:\Users\LENOVO\AppData\Loc..., moz:shutdownTimeout: 60000, moz:webdriverClick: true, moz:windowless: false, pageLoadStrategy: normal, platformName: windows, proxy: Proxy(), setWindowRect: true, strictFileInteractability: false, timeouts: {implicit: 0, pageLoad: 300000, script: 30000}, unhandledPromptBehavior: dismiss and notify, userAgent: Mozilla/5.0 (Windows NT 10....}
Element: [[FirefoxDriver: firefox on windows (c2becf54-6a44-4f48-812f-e73a9cec2380)] -> xpath: //*[name()='svg' and @data-testid='KeyboardArrowRightIcon']]
Session ID: c2becf54-6a44-4f48-812f-e73a9cec2380
at java.base/jdk.internal.reflect.DirectConstructorHandleAccessor.newInstance(DirectConstructorHandleAccessor.java:62)
at java.base/java.lang.reflect.Constructor.newInstanceWithCaller(Constructor.java:502)
at java.base/java.lang.reflect.Constructor.newInstance(Constructor.java:486)
at org.openqa.selenium.remote.ErrorCodec.decode(ErrorCodec.java:167)
at org.openqa.selenium.remote.codec.w3c.W3CHttpResponseCodec.decode(W3CHttpResponseCodec.java:138)
at org.openqa.selenium.remote.codec.w3c.W3CHttpResponseCodec.decode(W3CHttpResponseCodec.java:50)
at org.openqa.selenium.remote.HttpCommandExecutor.execute(HttpCommandExecutor.java:215)
at org.openqa.selenium.remote.service.DriverCommandExecutor.invokeExecute(DriverCommandExecutor.java:216)
at org.openqa.selenium.remote.service.DriverCommandExecutor.execute(DriverCommandExecutor.java:174)
at org.openqa.selenium.remote.RemoteWebDriver.execute(RemoteWebDriver.java:544)
at org.openqa.selenium.remote.RemoteWebElement.execute(RemoteWebElement.java:223)
at org.openqa.selenium.remote.RemoteWebElement.click(RemoteWebElement.java:76)
at com.dikahadir.page.JabatanPage.scrollAndClick(JabatanPage.java:234)
at com.dikahadir.page.JabatanPage.clickActionButtonWithPagination(JabatanPage.java:157)
at com.dikahadir.definitions.jabatan.EditJabatanTest.MenekanTombolAction(EditJabatanTest.java:30)
at ✽.user menekan tombol action pada jabatan "Assistant"(file:///C:/Hegar/sqabatch23/TA/web_hadir/src/test/resources/features/jabatan/EditJabatan.feature:33)
]]>
            </full-stacktrace>
          </exception> <!-- org.openqa.selenium.ElementClickInterceptedException -->
          <reporter-output>
          </reporter-output>
        </test-method> <!-- runScenario -->
        <test-method signature="runScenario(io.cucumber.testng.PickleWrapper,io.cucumber.testng.FeatureWrapper)[pri:0, instance:com.dikahadir.runners.RunnerJabatanTest@4218d6a3]" started-at="2025-08-22T03:24:25 WIB" name="runScenario" description="Runs Cucumber Scenarios" data-provider="scenarios" finished-at="2025-08-22T03:24:37 WIB" duration-ms="11727" status="FAIL">
          <params>
            <param index="0">
              <value>
                <![CDATA["Mengubah nama jabatan dan level jabatan dengan nama jabatan dan level jabatan yang sudah ada,inputan level mengandung angka negtif"]]>
              </value>
            </param>
            <param index="1">
              <value>
                <![CDATA["Edit Jabatan"]]>
              </value>
            </param>
          </params>
          <exception class="java.lang.AssertionError">
            <message>
              <![CDATA[Pesan sukses tidak sesuai expected [Gagal Edit Jabatan] but found [Berhasil Edit Jabatan]]]>
            </message>
            <full-stacktrace>
              <![CDATA[java.lang.AssertionError: Pesan sukses tidak sesuai expected [Gagal Edit Jabatan] but found [Berhasil Edit Jabatan]
at org.testng.Assert.fail(Assert.java:111)
at org.testng.Assert.failNotEquals(Assert.java:1578)
at org.testng.Assert.assertEqualsImpl(Assert.java:150)
at org.testng.Assert.assertEquals(Assert.java:132)
at org.testng.Assert.assertEquals(Assert.java:656)
at com.dikahadir.definitions.jabatan.EditJabatanTest.sistemMenampilkanPesan(EditJabatanTest.java:59)
at ✽.sistem akan menampilkan pesan "Gagal Edit Jabatan"(file:///C:/Hegar/sqabatch23/TA/web_hadir/src/test/resources/features/jabatan/EditJabatan.feature:51)
]]>
            </full-stacktrace>
          </exception> <!-- java.lang.AssertionError -->
          <reporter-output>
          </reporter-output>
        </test-method> <!-- runScenario -->
        <test-method signature="runScenario(io.cucumber.testng.PickleWrapper,io.cucumber.testng.FeatureWrapper)[pri:0, instance:com.dikahadir.runners.RunnerJabatanTest@4218d6a3]" started-at="2025-08-22T03:24:37 WIB" name="runScenario" description="Runs Cucumber Scenarios" data-provider="scenarios" finished-at="2025-08-22T03:24:50 WIB" duration-ms="13687" status="FAIL">
          <params>
            <param index="0">
              <value>
                <![CDATA["Mengubah nama jabatan dan level jabatan dengan nama jabatan dan level jabatan yang sudah ada,inputan level mengandung angka negtif"]]>
              </value>
            </param>
            <param index="1">
              <value>
                <![CDATA["Edit Jabatan"]]>
              </value>
            </param>
          </params>
          <exception class="java.lang.AssertionError">
            <message>
              <![CDATA[Pesan sukses tidak sesuai expected [Gagal Edit Jabatan] but found [Berhasil Edit Jabatan]]]>
            </message>
            <full-stacktrace>
              <![CDATA[java.lang.AssertionError: Pesan sukses tidak sesuai expected [Gagal Edit Jabatan] but found [Berhasil Edit Jabatan]
at org.testng.Assert.fail(Assert.java:111)
at org.testng.Assert.failNotEquals(Assert.java:1578)
at org.testng.Assert.assertEqualsImpl(Assert.java:150)
at org.testng.Assert.assertEquals(Assert.java:132)
at org.testng.Assert.assertEquals(Assert.java:656)
at com.dikahadir.definitions.jabatan.EditJabatanTest.sistemMenampilkanPesan(EditJabatanTest.java:59)
at ✽.sistem akan menampilkan pesan "Gagal Edit Jabatan"(file:///C:/Hegar/sqabatch23/TA/web_hadir/src/test/resources/features/jabatan/EditJabatan.feature:51)
]]>
            </full-stacktrace>
          </exception> <!-- java.lang.AssertionError -->
          <reporter-output>
          </reporter-output>
        </test-method> <!-- runScenario -->
        <test-method signature="runScenario(io.cucumber.testng.PickleWrapper,io.cucumber.testng.FeatureWrapper)[pri:0, instance:com.dikahadir.runners.RunnerJabatanTest@4218d6a3]" started-at="2025-08-22T03:24:50 WIB" name="runScenario" description="Runs Cucumber Scenarios" data-provider="scenarios" finished-at="2025-08-22T03:25:13 WIB" duration-ms="22873" status="PASS">
          <params>
            <param index="0">
              <value>
                <![CDATA["Validasi field kosong saat mengubah data jabatan"]]>
              </value>
            </param>
            <param index="1">
              <value>
                <![CDATA["Edit Jabatan"]]>
              </value>
            </param>
          </params>
          <reporter-output>
          </reporter-output>
        </test-method> <!-- runScenario -->
        <test-method signature="runScenario(io.cucumber.testng.PickleWrapper,io.cucumber.testng.FeatureWrapper)[pri:0, instance:com.dikahadir.runners.RunnerJabatanTest@4218d6a3]" started-at="2025-08-22T03:25:13 WIB" name="runScenario" description="Runs Cucumber Scenarios" data-provider="scenarios" finished-at="2025-08-22T03:25:37 WIB" duration-ms="23695" status="PASS">
          <params>
            <param index="0">
              <value>
                <![CDATA["Validasi field kosong saat mengubah data jabatan"]]>
              </value>
            </param>
            <param index="1">
              <value>
                <![CDATA["Edit Jabatan"]]>
              </value>
            </param>
          </params>
          <reporter-output>
          </reporter-output>
        </test-method> <!-- runScenario -->
        <test-method signature="runScenario(io.cucumber.testng.PickleWrapper,io.cucumber.testng.FeatureWrapper)[pri:0, instance:com.dikahadir.runners.RunnerJabatanTest@4218d6a3]" started-at="2025-08-22T03:25:37 WIB" name="runScenario" description="Runs Cucumber Scenarios" data-provider="scenarios" finished-at="2025-08-22T03:25:50 WIB" duration-ms="13471" status="FAIL">
          <params>
            <param index="0">
              <value>
                <![CDATA["Validasi field kosong saat mengubah data jabatan"]]>
              </value>
            </param>
            <param index="1">
              <value>
                <![CDATA["Edit Jabatan"]]>
              </value>
            </param>
          </params>
          <exception class="io.cucumber.core.exception.CucumberException">
            <message>
              <![CDATA[Step [user menekan tombol batal pada form edit jabatan] is defined with 1 parameters at 'com.dikahadir.definitions.jabatan.EditJabatanTest.sistemMenampilkanPesan(java.lang.String)'.
However, the gherkin step has 0 arguments.
Step text: user menekan tombol batal pada form edit jabatan]]>
            </message>
            <full-stacktrace>
              <![CDATA[io.cucumber.core.exception.CucumberException: Step [user menekan tombol batal pada form edit jabatan] is defined with 1 parameters at 'com.dikahadir.definitions.jabatan.EditJabatanTest.sistemMenampilkanPesan(java.lang.String)'.
However, the gherkin step has 0 arguments.
Step text: user menekan tombol batal pada form edit jabatan
at io.cucumber.core.runner.PickleStepDefinitionMatch.arityMismatch(PickleStepDefinitionMatch.java:83)
at io.cucumber.core.runner.PickleStepDefinitionMatch.runStep(PickleStepDefinitionMatch.java:42)
at io.cucumber.core.runner.ExecutionMode$1.execute(ExecutionMode.java:10)
at io.cucumber.core.runner.TestStep.executeStep(TestStep.java:84)
at io.cucumber.core.runner.TestStep.run(TestStep.java:56)
at io.cucumber.core.runner.PickleStepTestStep.run(PickleStepTestStep.java:51)
at io.cucumber.core.runner.TestCase.run(TestCase.java:84)
at io.cucumber.core.runner.Runner.runPickle(Runner.java:75)
at io.cucumber.testng.TestNGCucumberRunner.lambda$runScenario$1(TestNGCucumberRunner.java:132)
at io.cucumber.core.runtime.CucumberExecutionContext.lambda$runTestCase$5(CucumberExecutionContext.java:137)
at io.cucumber.core.runtime.RethrowingThrowableCollector.executeAndThrow(RethrowingThrowableCollector.java:23)
at io.cucumber.core.runtime.CucumberExecutionContext.runTestCase(CucumberExecutionContext.java:137)
at io.cucumber.testng.TestNGCucumberRunner.runScenario(TestNGCucumberRunner.java:129)
at io.cucumber.testng.AbstractTestNGCucumberTests.runScenario(AbstractTestNGCucumberTests.java:35)
at java.base/jdk.internal.reflect.DirectMethodHandleAccessor.invoke(DirectMethodHandleAccessor.java:103)
at java.base/java.lang.reflect.Method.invoke(Method.java:580)
at org.testng.internal.invokers.MethodInvocationHelper.invokeMethod(MethodInvocationHelper.java:141)
at org.testng.internal.invokers.TestInvoker.invokeMethod(TestInvoker.java:686)
at org.testng.internal.invokers.TestInvoker.invokeTestMethod(TestInvoker.java:230)
at org.testng.internal.invokers.MethodRunner.runInSequence(MethodRunner.java:63)
at org.testng.internal.invokers.TestInvoker$MethodInvocationAgent.invoke(TestInvoker.java:992)
at org.testng.internal.invokers.TestInvoker.invokeTestMethods(TestInvoker.java:203)
at org.testng.internal.invokers.TestMethodWorker.invokeTestMethods(TestMethodWorker.java:154)
at org.testng.internal.invokers.TestMethodWorker.run(TestMethodWorker.java:134)
at java.base/java.util.ArrayList.forEach(ArrayList.java:1596)
at org.testng.TestRunner.privateRun(TestRunner.java:739)
at org.testng.TestRunner.run(TestRunner.java:614)
at org.testng.SuiteRunner.runTest(SuiteRunner.java:421)
at org.testng.SuiteRunner.runSequentially(SuiteRunner.java:413)
at org.testng.SuiteRunner.privateRun(SuiteRunner.java:373)
at org.testng.SuiteRunner.run(SuiteRunner.java:312)
at org.testng.SuiteRunnerWorker.runSuite(SuiteRunnerWorker.java:52)
at org.testng.SuiteRunnerWorker.run(SuiteRunnerWorker.java:95)
at org.testng.TestNG.runSuitesSequentially(TestNG.java:1274)
at org.testng.TestNG.runSuitesLocally(TestNG.java:1208)
at org.testng.TestNG.runSuites(TestNG.java:1112)
at org.testng.TestNG.run(TestNG.java:1079)
at org.apache.maven.surefire.testng.TestNGExecutor.run(TestNGExecutor.java:308)
at org.apache.maven.surefire.testng.TestNGXmlTestSuite.execute(TestNGXmlTestSuite.java:71)
at org.apache.maven.surefire.testng.TestNGProvider.invoke(TestNGProvider.java:113)
at org.apache.maven.surefire.booter.ForkedBooter.runSuitesInProcess(ForkedBooter.java:385)
at org.apache.maven.surefire.booter.ForkedBooter.execute(ForkedBooter.java:162)
at org.apache.maven.surefire.booter.ForkedBooter.run(ForkedBooter.java:507)
at org.apache.maven.surefire.booter.ForkedBooter.main(ForkedBooter.java:495)
]]>
            </full-stacktrace>
          </exception> <!-- io.cucumber.core.exception.CucumberException -->
          <reporter-output>
          </reporter-output>
        </test-method> <!-- runScenario -->
        <test-method signature="runScenario(io.cucumber.testng.PickleWrapper,io.cucumber.testng.FeatureWrapper)[pri:0, instance:com.dikahadir.runners.RunnerJabatanTest@4218d6a3]" started-at="2025-08-22T03:25:50 WIB" name="runScenario" description="Runs Cucumber Scenarios" data-provider="scenarios" finished-at="2025-08-22T03:26:05 WIB" duration-ms="14094" status="FAIL">
          <params>
            <param index="0">
              <value>
                <![CDATA["Menghapus data jabatan dengan feature delete pada tabel jabatan dengan data jabatan yang tidak terkait dengn user ."]]>
              </value>
            </param>
            <param index="1">
              <value>
                <![CDATA["Hapus Jabatan"]]>
              </value>
            </param>
          </params>
          <exception class="java.lang.RuntimeException">
            <message>
              <![CDATA[Jabatan dengan nama 'STUFF' tidak ditemukan di semua halaman.]]>
            </message>
            <full-stacktrace>
              <![CDATA[java.lang.RuntimeException: Jabatan dengan nama 'STUFF' tidak ditemukan di semua halaman.
at com.dikahadir.page.JabatanPage.clickActionButtonWithPagination(JabatanPage.java:162)
at com.dikahadir.definitions.jabatan.HapusJabatan.clickTombolAction(HapusJabatan.java:29)
at ✽.user mengklik tombol action pada jabatan "STUFF"(file:///C:/Hegar/sqabatch23/TA/web_hadir/src/test/resources/features/jabatan/HapusJabatan.feature:7)
]]>
            </full-stacktrace>
          </exception> <!-- java.lang.RuntimeException -->
          <reporter-output>
          </reporter-output>
        </test-method> <!-- runScenario -->
        <test-method signature="runScenario(io.cucumber.testng.PickleWrapper,io.cucumber.testng.FeatureWrapper)[pri:0, instance:com.dikahadir.runners.RunnerJabatanTest@4218d6a3]" started-at="2025-08-22T03:26:05 WIB" name="runScenario" description="Runs Cucumber Scenarios" data-provider="scenarios" finished-at="2025-08-22T03:26:29 WIB" duration-ms="24012" status="FAIL">
          <params>
            <param index="0">
              <value>
                <![CDATA["Batal menghapus jabatan dengan menekan tombol batal pada form hapus jabatan"]]>
              </value>
            </param>
            <param index="1">
              <value>
                <![CDATA["Hapus Jabatan"]]>
              </value>
            </param>
          </params>
          <exception class="java.lang.RuntimeException">
            <message>
              <![CDATA[Jabatan dengan nama 'STOFF' tidak ditemukan di semua halaman.]]>
            </message>
            <full-stacktrace>
              <![CDATA[java.lang.RuntimeException: Jabatan dengan nama 'STOFF' tidak ditemukan di semua halaman.
at com.dikahadir.page.JabatanPage.clickActionButtonWithPagination(JabatanPage.java:162)
at com.dikahadir.definitions.jabatan.HapusJabatan.clickTombolAction(HapusJabatan.java:29)
at ✽.user mengklik tombol action pada jabatan "STOFF"(file:///C:/Hegar/sqabatch23/TA/web_hadir/src/test/resources/features/jabatan/HapusJabatan.feature:14)
]]>
            </full-stacktrace>
          </exception> <!-- java.lang.RuntimeException -->
          <reporter-output>
          </reporter-output>
        </test-method> <!-- runScenario -->
        <test-method signature="runScenario(io.cucumber.testng.PickleWrapper,io.cucumber.testng.FeatureWrapper)[pri:0, instance:com.dikahadir.runners.RunnerJabatanTest@4218d6a3]" started-at="2025-08-22T03:26:29 WIB" name="runScenario" description="Runs Cucumber Scenarios" data-provider="scenarios" finished-at="2025-08-22T03:26:43 WIB" duration-ms="14250" status="PASS">
          <params>
            <param index="0">
              <value>
                <![CDATA["Reset filter setelah melakukan pencarian"]]>
              </value>
            </param>
            <param index="1">
              <value>
                <![CDATA["Reset Filter Level Jabatan"]]>
              </value>
            </param>
          </params>
          <reporter-output>
          </reporter-output>
        </test-method> <!-- runScenario -->
        <test-method signature="runScenario(io.cucumber.testng.PickleWrapper,io.cucumber.testng.FeatureWrapper)[pri:0, instance:com.dikahadir.runners.RunnerJabatanTest@4218d6a3]" started-at="2025-08-22T03:26:43 WIB" name="runScenario" description="Runs Cucumber Scenarios" data-provider="scenarios" finished-at="2025-08-22T03:26:58 WIB" duration-ms="15618" status="PASS">
          <params>
            <param index="0">
              <value>
                <![CDATA["Memfilter jabatan berdasarkan level"]]>
              </value>
            </param>
            <param index="1">
              <value>
                <![CDATA["Filter Level Jabatan"]]>
              </value>
            </param>
          </params>
          <reporter-output>
          </reporter-output>
        </test-method> <!-- runScenario -->
        <test-method signature="runScenario(io.cucumber.testng.PickleWrapper,io.cucumber.testng.FeatureWrapper)[pri:0, instance:com.dikahadir.runners.RunnerJabatanTest@4218d6a3]" started-at="2025-08-22T03:26:58 WIB" name="runScenario" description="Runs Cucumber Scenarios" data-provider="scenarios" finished-at="2025-08-22T03:27:19 WIB" duration-ms="20241" status="PASS">
          <params>
            <param index="0">
              <value>
                <![CDATA["Memfilter jabatan dengan level yang tidak ada"]]>
              </value>
            </param>
            <param index="1">
              <value>
                <![CDATA["Filter Level Jabatan"]]>
              </value>
            </param>
          </params>
          <reporter-output>
          </reporter-output>
        </test-method> <!-- runScenario -->
        <test-method signature="runScenario(io.cucumber.testng.PickleWrapper,io.cucumber.testng.FeatureWrapper)[pri:0, instance:com.dikahadir.runners.RunnerJabatanTest@4218d6a3]" started-at="2025-08-22T03:27:19 WIB" name="runScenario" description="Runs Cucumber Scenarios" data-provider="scenarios" finished-at="2025-08-22T03:27:34 WIB" duration-ms="15521" status="PASS">
          <params>
            <param index="0">
              <value>
                <![CDATA["Memfilter jabatan dengan input alfabet"]]>
              </value>
            </param>
            <param index="1">
              <value>
                <![CDATA["Filter Level Jabatan"]]>
              </value>
            </param>
          </params>
          <reporter-output>
          </reporter-output>
        </test-method> <!-- runScenario -->
        <test-method signature="runScenario(io.cucumber.testng.PickleWrapper,io.cucumber.testng.FeatureWrapper)[pri:0, instance:com.dikahadir.runners.RunnerJabatanTest@4218d6a3]" started-at="2025-08-22T03:27:34 WIB" name="runScenario" description="Runs Cucumber Scenarios" data-provider="scenarios" finished-at="2025-08-22T03:27:56 WIB" duration-ms="21565" status="PASS">
          <params>
            <param index="0">
              <value>
                <![CDATA["Tambah jabatan baru dengan data nama baru dan level baru"]]>
              </value>
            </param>
            <param index="1">
              <value>
                <![CDATA["Tambah Jabatan"]]>
              </value>
            </param>
          </params>
          <reporter-output>
          </reporter-output>
        </test-method> <!-- runScenario -->
        <test-method signature="runScenario(io.cucumber.testng.PickleWrapper,io.cucumber.testng.FeatureWrapper)[pri:0, instance:com.dikahadir.runners.RunnerJabatanTest@4218d6a3]" started-at="2025-08-22T03:27:56 WIB" name="runScenario" description="Runs Cucumber Scenarios" data-provider="scenarios" finished-at="2025-08-22T03:28:17 WIB" duration-ms="21494" status="PASS">
          <params>
            <param index="0">
              <value>
                <![CDATA["Tambah jabatan baru dengan data nama yang sudah ada tetapi level berbeda"]]>
              </value>
            </param>
            <param index="1">
              <value>
                <![CDATA["Tambah Jabatan"]]>
              </value>
            </param>
          </params>
          <reporter-output>
          </reporter-output>
        </test-method> <!-- runScenario -->
        <test-method signature="runScenario(io.cucumber.testng.PickleWrapper,io.cucumber.testng.FeatureWrapper)[pri:0, instance:com.dikahadir.runners.RunnerJabatanTest@4218d6a3]" started-at="2025-08-22T03:28:17 WIB" name="runScenario" description="Runs Cucumber Scenarios" data-provider="scenarios" finished-at="2025-08-22T03:28:39 WIB" duration-ms="21479" status="PASS">
          <params>
            <param index="0">
              <value>
                <![CDATA["Tambah jabatan baru dengan data  Nama baru dan level yang sudah ada"]]>
              </value>
            </param>
            <param index="1">
              <value>
                <![CDATA["Tambah Jabatan"]]>
              </value>
            </param>
          </params>
          <reporter-output>
          </reporter-output>
        </test-method> <!-- runScenario -->
        <test-method signature="runScenario(io.cucumber.testng.PickleWrapper,io.cucumber.testng.FeatureWrapper)[pri:0, instance:com.dikahadir.runners.RunnerJabatanTest@4218d6a3]" started-at="2025-08-22T03:28:39 WIB" name="runScenario" description="Runs Cucumber Scenarios" data-provider="scenarios" finished-at="2025-08-22T03:29:01 WIB" duration-ms="21874" status="FAIL">
          <params>
            <param index="0">
              <value>
                <![CDATA["Validasi penambahan jabatan dengan data invalid (nama yang sama dan level yang sama,inputan level non numeric,level negtif atau minus)"]]>
              </value>
            </param>
            <param index="1">
              <value>
                <![CDATA["Tambah Jabatan"]]>
              </value>
            </param>
          </params>
          <exception class="java.lang.AssertionError">
            <message>
              <![CDATA[Pesan error tidak sesuai! expected [Gagal Menambahkan Job Level] but found [Berhasil Menambahkan Job Level]]]>
            </message>
            <full-stacktrace>
              <![CDATA[java.lang.AssertionError: Pesan error tidak sesuai! expected [Gagal Menambahkan Job Level] but found [Berhasil Menambahkan Job Level]
at org.testng.Assert.fail(Assert.java:111)
at org.testng.Assert.failNotEquals(Assert.java:1578)
at org.testng.Assert.assertEqualsImpl(Assert.java:150)
at org.testng.Assert.assertEquals(Assert.java:132)
at org.testng.Assert.assertEquals(Assert.java:656)
at com.dikahadir.definitions.jabatan.TambahJabatanTest.pesanError(TambahJabatanTest.java:69)
at ✽.sistem menampilkan pesan error "Gagal Menambahkan Job Level"(file:///C:/Hegar/sqabatch23/TA/web_hadir/src/test/resources/features/jabatan/TambahJabatan.feature:48)
]]>
            </full-stacktrace>
          </exception> <!-- java.lang.AssertionError -->
          <reporter-output>
          </reporter-output>
        </test-method> <!-- runScenario -->
        <test-method signature="runScenario(io.cucumber.testng.PickleWrapper,io.cucumber.testng.FeatureWrapper)[pri:0, instance:com.dikahadir.runners.RunnerJabatanTest@4218d6a3]" started-at="2025-08-22T03:29:01 WIB" name="runScenario" description="Runs Cucumber Scenarios" data-provider="scenarios" finished-at="2025-08-22T03:29:20 WIB" duration-ms="19461" status="PASS">
          <params>
            <param index="0">
              <value>
                <![CDATA["Validasi penambahan jabatan dengan data invalid (nama yang sama dan level yang sama,inputan level non numeric,level negtif atau minus)"]]>
              </value>
            </param>
            <param index="1">
              <value>
                <![CDATA["Tambah Jabatan"]]>
              </value>
            </param>
          </params>
          <reporter-output>
          </reporter-output>
        </test-method> <!-- runScenario -->
        <test-method signature="runScenario(io.cucumber.testng.PickleWrapper,io.cucumber.testng.FeatureWrapper)[pri:0, instance:com.dikahadir.runners.RunnerJabatanTest@4218d6a3]" started-at="2025-08-22T03:29:20 WIB" name="runScenario" description="Runs Cucumber Scenarios" data-provider="scenarios" finished-at="2025-08-22T03:29:41 WIB" duration-ms="21306" status="FAIL">
          <params>
            <param index="0">
              <value>
                <![CDATA["Validasi penambahan jabatan dengan data invalid (nama yang sama dan level yang sama,inputan level non numeric,level negtif atau minus)"]]>
              </value>
            </param>
            <param index="1">
              <value>
                <![CDATA["Tambah Jabatan"]]>
              </value>
            </param>
          </params>
          <exception class="java.lang.AssertionError">
            <message>
              <![CDATA[Pesan error tidak sesuai! expected [Gagal Menambahkan Job Level] but found [Berhasil Menambahkan Job Level]]]>
            </message>
            <full-stacktrace>
              <![CDATA[java.lang.AssertionError: Pesan error tidak sesuai! expected [Gagal Menambahkan Job Level] but found [Berhasil Menambahkan Job Level]
at org.testng.Assert.fail(Assert.java:111)
at org.testng.Assert.failNotEquals(Assert.java:1578)
at org.testng.Assert.assertEqualsImpl(Assert.java:150)
at org.testng.Assert.assertEquals(Assert.java:132)
at org.testng.Assert.assertEquals(Assert.java:656)
at com.dikahadir.definitions.jabatan.TambahJabatanTest.pesanError(TambahJabatanTest.java:69)
at ✽.sistem menampilkan pesan error "Gagal Menambahkan Job Level"(file:///C:/Hegar/sqabatch23/TA/web_hadir/src/test/resources/features/jabatan/TambahJabatan.feature:48)
]]>
            </full-stacktrace>
          </exception> <!-- java.lang.AssertionError -->
          <reporter-output>
          </reporter-output>
        </test-method> <!-- runScenario -->
        <test-method signature="runScenario(io.cucumber.testng.PickleWrapper,io.cucumber.testng.FeatureWrapper)[pri:0, instance:com.dikahadir.runners.RunnerJabatanTest@4218d6a3]" started-at="2025-08-22T03:29:41 WIB" name="runScenario" description="Runs Cucumber Scenarios" data-provider="scenarios" finished-at="2025-08-22T03:30:07 WIB" duration-ms="25280" status="PASS">
          <params>
            <param index="0">
              <value>
                <![CDATA["Validasi field kosong saat menambahkan jabatan"]]>
              </value>
            </param>
            <param index="1">
              <value>
                <![CDATA["Tambah Jabatan"]]>
              </value>
            </param>
          </params>
          <reporter-output>
          </reporter-output>
        </test-method> <!-- runScenario -->
        <test-method signature="runScenario(io.cucumber.testng.PickleWrapper,io.cucumber.testng.FeatureWrapper)[pri:0, instance:com.dikahadir.runners.RunnerJabatanTest@4218d6a3]" started-at="2025-08-22T03:30:07 WIB" name="runScenario" description="Runs Cucumber Scenarios" data-provider="scenarios" finished-at="2025-08-22T03:30:24 WIB" duration-ms="17063" status="PASS">
          <params>
            <param index="0">
              <value>
                <![CDATA["Validasi field kosong saat menambahkan jabatan"]]>
              </value>
            </param>
            <param index="1">
              <value>
                <![CDATA["Tambah Jabatan"]]>
              </value>
            </param>
          </params>
          <reporter-output>
          </reporter-output>
        </test-method> <!-- runScenario -->
        <test-method signature="runScenario(io.cucumber.testng.PickleWrapper,io.cucumber.testng.FeatureWrapper)[pri:0, instance:com.dikahadir.runners.RunnerJabatanTest@4218d6a3]" started-at="2025-08-22T03:30:24 WIB" name="runScenario" description="Runs Cucumber Scenarios" data-provider="scenarios" finished-at="2025-08-22T03:30:40 WIB" duration-ms="15853" status="PASS">
          <params>
            <param index="0">
              <value>
                <![CDATA["Batal menambah jabatan dengan menekan tombol batal pada form tambah jabatan"]]>
              </value>
            </param>
            <param index="1">
              <value>
                <![CDATA["Tambah Jabatan"]]>
              </value>
            </param>
          </params>
          <reporter-output>
          </reporter-output>
        </test-method> <!-- runScenario -->
        <test-method is-config="true" signature="tearDownClass()[pri:0, instance:com.dikahadir.runners.RunnerJabatanTest@4218d6a3]" started-at="2025-08-22T03:30:40 WIB" name="tearDownClass" finished-at="2025-08-22T03:30:41 WIB" duration-ms="1073" status="PASS">
          <reporter-output>
          </reporter-output>
        </test-method> <!-- tearDownClass -->
      </class> <!-- com.dikahadir.runners.RunnerJabatanTest -->
    </test> <!-- Test Math -->
  </suite> <!-- Main Test -->
</testng-results>
