<?xml version="1.0" encoding="UTF-8"?>
<testng-results ignored="0" total="2" passed="2" failed="0" skipped="0">
  <reporter-output>
  </reporter-output>
  <suite started-at="2025-08-25T15:41:02 WIB" name="Main Test" finished-at="2025-08-25T15:42:13 WIB" duration-ms="70964">
    <groups>
      <group name="cucumber">
        <method signature="AbstractTestNGCucumberTests.runScenario(io.cucumber.testng.PickleWrapper,io.cucumber.testng.FeatureWrapper)[pri:0, instance:com.dikahadir.runners.RunnerJadwalTest@4218d6a3]" name="runScenario" class="io.cucumber.testng.AbstractTestNGCucumberTests"/>
      </group> <!-- cucumber -->
    </groups>
    <test started-at="2025-08-25T15:41:02 WIB" name="Test Math" finished-at="2025-08-25T15:42:13 WIB" duration-ms="70964">
      <class name="com.dikahadir.runners.RunnerJadwalTest">
        <test-method is-config="true" signature="setUpClass(org.testng.ITestContext)[pri:0, instance:com.dikahadir.runners.RunnerJadwalTest@4218d6a3]" started-at="2025-08-25T15:41:02 WIB" name="setUpClass" finished-at="2025-08-25T15:41:03 WIB" duration-ms="736" status="PASS">
          <params>
            <param index="0">
              <value>
                <![CDATA[org.testng.TestRunner@7499eac7]]>
              </value>
            </param>
          </params>
          <reporter-output>
          </reporter-output>
        </test-method> <!-- setUpClass -->
        <test-method signature="runScenario(io.cucumber.testng.PickleWrapper,io.cucumber.testng.FeatureWrapper)[pri:0, instance:com.dikahadir.runners.RunnerJadwalTest@4218d6a3]" started-at="2025-08-25T15:41:03 WIB" name="runScenario" description="Runs Cucumber Scenarios" data-provider="scenarios" finished-at="2025-08-25T15:41:40 WIB" duration-ms="36272" status="PASS">
          <params>
            <param index="0">
              <value>
                <![CDATA["Search jadwal dengan data valid"]]>
              </value>
            </param>
            <param index="1">
              <value>
                <![CDATA["Sebagai user saya ingin mencari nama jadwal"]]>
              </value>
            </param>
          </params>
          <reporter-output>
          </reporter-output>
        </test-method> <!-- runScenario -->
        <test-method signature="runScenario(io.cucumber.testng.PickleWrapper,io.cucumber.testng.FeatureWrapper)[pri:0, instance:com.dikahadir.runners.RunnerJadwalTest@4218d6a3]" started-at="2025-08-25T15:41:40 WIB" name="runScenario" description="Runs Cucumber Scenarios" data-provider="scenarios" finished-at="2025-08-25T15:42:12 WIB" duration-ms="32869" status="PASS">
          <params>
            <param index="0">
              <value>
                <![CDATA["Search jadwal dengan data invalid"]]>
              </value>
            </param>
            <param index="1">
              <value>
                <![CDATA["Sebagai user saya ingin mencari nama jadwal"]]>
              </value>
            </param>
          </params>
          <reporter-output>
          </reporter-output>
        </test-method> <!-- runScenario -->
        <test-method is-config="true" signature="tearDownClass()[pri:0, instance:com.dikahadir.runners.RunnerJadwalTest@4218d6a3]" started-at="2025-08-25T15:42:12 WIB" name="tearDownClass" finished-at="2025-08-25T15:42:13 WIB" duration-ms="991" status="PASS">
          <reporter-output>
          </reporter-output>
        </test-method> <!-- tearDownClass -->
      </class> <!-- com.dikahadir.runners.RunnerJadwalTest -->
    </test> <!-- Test Math -->
  </suite> <!-- Main Test -->
</testng-results>
