-------------------------------------------------------------------------------
Test set: TestSuite
-------------------------------------------------------------------------------
Tests run: 26, Failures: 3, Errors: 0, Skipped: 0, Time elapsed: 493.8 s <<< FAILURE! -- in TestSuite
com.dikahadir.runners.RunnerTest1.runScenario["Mengubah nama jabatan dan level jabatan dengan nama jabatan dan level jabatan yang sudah ada,inputan level mengandung angka negtif", "Edit Jabatan"](4) -- Time elapsed: 20.74 s <<< FAILURE!
java.lang.AssertionError: Pesan sukses tidak sesuai expected [Gagal Edit Jabatan] but found [Berhasil Edit Jabatan]
	at org.testng.Assert.fail(Assert.java:111)
	at org.testng.Assert.failNotEquals(Assert.java:1578)
	at org.testng.Assert.assertEqualsImpl(Assert.java:150)
	at org.testng.Assert.assertEquals(Assert.java:132)
	at org.testng.Assert.assertEquals(Assert.java:656)
	at com.dikahadir.definitions.jabatan.EditJabatanTest.sistemMenampilkanPesan(EditJabatanTest.java:59)
	at ✽.sistem akan menampilkan pesan "Gagal Edit Jabatan"(file:///C:/Hegar/sqabatch23/TA/web_hadir/src/test/resources/features/jabatan/EditJabatan.feature:53)

com.dikahadir.runners.RunnerTest1.runScenario["Tambah jabatan baru dengan data nama yang sudah ada tetapi level berbeda", "Tambah Jabatan"](19) -- Time elapsed: 18.34 s <<< FAILURE!
java.lang.AssertionError: Pesan sukses tidak sesuai! expected [Berhasil Menambahkan Job Level] but found [Gagal Menambahkan Job Level]
	at org.testng.Assert.fail(Assert.java:111)
	at org.testng.Assert.failNotEquals(Assert.java:1578)
	at org.testng.Assert.assertEqualsImpl(Assert.java:150)
	at org.testng.Assert.assertEquals(Assert.java:132)
	at org.testng.Assert.assertEquals(Assert.java:656)
	at com.dikahadir.definitions.jabatan.TambahJabatanTest.pesanSukses(TambahJabatanTest.java:63)
	at ✽.sistem menampilkan pesan sukses "Berhasil Menambahkan Job Level"(file:///C:/Hegar/sqabatch23/TA/web_hadir/src/test/resources/features/jabatan/TambahJabatan.feature:25)

com.dikahadir.runners.RunnerTest1.runScenario["Tambah jabatan baru dengan data  Nama baru dan level yang sudah ada", "Tambah Jabatan"](20) -- Time elapsed: 16.73 s <<< FAILURE!
java.lang.AssertionError: Pesan sukses tidak sesuai! expected [Berhasil Menambahkan Job Level] but found [Gagal Menambahkan Job Level]
	at org.testng.Assert.fail(Assert.java:111)
	at org.testng.Assert.failNotEquals(Assert.java:1578)
	at org.testng.Assert.assertEqualsImpl(Assert.java:150)
	at org.testng.Assert.assertEquals(Assert.java:132)
	at org.testng.Assert.assertEquals(Assert.java:656)
	at com.dikahadir.definitions.jabatan.TambahJabatanTest.pesanSukses(TambahJabatanTest.java:63)
	at ✽.sistem menampilkan pesan sukses "Berhasil Menambahkan Job Level"(file:///C:/Hegar/sqabatch23/TA/web_hadir/src/test/resources/features/jabatan/TambahJabatan.feature:38)

