<?xml version="1.0" encoding="UTF-8"?>
<testng-results ignored="0" total="9" passed="9" failed="0" skipped="0">
  <reporter-output>
  </reporter-output>
  <suite started-at="2025-08-19T21:23:17 WIB" name="Main Test" finished-at="2025-08-19T21:26:15 WIB" duration-ms="178238">
    <groups>
      <group name="cucumber">
        <method signature="AbstractTestNGCucumberTests.runScenario(io.cucumber.testng.PickleWrapper,io.cucumber.testng.FeatureWrapper)[pri:0, instance:com.dikahadir.runners.RunnerJabatanTest@4218d6a3]" name="runScenario" class="io.cucumber.testng.AbstractTestNGCucumberTests"/>
      </group> <!-- cucumber -->
    </groups>
    <test started-at="2025-08-19T21:23:17 WIB" name="Test Math" finished-at="2025-08-19T21:26:15 WIB" duration-ms="178238">
      <class name="com.dikahadir.runners.RunnerJabatanTest">
        <test-method is-config="true" signature="setUpClass(org.testng.ITestContext)[pri:0, instance:com.dikahadir.runners.RunnerJabatanTest@4218d6a3]" started-at="2025-08-19T21:23:17 WIB" name="setUpClass" finished-at="2025-08-19T21:23:18 WIB" duration-ms="782" status="PASS">
          <params>
            <param index="0">
              <value>
                <![CDATA[org.testng.TestRunner@47f0f414]]>
              </value>
            </param>
          </params>
          <reporter-output>
          </reporter-output>
        </test-method> <!-- setUpClass -->
        <test-method signature="runScenario(io.cucumber.testng.PickleWrapper,io.cucumber.testng.FeatureWrapper)[pri:0, instance:com.dikahadir.runners.RunnerJabatanTest@4218d6a3]" started-at="2025-08-19T21:23:18 WIB" name="runScenario" description="Runs Cucumber Scenarios" data-provider="scenarios" finished-at="2025-08-19T21:23:39 WIB" duration-ms="21851" status="PASS">
          <params>
            <param index="0">
              <value>
                <![CDATA["Memfilter jabatan berdasarkan level"]]>
              </value>
            </param>
            <param index="1">
              <value>
                <![CDATA["Filter Level Jabatan"]]>
              </value>
            </param>
          </params>
          <reporter-output>
          </reporter-output>
        </test-method> <!-- runScenario -->
        <test-method signature="runScenario(io.cucumber.testng.PickleWrapper,io.cucumber.testng.FeatureWrapper)[pri:0, instance:com.dikahadir.runners.RunnerJabatanTest@4218d6a3]" started-at="2025-08-19T21:23:39 WIB" name="runScenario" description="Runs Cucumber Scenarios" data-provider="scenarios" finished-at="2025-08-19T21:23:58 WIB" duration-ms="18134" status="PASS">
          <params>
            <param index="0">
              <value>
                <![CDATA["Memfilter jabatan dengan level yang tidak ada"]]>
              </value>
            </param>
            <param index="1">
              <value>
                <![CDATA["Filter Level Jabatan"]]>
              </value>
            </param>
          </params>
          <reporter-output>
          </reporter-output>
        </test-method> <!-- runScenario -->
        <test-method signature="runScenario(io.cucumber.testng.PickleWrapper,io.cucumber.testng.FeatureWrapper)[pri:0, instance:com.dikahadir.runners.RunnerJabatanTest@4218d6a3]" started-at="2025-08-19T21:23:58 WIB" name="runScenario" description="Runs Cucumber Scenarios" data-provider="scenarios" finished-at="2025-08-19T21:24:14 WIB" duration-ms="16576" status="PASS">
          <params>
            <param index="0">
              <value>
                <![CDATA["Memfilter jabatan dengan input alfabet"]]>
              </value>
            </param>
            <param index="1">
              <value>
                <![CDATA["Filter Level Jabatan"]]>
              </value>
            </param>
          </params>
          <reporter-output>
          </reporter-output>
        </test-method> <!-- runScenario -->
        <test-method signature="runScenario(io.cucumber.testng.PickleWrapper,io.cucumber.testng.FeatureWrapper)[pri:0, instance:com.dikahadir.runners.RunnerJabatanTest@4218d6a3]" started-at="2025-08-19T21:24:14 WIB" name="runScenario" description="Runs Cucumber Scenarios" data-provider="scenarios" finished-at="2025-08-19T21:24:33 WIB" duration-ms="18972" status="PASS">
          <params>
            <param index="0">
              <value>
                <![CDATA["Reset filter setelah melakukan pencarian"]]>
              </value>
            </param>
            <param index="1">
              <value>
                <![CDATA["Reset Filter Level Jabatan"]]>
              </value>
            </param>
          </params>
          <reporter-output>
          </reporter-output>
        </test-method> <!-- runScenario -->
        <test-method signature="runScenario(io.cucumber.testng.PickleWrapper,io.cucumber.testng.FeatureWrapper)[pri:0, instance:com.dikahadir.runners.RunnerJabatanTest@4218d6a3]" started-at="2025-08-19T21:24:33 WIB" name="runScenario" description="Runs Cucumber Scenarios" data-provider="scenarios" finished-at="2025-08-19T21:24:56 WIB" duration-ms="22420" status="PASS">
          <params>
            <param index="0">
              <value>
                <![CDATA["Tambah jabatan baru dengan data valid"]]>
              </value>
            </param>
            <param index="1">
              <value>
                <![CDATA["Tambah Jabatan"]]>
              </value>
            </param>
          </params>
          <reporter-output>
          </reporter-output>
        </test-method> <!-- runScenario -->
        <test-method signature="runScenario(io.cucumber.testng.PickleWrapper,io.cucumber.testng.FeatureWrapper)[pri:0, instance:com.dikahadir.runners.RunnerJabatanTest@4218d6a3]" started-at="2025-08-19T21:24:56 WIB" name="runScenario" description="Runs Cucumber Scenarios" data-provider="scenarios" finished-at="2025-08-19T21:25:16 WIB" duration-ms="19948" status="PASS">
          <params>
            <param index="0">
              <value>
                <![CDATA["Validasi penambahan jabatan dengan data invalid"]]>
              </value>
            </param>
            <param index="1">
              <value>
                <![CDATA["Tambah Jabatan"]]>
              </value>
            </param>
          </params>
          <reporter-output>
          </reporter-output>
        </test-method> <!-- runScenario -->
        <test-method signature="runScenario(io.cucumber.testng.PickleWrapper,io.cucumber.testng.FeatureWrapper)[pri:0, instance:com.dikahadir.runners.RunnerJabatanTest@4218d6a3]" started-at="2025-08-19T21:25:16 WIB" name="runScenario" description="Runs Cucumber Scenarios" data-provider="scenarios" finished-at="2025-08-19T21:25:40 WIB" duration-ms="24368" status="PASS">
          <params>
            <param index="0">
              <value>
                <![CDATA["Validasi penambahan jabatan dengan data invalid"]]>
              </value>
            </param>
            <param index="1">
              <value>
                <![CDATA["Tambah Jabatan"]]>
              </value>
            </param>
          </params>
          <reporter-output>
          </reporter-output>
        </test-method> <!-- runScenario -->
        <test-method signature="runScenario(io.cucumber.testng.PickleWrapper,io.cucumber.testng.FeatureWrapper)[pri:0, instance:com.dikahadir.runners.RunnerJabatanTest@4218d6a3]" started-at="2025-08-19T21:25:40 WIB" name="runScenario" description="Runs Cucumber Scenarios" data-provider="scenarios" finished-at="2025-08-19T21:25:56 WIB" duration-ms="16395" status="PASS">
          <params>
            <param index="0">
              <value>
                <![CDATA["Validasi field kosong saat menambahkan jabatan"]]>
              </value>
            </param>
            <param index="1">
              <value>
                <![CDATA["Tambah Jabatan"]]>
              </value>
            </param>
          </params>
          <reporter-output>
          </reporter-output>
        </test-method> <!-- runScenario -->
        <test-method signature="runScenario(io.cucumber.testng.PickleWrapper,io.cucumber.testng.FeatureWrapper)[pri:0, instance:com.dikahadir.runners.RunnerJabatanTest@4218d6a3]" started-at="2025-08-19T21:25:56 WIB" name="runScenario" description="Runs Cucumber Scenarios" data-provider="scenarios" finished-at="2025-08-19T21:26:14 WIB" duration-ms="17619" status="PASS">
          <params>
            <param index="0">
              <value>
                <![CDATA["Validasi field kosong saat menambahkan jabatan"]]>
              </value>
            </param>
            <param index="1">
              <value>
                <![CDATA["Tambah Jabatan"]]>
              </value>
            </param>
          </params>
          <reporter-output>
          </reporter-output>
        </test-method> <!-- runScenario -->
        <test-method is-config="true" signature="tearDownClass()[pri:0, instance:com.dikahadir.runners.RunnerJabatanTest@4218d6a3]" started-at="2025-08-19T21:26:14 WIB" name="tearDownClass" finished-at="2025-08-19T21:26:15 WIB" duration-ms="1014" status="PASS">
          <reporter-output>
          </reporter-output>
        </test-method> <!-- tearDownClass -->
      </class> <!-- com.dikahadir.runners.RunnerJabatanTest -->
    </test> <!-- Test Math -->
  </suite> <!-- Main Test -->
</testng-results>
