<?xml version="1.0" encoding="UTF-8"?>
<testsuite xmlns:xsi="http://www.w3.org/2001/XMLSchema-instance" xsi:noNamespaceSchemaLocation="https://maven.apache.org/surefire/maven-surefire-plugin/xsd/surefire-test-report-3.0.xsd" version="3.0" name="TestSuite" time="427.894" tests="23" errors="0" skipped="0" failures="10">
  <properties>
[...]
</properties>
  <testcase name="runScenario[&quot;Mengubah nama jabatan dengan fitur edit dengan data yang valid.&quot;, &quot;Edit Jabatan&quot;](1)" classname="com.dikahadir.runners.RunnerJabatanTest" time="13.818">
    <failure message="Element &lt;button class=&quot;MuiButtonBase-root MuiIconButton-root MuiIconButton-sizeLarge css-1ro73q1&quot; type=&quot;button&quot;&gt; is not clickable at point (1226,24) because another element &lt;svg class=&quot;feather feather-chevron-down &quot;&gt; obscures it&#10;Build info: version: &apos;4.34.0&apos;, revision: &apos;707dcb4246*&apos;&#10;System info: os.name: &apos;Windows 11&apos;, os.arch: &apos;amd64&apos;, os.version: &apos;10.0&apos;, java.version: &apos;21.0.8&apos;&#10;Driver info: org.openqa.selenium.firefox.FirefoxDriver&#10;Command: [39fb3c23-2102-4fec-ba92-b2bd7ca3a1a0, clickElement {id=b80edaed-a721-4191-83bf-0c696930a557}]&#10;Capabilities {acceptInsecureCerts: true, browserName: firefox, browserVersion: 142.0, moz:accessibilityChecks: false, moz:buildID: 20250811145442, moz:geckodriverVersion: 0.36.0, moz:headless: false, moz:platformVersion: 10.0, moz:processID: 59760, moz:profile: C:\Users\LENOVO\AppData\Loc..., moz:shutdownTimeout: 60000, moz:webdriverClick: true, moz:windowless: false, pageLoadStrategy: normal, platformName: windows, proxy: Proxy(), setWindowRect: true, strictFileInteractability: false, timeouts: {implicit: 0, pageLoad: 300000, script: 30000}, unhandledPromptBehavior: dismiss and notify, userAgent: Mozilla/5.0 (Windows NT 10....}&#10;Element: [[FirefoxDriver: firefox on windows (39fb3c23-2102-4fec-ba92-b2bd7ca3a1a0)] -&gt; xpath: //table//tr[td[normalize-space()=&apos;APV&apos;]]//button[contains(@class,&apos;MuiButtonBase-root&apos;)]]&#10;Session ID: 39fb3c23-2102-4fec-ba92-b2bd7ca3a1a0" type="org.openqa.selenium.ElementClickInterceptedException"><![CDATA[org.openqa.selenium.ElementClickInterceptedException: 
Element <button class="MuiButtonBase-root MuiIconButton-root MuiIconButton-sizeLarge css-1ro73q1" type="button"> is not clickable at point (1226,24) because another element <svg class="feather feather-chevron-down "> obscures it
Build info: version: '4.34.0', revision: '707dcb4246*'
System info: os.name: 'Windows 11', os.arch: 'amd64', os.version: '10.0', java.version: '21.0.8'
Driver info: org.openqa.selenium.firefox.FirefoxDriver
Command: [39fb3c23-2102-4fec-ba92-b2bd7ca3a1a0, clickElement {id=b80edaed-a721-4191-83bf-0c696930a557}]
Capabilities {acceptInsecureCerts: true, browserName: firefox, browserVersion: 142.0, moz:accessibilityChecks: false, moz:buildID: 20250811145442, moz:geckodriverVersion: 0.36.0, moz:headless: false, moz:platformVersion: 10.0, moz:processID: 59760, moz:profile: C:\Users\LENOVO\AppData\Loc..., moz:shutdownTimeout: 60000, moz:webdriverClick: true, moz:windowless: false, pageLoadStrategy: normal, platformName: windows, proxy: Proxy(), setWindowRect: true, strictFileInteractability: false, timeouts: {implicit: 0, pageLoad: 300000, script: 30000}, unhandledPromptBehavior: dismiss and notify, userAgent: Mozilla/5.0 (Windows NT 10....}
Element: [[FirefoxDriver: firefox on windows (39fb3c23-2102-4fec-ba92-b2bd7ca3a1a0)] -> xpath: //table//tr[td[normalize-space()='APV']]//button[contains(@class,'MuiButtonBase-root')]]
Session ID: 39fb3c23-2102-4fec-ba92-b2bd7ca3a1a0
	at java.base/jdk.internal.reflect.DirectConstructorHandleAccessor.newInstance(DirectConstructorHandleAccessor.java:62)
	at java.base/java.lang.reflect.Constructor.newInstanceWithCaller(Constructor.java:502)
	at java.base/java.lang.reflect.Constructor.newInstance(Constructor.java:486)
	at org.openqa.selenium.remote.ErrorCodec.decode(ErrorCodec.java:167)
	at org.openqa.selenium.remote.codec.w3c.W3CHttpResponseCodec.decode(W3CHttpResponseCodec.java:138)
	at org.openqa.selenium.remote.codec.w3c.W3CHttpResponseCodec.decode(W3CHttpResponseCodec.java:50)
	at org.openqa.selenium.remote.HttpCommandExecutor.execute(HttpCommandExecutor.java:215)
	at org.openqa.selenium.remote.service.DriverCommandExecutor.invokeExecute(DriverCommandExecutor.java:216)
	at org.openqa.selenium.remote.service.DriverCommandExecutor.execute(DriverCommandExecutor.java:174)
	at org.openqa.selenium.remote.RemoteWebDriver.execute(RemoteWebDriver.java:544)
	at org.openqa.selenium.remote.RemoteWebElement.execute(RemoteWebElement.java:223)
	at org.openqa.selenium.remote.RemoteWebElement.click(RemoteWebElement.java:76)
	at com.dikahadir.page.JabatanPage.scrollAndClick(JabatanPage.java:234)
	at com.dikahadir.page.JabatanPage.clickActionButtonWithPagination(JabatanPage.java:147)
	at com.dikahadir.definitions.jabatan.EditJabatanTest.MenekanTombolAction(EditJabatanTest.java:30)
	at ✽.user menekan tombol action pada jabatan "APV"(file:///C:/Hegar/sqabatch23/TA/web_hadir/src/test/resources/features/jabatan/EditJabatan.feature:8)
]]></failure>
  </testcase>
  <testcase name="runScenario[&quot;Mengubah nama jabatan tetapi level tidak diubah&quot;, &quot;Edit Jabatan&quot;](2)" classname="com.dikahadir.runners.RunnerJabatanTest" time="13.05">
    <failure message="Jabatan dengan nama &apos;Staff iT Support&apos; tidak ditemukan di semua halaman." type="java.lang.RuntimeException"><![CDATA[java.lang.RuntimeException: Jabatan dengan nama 'Staff iT Support' tidak ditemukan di semua halaman.
	at com.dikahadir.page.JabatanPage.clickActionButtonWithPagination(JabatanPage.java:162)
	at com.dikahadir.definitions.jabatan.EditJabatanTest.MenekanTombolAction(EditJabatanTest.java:30)
	at ✽.user menekan tombol action pada jabatan "Staff iT Support"(file:///C:/Hegar/sqabatch23/TA/web_hadir/src/test/resources/features/jabatan/EditJabatan.feature:21)
]]></failure>
  </testcase>
  <testcase name="runScenario[&quot;Mengubah level jabatan tetapi nama tidak diubah&quot;, &quot;Edit Jabatan&quot;](3)" classname="com.dikahadir.runners.RunnerJabatanTest" time="23.508">
    <failure message="Element &lt;svg class=&quot;MuiSvgIcon-root MuiSvgIcon-fontSizeMedium css-vubbuv&quot;&gt; is not clickable at point (1188,522) because another element &lt;div class=&quot;MuiTablePagination-actions&quot;&gt; obscures it&#10;Build info: version: &apos;4.34.0&apos;, revision: &apos;707dcb4246*&apos;&#10;System info: os.name: &apos;Windows 11&apos;, os.arch: &apos;amd64&apos;, os.version: &apos;10.0&apos;, java.version: &apos;21.0.8&apos;&#10;Driver info: org.openqa.selenium.firefox.FirefoxDriver&#10;Command: [c2becf54-6a44-4f48-812f-e73a9cec2380, clickElement {id=983cdd7e-7c80-499e-8ff6-5d4e1affd71d}]&#10;Capabilities {acceptInsecureCerts: true, browserName: firefox, browserVersion: 142.0, moz:accessibilityChecks: false, moz:buildID: 20250811145442, moz:geckodriverVersion: 0.36.0, moz:headless: false, moz:platformVersion: 10.0, moz:processID: 60648, moz:profile: C:\Users\LENOVO\AppData\Loc..., moz:shutdownTimeout: 60000, moz:webdriverClick: true, moz:windowless: false, pageLoadStrategy: normal, platformName: windows, proxy: Proxy(), setWindowRect: true, strictFileInteractability: false, timeouts: {implicit: 0, pageLoad: 300000, script: 30000}, unhandledPromptBehavior: dismiss and notify, userAgent: Mozilla/5.0 (Windows NT 10....}&#10;Element: [[FirefoxDriver: firefox on windows (c2becf54-6a44-4f48-812f-e73a9cec2380)] -&gt; xpath: //*[name()=&apos;svg&apos; and @data-testid=&apos;KeyboardArrowRightIcon&apos;]]&#10;Session ID: c2becf54-6a44-4f48-812f-e73a9cec2380" type="org.openqa.selenium.ElementClickInterceptedException"><![CDATA[org.openqa.selenium.ElementClickInterceptedException: 
Element <svg class="MuiSvgIcon-root MuiSvgIcon-fontSizeMedium css-vubbuv"> is not clickable at point (1188,522) because another element <div class="MuiTablePagination-actions"> obscures it
Build info: version: '4.34.0', revision: '707dcb4246*'
System info: os.name: 'Windows 11', os.arch: 'amd64', os.version: '10.0', java.version: '21.0.8'
Driver info: org.openqa.selenium.firefox.FirefoxDriver
Command: [c2becf54-6a44-4f48-812f-e73a9cec2380, clickElement {id=983cdd7e-7c80-499e-8ff6-5d4e1affd71d}]
Capabilities {acceptInsecureCerts: true, browserName: firefox, browserVersion: 142.0, moz:accessibilityChecks: false, moz:buildID: 20250811145442, moz:geckodriverVersion: 0.36.0, moz:headless: false, moz:platformVersion: 10.0, moz:processID: 60648, moz:profile: C:\Users\LENOVO\AppData\Loc..., moz:shutdownTimeout: 60000, moz:webdriverClick: true, moz:windowless: false, pageLoadStrategy: normal, platformName: windows, proxy: Proxy(), setWindowRect: true, strictFileInteractability: false, timeouts: {implicit: 0, pageLoad: 300000, script: 30000}, unhandledPromptBehavior: dismiss and notify, userAgent: Mozilla/5.0 (Windows NT 10....}
Element: [[FirefoxDriver: firefox on windows (c2becf54-6a44-4f48-812f-e73a9cec2380)] -> xpath: //*[name()='svg' and @data-testid='KeyboardArrowRightIcon']]
Session ID: c2becf54-6a44-4f48-812f-e73a9cec2380
	at java.base/jdk.internal.reflect.DirectConstructorHandleAccessor.newInstance(DirectConstructorHandleAccessor.java:62)
	at java.base/java.lang.reflect.Constructor.newInstanceWithCaller(Constructor.java:502)
	at java.base/java.lang.reflect.Constructor.newInstance(Constructor.java:486)
	at org.openqa.selenium.remote.ErrorCodec.decode(ErrorCodec.java:167)
	at org.openqa.selenium.remote.codec.w3c.W3CHttpResponseCodec.decode(W3CHttpResponseCodec.java:138)
	at org.openqa.selenium.remote.codec.w3c.W3CHttpResponseCodec.decode(W3CHttpResponseCodec.java:50)
	at org.openqa.selenium.remote.HttpCommandExecutor.execute(HttpCommandExecutor.java:215)
	at org.openqa.selenium.remote.service.DriverCommandExecutor.invokeExecute(DriverCommandExecutor.java:216)
	at org.openqa.selenium.remote.service.DriverCommandExecutor.execute(DriverCommandExecutor.java:174)
	at org.openqa.selenium.remote.RemoteWebDriver.execute(RemoteWebDriver.java:544)
	at org.openqa.selenium.remote.RemoteWebElement.execute(RemoteWebElement.java:223)
	at org.openqa.selenium.remote.RemoteWebElement.click(RemoteWebElement.java:76)
	at com.dikahadir.page.JabatanPage.scrollAndClick(JabatanPage.java:234)
	at com.dikahadir.page.JabatanPage.clickActionButtonWithPagination(JabatanPage.java:157)
	at com.dikahadir.definitions.jabatan.EditJabatanTest.MenekanTombolAction(EditJabatanTest.java:30)
	at ✽.user menekan tombol action pada jabatan "Assistant"(file:///C:/Hegar/sqabatch23/TA/web_hadir/src/test/resources/features/jabatan/EditJabatan.feature:33)
]]></failure>
  </testcase>
  <testcase name="runScenario[&quot;Mengubah nama jabatan dan level jabatan dengan nama jabatan dan level jabatan yang sudah ada,inputan level mengandung angka negtif&quot;, &quot;Edit Jabatan&quot;](4)" classname="com.dikahadir.runners.RunnerJabatanTest" time="11.727">
    <failure message="Pesan sukses tidak sesuai expected [Gagal Edit Jabatan] but found [Berhasil Edit Jabatan]" type="java.lang.AssertionError"><![CDATA[java.lang.AssertionError: Pesan sukses tidak sesuai expected [Gagal Edit Jabatan] but found [Berhasil Edit Jabatan]
	at org.testng.Assert.fail(Assert.java:111)
	at org.testng.Assert.failNotEquals(Assert.java:1578)
	at org.testng.Assert.assertEqualsImpl(Assert.java:150)
	at org.testng.Assert.assertEquals(Assert.java:132)
	at org.testng.Assert.assertEquals(Assert.java:656)
	at com.dikahadir.definitions.jabatan.EditJabatanTest.sistemMenampilkanPesan(EditJabatanTest.java:59)
	at ✽.sistem akan menampilkan pesan "Gagal Edit Jabatan"(file:///C:/Hegar/sqabatch23/TA/web_hadir/src/test/resources/features/jabatan/EditJabatan.feature:51)
]]></failure>
  </testcase>
  <testcase name="runScenario[&quot;Mengubah nama jabatan dan level jabatan dengan nama jabatan dan level jabatan yang sudah ada,inputan level mengandung angka negtif&quot;, &quot;Edit Jabatan&quot;](5)" classname="com.dikahadir.runners.RunnerJabatanTest" time="13.687">
    <failure message="Pesan sukses tidak sesuai expected [Gagal Edit Jabatan] but found [Berhasil Edit Jabatan]" type="java.lang.AssertionError"><![CDATA[java.lang.AssertionError: Pesan sukses tidak sesuai expected [Gagal Edit Jabatan] but found [Berhasil Edit Jabatan]
	at org.testng.Assert.fail(Assert.java:111)
	at org.testng.Assert.failNotEquals(Assert.java:1578)
	at org.testng.Assert.assertEqualsImpl(Assert.java:150)
	at org.testng.Assert.assertEquals(Assert.java:132)
	at org.testng.Assert.assertEquals(Assert.java:656)
	at com.dikahadir.definitions.jabatan.EditJabatanTest.sistemMenampilkanPesan(EditJabatanTest.java:59)
	at ✽.sistem akan menampilkan pesan "Gagal Edit Jabatan"(file:///C:/Hegar/sqabatch23/TA/web_hadir/src/test/resources/features/jabatan/EditJabatan.feature:51)
]]></failure>
  </testcase>
  <testcase name="runScenario[&quot;Validasi field kosong saat mengubah data jabatan&quot;, &quot;Edit Jabatan&quot;](6)" classname="com.dikahadir.runners.RunnerJabatanTest" time="22.873"/>
  <testcase name="runScenario[&quot;Validasi field kosong saat mengubah data jabatan&quot;, &quot;Edit Jabatan&quot;](7)" classname="com.dikahadir.runners.RunnerJabatanTest" time="23.695"/>
  <testcase name="runScenario[&quot;Validasi field kosong saat mengubah data jabatan&quot;, &quot;Edit Jabatan&quot;](8)" classname="com.dikahadir.runners.RunnerJabatanTest" time="13.473">
    <failure message="Step [user menekan tombol batal pada form edit jabatan] is defined with 1 parameters at &apos;com.dikahadir.definitions.jabatan.EditJabatanTest.sistemMenampilkanPesan(java.lang.String)&apos;.&#10;However, the gherkin step has 0 arguments.&#10;Step text: user menekan tombol batal pada form edit jabatan" type="io.cucumber.core.exception.CucumberException"><![CDATA[io.cucumber.core.exception.CucumberException: 
Step [user menekan tombol batal pada form edit jabatan] is defined with 1 parameters at 'com.dikahadir.definitions.jabatan.EditJabatanTest.sistemMenampilkanPesan(java.lang.String)'.
However, the gherkin step has 0 arguments.
Step text: user menekan tombol batal pada form edit jabatan
	at io.cucumber.core.runner.PickleStepDefinitionMatch.arityMismatch(PickleStepDefinitionMatch.java:83)
	at io.cucumber.core.runner.PickleStepDefinitionMatch.runStep(PickleStepDefinitionMatch.java:42)
	at io.cucumber.core.runner.ExecutionMode$1.execute(ExecutionMode.java:10)
	at io.cucumber.core.runner.TestStep.executeStep(TestStep.java:84)
	at io.cucumber.core.runner.TestStep.run(TestStep.java:56)
	at io.cucumber.core.runner.PickleStepTestStep.run(PickleStepTestStep.java:51)
	at io.cucumber.core.runner.TestCase.run(TestCase.java:84)
	at io.cucumber.core.runner.Runner.runPickle(Runner.java:75)
	at io.cucumber.testng.TestNGCucumberRunner.lambda$runScenario$1(TestNGCucumberRunner.java:132)
	at io.cucumber.core.runtime.CucumberExecutionContext.lambda$runTestCase$5(CucumberExecutionContext.java:137)
	at io.cucumber.core.runtime.RethrowingThrowableCollector.executeAndThrow(RethrowingThrowableCollector.java:23)
	at io.cucumber.core.runtime.CucumberExecutionContext.runTestCase(CucumberExecutionContext.java:137)
	at io.cucumber.testng.TestNGCucumberRunner.runScenario(TestNGCucumberRunner.java:129)
	at io.cucumber.testng.AbstractTestNGCucumberTests.runScenario(AbstractTestNGCucumberTests.java:35)
	at java.base/jdk.internal.reflect.DirectMethodHandleAccessor.invoke(DirectMethodHandleAccessor.java:103)
	at java.base/java.lang.reflect.Method.invoke(Method.java:580)
	at org.testng.internal.invokers.MethodInvocationHelper.invokeMethod(MethodInvocationHelper.java:141)
	at org.testng.internal.invokers.TestInvoker.invokeMethod(TestInvoker.java:686)
	at org.testng.internal.invokers.TestInvoker.invokeTestMethod(TestInvoker.java:230)
	at org.testng.internal.invokers.MethodRunner.runInSequence(MethodRunner.java:63)
	at org.testng.internal.invokers.TestInvoker$MethodInvocationAgent.invoke(TestInvoker.java:992)
	at org.testng.internal.invokers.TestInvoker.invokeTestMethods(TestInvoker.java:203)
	at org.testng.internal.invokers.TestMethodWorker.invokeTestMethods(TestMethodWorker.java:154)
	at org.testng.internal.invokers.TestMethodWorker.run(TestMethodWorker.java:134)
	at java.base/java.util.ArrayList.forEach(ArrayList.java:1596)
	at org.testng.TestRunner.privateRun(TestRunner.java:739)
	at org.testng.TestRunner.run(TestRunner.java:614)
	at org.testng.SuiteRunner.runTest(SuiteRunner.java:421)
	at org.testng.SuiteRunner.runSequentially(SuiteRunner.java:413)
	at org.testng.SuiteRunner.privateRun(SuiteRunner.java:373)
	at org.testng.SuiteRunner.run(SuiteRunner.java:312)
	at org.testng.SuiteRunnerWorker.runSuite(SuiteRunnerWorker.java:52)
	at org.testng.SuiteRunnerWorker.run(SuiteRunnerWorker.java:95)
	at org.testng.TestNG.runSuitesSequentially(TestNG.java:1274)
	at org.testng.TestNG.runSuitesLocally(TestNG.java:1208)
	at org.testng.TestNG.runSuites(TestNG.java:1112)
	at org.testng.TestNG.run(TestNG.java:1079)
	at org.apache.maven.surefire.testng.TestNGExecutor.run(TestNGExecutor.java:308)
	at org.apache.maven.surefire.testng.TestNGXmlTestSuite.execute(TestNGXmlTestSuite.java:71)
	at org.apache.maven.surefire.testng.TestNGProvider.invoke(TestNGProvider.java:113)
	at org.apache.maven.surefire.booter.ForkedBooter.runSuitesInProcess(ForkedBooter.java:385)
	at org.apache.maven.surefire.booter.ForkedBooter.execute(ForkedBooter.java:162)
	at org.apache.maven.surefire.booter.ForkedBooter.run(ForkedBooter.java:507)
	at org.apache.maven.surefire.booter.ForkedBooter.main(ForkedBooter.java:495)
]]></failure>
  </testcase>
  <testcase name="runScenario[&quot;Menghapus data jabatan dengan feature delete pada tabel jabatan dengan data jabatan yang tidak terkait dengn user .&quot;, &quot;Hapus Jabatan&quot;](9)" classname="com.dikahadir.runners.RunnerJabatanTest" time="14.096">
    <failure message="Jabatan dengan nama &apos;STUFF&apos; tidak ditemukan di semua halaman." type="java.lang.RuntimeException"><![CDATA[java.lang.RuntimeException: Jabatan dengan nama 'STUFF' tidak ditemukan di semua halaman.
	at com.dikahadir.page.JabatanPage.clickActionButtonWithPagination(JabatanPage.java:162)
	at com.dikahadir.definitions.jabatan.HapusJabatan.clickTombolAction(HapusJabatan.java:29)
	at ✽.user mengklik tombol action pada jabatan "STUFF"(file:///C:/Hegar/sqabatch23/TA/web_hadir/src/test/resources/features/jabatan/HapusJabatan.feature:7)
]]></failure>
  </testcase>
  <testcase name="runScenario[&quot;Batal menghapus jabatan dengan menekan tombol batal pada form hapus jabatan&quot;, &quot;Hapus Jabatan&quot;](10)" classname="com.dikahadir.runners.RunnerJabatanTest" time="24.011">
    <failure message="Jabatan dengan nama &apos;STOFF&apos; tidak ditemukan di semua halaman." type="java.lang.RuntimeException"><![CDATA[java.lang.RuntimeException: Jabatan dengan nama 'STOFF' tidak ditemukan di semua halaman.
	at com.dikahadir.page.JabatanPage.clickActionButtonWithPagination(JabatanPage.java:162)
	at com.dikahadir.definitions.jabatan.HapusJabatan.clickTombolAction(HapusJabatan.java:29)
	at ✽.user mengklik tombol action pada jabatan "STOFF"(file:///C:/Hegar/sqabatch23/TA/web_hadir/src/test/resources/features/jabatan/HapusJabatan.feature:14)
]]></failure>
  </testcase>
  <testcase name="runScenario[&quot;Reset filter setelah melakukan pencarian&quot;, &quot;Reset Filter Level Jabatan&quot;](11)" classname="com.dikahadir.runners.RunnerJabatanTest" time="14.25">
    <system-out><![CDATA[🔍 URL setelah reset: https://magang.dikahadir.com/management/job-level
]]></system-out>
  </testcase>
  <testcase name="runScenario[&quot;Memfilter jabatan berdasarkan level&quot;, &quot;Filter Level Jabatan&quot;](12)" classname="com.dikahadir.runners.RunnerJabatanTest" time="15.618"/>
  <testcase name="runScenario[&quot;Memfilter jabatan dengan level yang tidak ada&quot;, &quot;Filter Level Jabatan&quot;](13)" classname="com.dikahadir.runners.RunnerJabatanTest" time="20.241">
    <system-out><![CDATA[🔍 Current URL: https://magang.dikahadir.com/management/job-level?level%5B%24like%5D=%2510000%25
]]></system-out>
  </testcase>
  <testcase name="runScenario[&quot;Memfilter jabatan dengan input alfabet&quot;, &quot;Filter Level Jabatan&quot;](14)" classname="com.dikahadir.runners.RunnerJabatanTest" time="15.521">
    <system-out><![CDATA[🔍 Current URL: https://magang.dikahadir.com/management/job-level?level%5B%24like%5D=%25abc%25
]]></system-out>
  </testcase>
  <testcase name="runScenario[&quot;Tambah jabatan baru dengan data nama baru dan level baru&quot;, &quot;Tambah Jabatan&quot;](15)" classname="com.dikahadir.runners.RunnerJabatanTest" time="21.558"/>
  <testcase name="runScenario[&quot;Tambah jabatan baru dengan data nama yang sudah ada tetapi level berbeda&quot;, &quot;Tambah Jabatan&quot;](16)" classname="com.dikahadir.runners.RunnerJabatanTest" time="21.494"/>
  <testcase name="runScenario[&quot;Tambah jabatan baru dengan data  Nama baru dan level yang sudah ada&quot;, &quot;Tambah Jabatan&quot;](17)" classname="com.dikahadir.runners.RunnerJabatanTest" time="21.487"/>
  <testcase name="runScenario[&quot;Validasi penambahan jabatan dengan data invalid (nama yang sama dan level yang sama,inputan level non numeric,level negtif atau minus)&quot;, &quot;Tambah Jabatan&quot;](18)" classname="com.dikahadir.runners.RunnerJabatanTest" time="21.876">
    <failure message="Pesan error tidak sesuai! expected [Gagal Menambahkan Job Level] but found [Berhasil Menambahkan Job Level]" type="java.lang.AssertionError"><![CDATA[java.lang.AssertionError: Pesan error tidak sesuai! expected [Gagal Menambahkan Job Level] but found [Berhasil Menambahkan Job Level]
	at org.testng.Assert.fail(Assert.java:111)
	at org.testng.Assert.failNotEquals(Assert.java:1578)
	at org.testng.Assert.assertEqualsImpl(Assert.java:150)
	at org.testng.Assert.assertEquals(Assert.java:132)
	at org.testng.Assert.assertEquals(Assert.java:656)
	at com.dikahadir.definitions.jabatan.TambahJabatanTest.pesanError(TambahJabatanTest.java:69)
	at ✽.sistem menampilkan pesan error "Gagal Menambahkan Job Level"(file:///C:/Hegar/sqabatch23/TA/web_hadir/src/test/resources/features/jabatan/TambahJabatan.feature:48)
]]></failure>
  </testcase>
  <testcase name="runScenario[&quot;Validasi penambahan jabatan dengan data invalid (nama yang sama dan level yang sama,inputan level non numeric,level negtif atau minus)&quot;, &quot;Tambah Jabatan&quot;](19)" classname="com.dikahadir.runners.RunnerJabatanTest" time="19.461"/>
  <testcase name="runScenario[&quot;Validasi penambahan jabatan dengan data invalid (nama yang sama dan level yang sama,inputan level non numeric,level negtif atau minus)&quot;, &quot;Tambah Jabatan&quot;](20)" classname="com.dikahadir.runners.RunnerJabatanTest" time="21.307">
    <failure message="Pesan error tidak sesuai! expected [Gagal Menambahkan Job Level] but found [Berhasil Menambahkan Job Level]" type="java.lang.AssertionError"><![CDATA[java.lang.AssertionError: Pesan error tidak sesuai! expected [Gagal Menambahkan Job Level] but found [Berhasil Menambahkan Job Level]
	at org.testng.Assert.fail(Assert.java:111)
	at org.testng.Assert.failNotEquals(Assert.java:1578)
	at org.testng.Assert.assertEqualsImpl(Assert.java:150)
	at org.testng.Assert.assertEquals(Assert.java:132)
	at org.testng.Assert.assertEquals(Assert.java:656)
	at com.dikahadir.definitions.jabatan.TambahJabatanTest.pesanError(TambahJabatanTest.java:69)
	at ✽.sistem menampilkan pesan error "Gagal Menambahkan Job Level"(file:///C:/Hegar/sqabatch23/TA/web_hadir/src/test/resources/features/jabatan/TambahJabatan.feature:48)
]]></failure>
  </testcase>
  <testcase name="runScenario[&quot;Validasi field kosong saat menambahkan jabatan&quot;, &quot;Tambah Jabatan&quot;](21)" classname="com.dikahadir.runners.RunnerJabatanTest" time="25.279"/>
  <testcase name="runScenario[&quot;Validasi field kosong saat menambahkan jabatan&quot;, &quot;Tambah Jabatan&quot;](22)" classname="com.dikahadir.runners.RunnerJabatanTest" time="17.048"/>
  <testcase name="runScenario[&quot;Batal menambah jabatan dengan menekan tombol batal pada form tambah jabatan&quot;, &quot;Tambah Jabatan&quot;](23)" classname="com.dikahadir.runners.RunnerJabatanTest" time="15.85"/>
</testsuite>