<?xml version="1.0" encoding="UTF-8"?>
<testng-results ignored="0" total="6" passed="4" failed="2" skipped="0">
  <reporter-output>
  </reporter-output>
  <suite started-at="2025-08-24T09:33:43 WIB" name="Main Test" finished-at="2025-08-24T09:35:58 WIB" duration-ms="134066">
    <groups>
      <group name="cucumber">
        <method signature="AbstractTestNGCucumberTests.runScenario(io.cucumber.testng.PickleWrapper,io.cucumber.testng.FeatureWrapper)[pri:0, instance:com.dikahadir.runners.RunnerAturanCutiTest@4218d6a3]" name="runScenario" class="io.cucumber.testng.AbstractTestNGCucumberTests"/>
      </group> <!-- cucumber -->
    </groups>
    <test started-at="2025-08-24T09:33:43 WIB" name="Test Math" finished-at="2025-08-24T09:35:58 WIB" duration-ms="134066">
      <class name="com.dikahadir.runners.RunnerAturanCutiTest">
        <test-method is-config="true" signature="setUpClass(org.testng.ITestContext)[pri:0, instance:com.dikahadir.runners.RunnerAturanCutiTest@4218d6a3]" started-at="2025-08-24T09:33:44 WIB" name="setUpClass" finished-at="2025-08-24T09:33:44 WIB" duration-ms="683" status="PASS">
          <params>
            <param index="0">
              <value>
                <![CDATA[org.testng.TestRunner@2ec5cc14]]>
              </value>
            </param>
          </params>
          <reporter-output>
          </reporter-output>
        </test-method> <!-- setUpClass -->
        <test-method signature="runScenario(io.cucumber.testng.PickleWrapper,io.cucumber.testng.FeatureWrapper)[pri:0, instance:com.dikahadir.runners.RunnerAturanCutiTest@4218d6a3]" started-at="2025-08-24T09:33:44 WIB" name="runScenario" description="Runs Cucumber Scenarios" data-provider="scenarios" finished-at="2025-08-24T09:34:02 WIB" duration-ms="18083" status="PASS">
          <params>
            <param index="0">
              <value>
                <![CDATA["mengedit aturan cuti"]]>
              </value>
            </param>
            <param index="1">
              <value>
                <![CDATA["Edit Aturan Cuti"]]>
              </value>
            </param>
          </params>
          <reporter-output>
          </reporter-output>
        </test-method> <!-- runScenario -->
        <test-method signature="runScenario(io.cucumber.testng.PickleWrapper,io.cucumber.testng.FeatureWrapper)[pri:0, instance:com.dikahadir.runners.RunnerAturanCutiTest@4218d6a3]" started-at="2025-08-24T09:34:02 WIB" name="runScenario" description="Runs Cucumber Scenarios" data-provider="scenarios" finished-at="2025-08-24T09:34:17 WIB" duration-ms="14858" status="PASS">
          <params>
            <param index="0">
              <value>
                <![CDATA["Pencarian aturan cuti"]]>
              </value>
            </param>
            <param index="1">
              <value>
                <![CDATA["Tombol Reset"]]>
              </value>
            </param>
          </params>
          <reporter-output>
          </reporter-output>
        </test-method> <!-- runScenario -->
        <test-method signature="runScenario(io.cucumber.testng.PickleWrapper,io.cucumber.testng.FeatureWrapper)[pri:0, instance:com.dikahadir.runners.RunnerAturanCutiTest@4218d6a3]" started-at="2025-08-24T09:34:17 WIB" name="runScenario" description="Runs Cucumber Scenarios" data-provider="scenarios" finished-at="2025-08-24T09:34:40 WIB" duration-ms="22843" status="PASS">
          <params>
            <param index="0">
              <value>
                <![CDATA["Pencarian aturan cuti"]]>
              </value>
            </param>
            <param index="1">
              <value>
                <![CDATA["Tombol Search"]]>
              </value>
            </param>
          </params>
          <reporter-output>
          </reporter-output>
        </test-method> <!-- runScenario -->
        <test-method signature="runScenario(io.cucumber.testng.PickleWrapper,io.cucumber.testng.FeatureWrapper)[pri:0, instance:com.dikahadir.runners.RunnerAturanCutiTest@4218d6a3]" started-at="2025-08-24T09:34:40 WIB" name="runScenario" description="Runs Cucumber Scenarios" data-provider="scenarios" finished-at="2025-08-24T09:35:00 WIB" duration-ms="19867" status="PASS">
          <params>
            <param index="0">
              <value>
                <![CDATA["Tambah aturan cuti baru dengan data valid"]]>
              </value>
            </param>
            <param index="1">
              <value>
                <![CDATA["Tambah Aturan Cuti"]]>
              </value>
            </param>
          </params>
          <reporter-output>
          </reporter-output>
        </test-method> <!-- runScenario -->
        <test-method signature="runScenario(io.cucumber.testng.PickleWrapper,io.cucumber.testng.FeatureWrapper)[pri:0, instance:com.dikahadir.runners.RunnerAturanCutiTest@4218d6a3]" started-at="2025-08-24T09:35:00 WIB" name="runScenario" description="Runs Cucumber Scenarios" data-provider="scenarios" finished-at="2025-08-24T09:35:24 WIB" duration-ms="24448" status="FAIL">
          <params>
            <param index="0">
              <value>
                <![CDATA["Tambah aturan cuti dengan data invalid"]]>
              </value>
            </param>
            <param index="1">
              <value>
                <![CDATA["Tambah Aturan Cuti"]]>
              </value>
            </param>
          </params>
          <exception class="java.lang.AssertionError">
            <message>
              <![CDATA[Pesan sukses tidak sesuai! expected [Gagal Membuat Aturan Cuti] but found [Sukses Membuat Aturan Cuti]]]>
            </message>
            <full-stacktrace>
              <![CDATA[java.lang.AssertionError: Pesan sukses tidak sesuai! expected [Gagal Membuat Aturan Cuti] but found [Sukses Membuat Aturan Cuti]
at org.testng.Assert.fail(Assert.java:111)
at org.testng.Assert.failNotEquals(Assert.java:1578)
at org.testng.Assert.assertEqualsImpl(Assert.java:150)
at org.testng.Assert.assertEquals(Assert.java:132)
at org.testng.Assert.assertEquals(Assert.java:656)
at com.dikahadir.definitions.aturancuti.TambahAturanCutiTest.aturanCutiBerhasilDitambahkan(TambahAturanCutiTest.java:63)
at ✽.sistem menampilkan pesan "Gagal Membuat Aturan Cuti"(file:///C:/Hegar/sqabatch23/TA/web_hadir/src/test/resources/features/aturancuti/TambahAturanCuti.feature:30)
]]>
            </full-stacktrace>
          </exception> <!-- java.lang.AssertionError -->
          <reporter-output>
          </reporter-output>
        </test-method> <!-- runScenario -->
        <test-method signature="runScenario(io.cucumber.testng.PickleWrapper,io.cucumber.testng.FeatureWrapper)[pri:0, instance:com.dikahadir.runners.RunnerAturanCutiTest@4218d6a3]" started-at="2025-08-24T09:35:24 WIB" name="runScenario" description="Runs Cucumber Scenarios" data-provider="scenarios" finished-at="2025-08-24T09:35:57 WIB" duration-ms="32417" status="FAIL">
          <params>
            <param index="0">
              <value>
                <![CDATA["Tambah aturan cuti dengan data invalid"]]>
              </value>
            </param>
            <param index="1">
              <value>
                <![CDATA["Tambah Aturan Cuti"]]>
              </value>
            </param>
          </params>
          <exception class="java.lang.AssertionError">
            <message>
              <![CDATA[Pesan sukses tidak sesuai! expected [Gagal Membuat Aturan Cuti] but found [Sukses Membuat Aturan Cuti]]]>
            </message>
            <full-stacktrace>
              <![CDATA[java.lang.AssertionError: Pesan sukses tidak sesuai! expected [Gagal Membuat Aturan Cuti] but found [Sukses Membuat Aturan Cuti]
at org.testng.Assert.fail(Assert.java:111)
at org.testng.Assert.failNotEquals(Assert.java:1578)
at org.testng.Assert.assertEqualsImpl(Assert.java:150)
at org.testng.Assert.assertEquals(Assert.java:132)
at org.testng.Assert.assertEquals(Assert.java:656)
at com.dikahadir.definitions.aturancuti.TambahAturanCutiTest.aturanCutiBerhasilDitambahkan(TambahAturanCutiTest.java:63)
at ✽.sistem menampilkan pesan "Gagal Membuat Aturan Cuti"(file:///C:/Hegar/sqabatch23/TA/web_hadir/src/test/resources/features/aturancuti/TambahAturanCuti.feature:30)
]]>
            </full-stacktrace>
          </exception> <!-- java.lang.AssertionError -->
          <reporter-output>
          </reporter-output>
        </test-method> <!-- runScenario -->
        <test-method is-config="true" signature="tearDownClass()[pri:0, instance:com.dikahadir.runners.RunnerAturanCutiTest@4218d6a3]" started-at="2025-08-24T09:35:57 WIB" name="tearDownClass" finished-at="2025-08-24T09:35:58 WIB" duration-ms="834" status="PASS">
          <reporter-output>
          </reporter-output>
        </test-method> <!-- tearDownClass -->
      </class> <!-- com.dikahadir.runners.RunnerAturanCutiTest -->
    </test> <!-- Test Math -->
  </suite> <!-- Main Test -->
</testng-results>
