-------------------------------------------------------------------------------
Test set: TestSuite
-------------------------------------------------------------------------------
Tests run: 26, Failures: 3, Errors: 0, Skipped: 0, Time elapsed: 725.0 s <<< FAILURE! -- in TestSuite
com.dikahadir.runners.RunnerJabatanTest.runScenario["Mengubah nama jabatan dan level jabatan dengan nama jabatan dan level jabatan yang sudah ada,inputan level mengandung angka negtif", "Edit Jabatan"](4) -- Time elapsed: 28.30 s <<< FAILURE!
java.lang.AssertionError: Pesan sukses tidak sesuai expected [Gagal Edit Jabatan] but found [Berhasil Edit Jabatan]
	at org.testng.Assert.fail(Assert.java:111)
	at org.testng.Assert.failNotEquals(Assert.java:1578)
	at org.testng.Assert.assertEqualsImpl(Assert.java:150)
	at org.testng.Assert.assertEquals(Assert.java:132)
	at org.testng.Assert.assertEquals(Assert.java:656)
	at com.dikahadir.definitions.jabatan.EditJabatanTest.sistemMenampilkanPesan(EditJabatanTest.java:59)
	at ✽.sistem akan menampilkan pesan "Gagal Edit Jabatan"(file:///C:/Hegar/sqabatch23/TA/web_hadir/src/test/resources/features/jabatan/EditJabatan.feature:51)

com.dikahadir.runners.RunnerJabatanTest.runScenario["Berpindah ke halaman sebelumnya dengan menekan tombol sebelumnya", "Tombol Pagination"](13) -- Time elapsed: 26.56 s <<< FAILURE!
org.openqa.selenium.TimeoutException: 
Expected condition failed: waiting for element to be clickable: By.xpath: //button[@aria-label='Go to last page' and not(@disabled)] (tried for 10 second(s) with 500 milliseconds interval)
Build info: version: '4.34.0', revision: '707dcb4246*'
System info: os.name: 'Windows 11', os.arch: 'amd64', os.version: '10.0', java.version: '21.0.8'
Driver info: org.openqa.selenium.firefox.FirefoxDriver
Capabilities {acceptInsecureCerts: true, browserName: firefox, browserVersion: 142.0, moz:accessibilityChecks: false, moz:buildID: 20250811145442, moz:geckodriverVersion: 0.36.0, moz:headless: false, moz:platformVersion: 10.0, moz:processID: 297544, moz:profile: C:\Users\LENOVO\AppData\Loc..., moz:shutdownTimeout: 60000, moz:webdriverClick: true, moz:windowless: false, pageLoadStrategy: normal, platformName: windows, proxy: Proxy(), setWindowRect: true, strictFileInteractability: false, timeouts: {implicit: 0, pageLoad: 300000, script: 30000}, unhandledPromptBehavior: dismiss and notify, userAgent: Mozilla/5.0 (Windows NT 10....}
Session ID: 7247f10c-cc8f-4b67-b851-03691c902fe2
	at org.openqa.selenium.support.ui.WebDriverWait.timeoutException(WebDriverWait.java:84)
	at org.openqa.selenium.support.ui.FluentWait.until(FluentWait.java:228)
	at com.dikahadir.page.JabatanPage.clickLastPageButton(JabatanPage.java:244)
	at com.dikahadir.definitions.jabatan.PaginationTest.keHalamanTerakhir(PaginationTest.java:40)
	at ✽.user menekan tombol ke halaman terakhir(file:///C:/Hegar/sqabatch23/TA/web_hadir/src/test/resources/features/jabatan/Pagination.feature:23)

com.dikahadir.runners.RunnerJabatanTest.runScenario["Validasi penambahan jabatan dengan data invalid (nama yang sama dan level yang sama,inputan level non numeric,level negtif atau minus)", "Tambah Jabatan"](23) -- Time elapsed: 28.99 s <<< FAILURE!
java.lang.AssertionError: Pesan error tidak sesuai! expected [Gagal Menambahkan Job Level] but found [Berhasil Menambahkan Job Level]
	at org.testng.Assert.fail(Assert.java:111)
	at org.testng.Assert.failNotEquals(Assert.java:1578)
	at org.testng.Assert.assertEqualsImpl(Assert.java:150)
	at org.testng.Assert.assertEquals(Assert.java:132)
	at org.testng.Assert.assertEquals(Assert.java:656)
	at com.dikahadir.definitions.jabatan.TambahJabatanTest.pesanError(TambahJabatanTest.java:70)
	at ✽.sistem menampilkan pesan error "Gagal Menambahkan Job Level"(file:///C:/Hegar/sqabatch23/TA/web_hadir/src/test/resources/features/jabatan/TambahJabatan.feature:48)

