<?xml version="1.0" encoding="UTF-8"?>
<testng-results ignored="0" total="1" passed="1" failed="0" skipped="0">
  <reporter-output>
  </reporter-output>
  <suite started-at="2025-08-15T20:16:47 WIB" name="Main Test" finished-at="2025-08-15T20:17:12 WIB" duration-ms="25119">
    <groups>
    </groups>
    <test started-at="2025-08-15T20:16:47 WIB" name="Test Math" finished-at="2025-08-15T20:17:12 WIB" duration-ms="25119">
      <class name="com.dikahadir.ManagementTest">
        <test-method is-config="true" signature="setUp()[pri:0, instance:com.dikahadir.ManagementTest@6cf0e0ba]" started-at="2025-08-15T20:16:47 WIB" name="setUp" finished-at="2025-08-15T20:17:05 WIB" duration-ms="18204" status="PASS">
          <reporter-output>
          </reporter-output>
        </test-method> <!-- setUp -->
        <test-method signature="openManagementMenu()[pri:0, instance:com.dikahadir.ManagementTest@6cf0e0ba]" started-at="2025-08-15T20:17:05 WIB" name="openManagementMenu" finished-at="2025-08-15T20:17:10 WIB" duration-ms="5447" status="PASS">
          <reporter-output>
          </reporter-output>
        </test-method> <!-- openManagementMenu -->
        <test-method is-config="true" signature="tearDown()[pri:0, instance:com.dikahadir.ManagementTest@6cf0e0ba]" started-at="2025-08-15T20:17:10 WIB" name="tearDown" finished-at="2025-08-15T20:17:12 WIB" duration-ms="1391" status="PASS">
          <reporter-output>
          </reporter-output>
        </test-method> <!-- tearDown -->
      </class> <!-- com.dikahadir.ManagementTest -->
    </test> <!-- Test Math -->
  </suite> <!-- Main Test -->
</testng-results>
