<?xml version="1.0" encoding="UTF-8"?>
<testng-results ignored="0" total="4" passed="4" failed="0" skipped="0">
  <reporter-output>
  </reporter-output>
  <suite started-at="2025-08-18T07:26:02 WIB" name="Main Test" finished-at="2025-08-18T07:26:51 WIB" duration-ms="49297">
    <groups>
    </groups>
    <test started-at="2025-08-18T07:26:02 WIB" name="Test Math" finished-at="2025-08-18T07:26:51 WIB" duration-ms="49297">
      <class name="com.dikahadir.Jabatan.TambahJabatanTest">
        <test-method is-config="true" signature="setUp()[pri:0, instance:com.dikahadir.Jabatan.TambahJabatanTest@5876a9af]" started-at="2025-08-18T07:26:02 WIB" name="setUp" finished-at="2025-08-18T07:26:15 WIB" duration-ms="13515" status="PASS">
          <reporter-output>
          </reporter-output>
        </test-method> <!-- setUp -->
        <test-method signature="testTambahJabatanBaru()[pri:1, instance:com.dikahadir.Jabatan.TambahJabatanTest@5876a9af]" started-at="2025-08-18T07:26:15 WIB" name="testTambahJabatanBaru" description="Verifikasi penambahan jabatan baru dengan data valid" finished-at="2025-08-18T07:26:18 WIB" duration-ms="3130" status="PASS">
          <reporter-output>
          </reporter-output>
        </test-method> <!-- testTambahJabatanBaru -->
        <test-method is-config="true" signature="tearDown()[pri:0, instance:com.dikahadir.Jabatan.TambahJabatanTest@5876a9af]" started-at="2025-08-18T07:26:18 WIB" name="tearDown" finished-at="2025-08-18T07:26:20 WIB" duration-ms="1555" status="PASS">
          <reporter-output>
          </reporter-output>
        </test-method> <!-- tearDown -->
        <test-method is-config="true" signature="setUp()[pri:0, instance:com.dikahadir.Jabatan.TambahJabatanTest@5876a9af]" started-at="2025-08-18T07:26:20 WIB" name="setUp" finished-at="2025-08-18T07:26:29 WIB" duration-ms="8829" status="PASS">
          <reporter-output>
          </reporter-output>
        </test-method> <!-- setUp -->
        <test-method signature="TestTambahJabatanInvalidData1()[pri:2, instance:com.dikahadir.Jabatan.TambahJabatanTest@5876a9af]" started-at="2025-08-18T07:26:29 WIB" name="TestTambahJabatanInvalidData1" description="Verifikasi penambahan jabatan baru dengan nama jabatan yang sudah ada" finished-at="2025-08-18T07:26:30 WIB" duration-ms="1332" status="PASS">
          <reporter-output>
          </reporter-output>
        </test-method> <!-- TestTambahJabatanInvalidData1 -->
        <test-method is-config="true" signature="tearDown()[pri:0, instance:com.dikahadir.Jabatan.TambahJabatanTest@5876a9af]" started-at="2025-08-18T07:26:30 WIB" name="tearDown" finished-at="2025-08-18T07:26:32 WIB" duration-ms="1358" status="PASS">
          <reporter-output>
          </reporter-output>
        </test-method> <!-- tearDown -->
        <test-method is-config="true" signature="setUp()[pri:0, instance:com.dikahadir.Jabatan.TambahJabatanTest@5876a9af]" started-at="2025-08-18T07:26:32 WIB" name="setUp" finished-at="2025-08-18T07:26:39 WIB" duration-ms="7685" status="PASS">
          <reporter-output>
          </reporter-output>
        </test-method> <!-- setUp -->
        <test-method signature="TestTambahJabatanInvalidData2()[pri:3, instance:com.dikahadir.Jabatan.TambahJabatanTest@5876a9af]" started-at="2025-08-18T07:26:39 WIB" name="TestTambahJabatanInvalidData2" description="Verifikasi penambahan jabatan baru dengan nama jabatan yang kosong" finished-at="2025-08-18T07:26:40 WIB" duration-ms="1060" status="PASS">
          <reporter-output>
          </reporter-output>
        </test-method> <!-- TestTambahJabatanInvalidData2 -->
        <test-method is-config="true" signature="tearDown()[pri:0, instance:com.dikahadir.Jabatan.TambahJabatanTest@5876a9af]" started-at="2025-08-18T07:26:40 WIB" name="tearDown" finished-at="2025-08-18T07:26:42 WIB" duration-ms="1334" status="PASS">
          <reporter-output>
          </reporter-output>
        </test-method> <!-- tearDown -->
        <test-method is-config="true" signature="setUp()[pri:0, instance:com.dikahadir.Jabatan.TambahJabatanTest@5876a9af]" started-at="2025-08-18T07:26:42 WIB" name="setUp" finished-at="2025-08-18T07:26:48 WIB" duration-ms="6656" status="PASS">
          <reporter-output>
          </reporter-output>
        </test-method> <!-- setUp -->
        <test-method signature="TestTambahJabatanInvalidData3()[pri:4, instance:com.dikahadir.Jabatan.TambahJabatanTest@5876a9af]" started-at="2025-08-18T07:26:48 WIB" name="TestTambahJabatanInvalidData3" description="Verifikasi penambahan jabatan baru dengan level yang kosong" finished-at="2025-08-18T07:26:50 WIB" duration-ms="1465" status="PASS">
          <reporter-output>
          </reporter-output>
        </test-method> <!-- TestTambahJabatanInvalidData3 -->
        <test-method is-config="true" signature="tearDown()[pri:0, instance:com.dikahadir.Jabatan.TambahJabatanTest@5876a9af]" started-at="2025-08-18T07:26:50 WIB" name="tearDown" finished-at="2025-08-18T07:26:51 WIB" duration-ms="1277" status="PASS">
          <reporter-output>
          </reporter-output>
        </test-method> <!-- tearDown -->
      </class> <!-- com.dikahadir.Jabatan.TambahJabatanTest -->
    </test> <!-- Test Math -->
  </suite> <!-- Main Test -->
</testng-results>
