<?xml version="1.0" encoding="UTF-8"?>
<testsuite xmlns:xsi="http://www.w3.org/2001/XMLSchema-instance" xsi:noNamespaceSchemaLocation="https://maven.apache.org/surefire/maven-surefire-plugin/xsd/surefire-test-report-3.0.xsd" version="3.0" name="TestSuite" time="91.467" tests="4" errors="0" skipped="0" failures="1">
  <properties>
[...]
</properties>
  <testcase name="runScenario[&quot;mengedit aturan cuti dengan data valid&quot;, &quot;Edit Aturan Cuti&quot;](1)" classname="com.dikahadir.runners.RunnerAturanCutiTest" time="32.568">
    <system-out><![CDATA[Klik berhasil dengan click()
]]></system-out>
  </testcase>
  <testcase name="runScenario[&quot;Mengedit aturan cuti dengan data invalid&quot;, &quot;Edit Aturan Cuti&quot;](2)" classname="com.dikahadir.runners.RunnerAturanCutiTest" time="19.126">
    <failure message="Validasi Aturan Cuti tidak sesuai! expected [Gagal Mengubah Aturan Cuti] but found [Sukses Mengubah Aturan Cuti]" type="java.lang.AssertionError"><![CDATA[java.lang.AssertionError: Validasi Aturan Cuti tidak sesuai! expected [Gagal Mengubah Aturan Cuti] but found [Sukses Mengubah Aturan Cuti]
	at org.testng.Assert.fail(Assert.java:111)
	at org.testng.Assert.failNotEquals(Assert.java:1578)
	at org.testng.Assert.assertEqualsImpl(Assert.java:150)
	at org.testng.Assert.assertEquals(Assert.java:132)
	at org.testng.Assert.assertEquals(Assert.java:656)
	at com.dikahadir.definitions.aturancuti.EditAturanCutiTest.getPesanSukses(EditAturanCutiTest.java:82)
	at ✽.sistem akan menampilkan pesan "Gagal Mengubah Aturan Cuti".(file:///C:/Hegar/sqabatch23/TA/web_hadir/src/test/resources/features/aturancuti/EditAturanCuti.feature:36)
]]></failure>
    <system-out><![CDATA[Klik berhasil dengan click()
]]></system-out>
  </testcase>
  <testcase name="runScenario[&quot;Mengedit aturan cuti dengan  field kosong&quot;, &quot;Edit Aturan Cuti&quot;](3)" classname="com.dikahadir.runners.RunnerAturanCutiTest" time="20.209">
    <system-out><![CDATA[Klik berhasil dengan click()
]]></system-out>
  </testcase>
  <testcase name="runScenario[&quot;Batal Edit&quot;, &quot;Edit Aturan Cuti&quot;](4)" classname="com.dikahadir.runners.RunnerAturanCutiTest" time="16.983">
    <system-out><![CDATA[Klik berhasil dengan click()
]]></system-out>
  </testcase>
</testsuite>