<?xml version="1.0" encoding="UTF-8"?>
<testsuite xmlns:xsi="http://www.w3.org/2001/XMLSchema-instance" xsi:noNamespaceSchemaLocation="https://maven.apache.org/surefire/maven-surefire-plugin/xsd/surefire-test-report-3.0.xsd" version="3.0" name="TestSuite" time="128.663" tests="8" errors="0" skipped="0" failures="4">
  <properties>
[...]
</properties>
  <testcase name="runScenario[&quot;Memfilter jabatan berdasarkan level&quot;, &quot;Filter Level Jabatan&quot;](1)" classname="com.dikahadir.runners.RunnerJabatanTest" time="15.472">
    <failure message="Level jabatan tidak cocok. Seharusnya: &apos;1&apos;, tapi ditemukan: &apos;10&apos;. expected [1] but found [10]" type="java.lang.AssertionError"><![CDATA[java.lang.AssertionError: Level jabatan tidak cocok. Seharusnya: '1', tapi ditemukan: '10'. expected [1] but found [10]
	at org.testng.Assert.fail(Assert.java:111)
	at org.testng.Assert.failNotEquals(Assert.java:1578)
	at org.testng.Assert.assertEqualsImpl(Assert.java:150)
	at org.testng.Assert.assertEquals(Assert.java:132)
	at org.testng.Assert.assertEquals(Assert.java:656)
	at com.dikahadir.definitions.jabatan.FilterLevelJabatanTest.semuaJabatanMemilikiLevel(FilterLevelJabatanTest.java:39)
	at ✽.semua jabatan yang ditampilkan memiliki level "1"(file:///C:/Hegar/sqabatch23/TA/web_hadir/src/test/resources/features/jabatan/FilterJabatan.feature:6)
]]></failure>
  </testcase>
  <testcase name="runScenario[&quot;Memfilter jabatan berdasarkan level&quot;, &quot;Filter Level Jabatan&quot;](2)" classname="com.dikahadir.runners.RunnerJabatanTest" time="14.251">
    <failure message="Level jabatan tidak cocok. Seharusnya: &apos;2&apos;, tapi ditemukan: &apos;1&apos;. expected [2] but found [1]" type="java.lang.AssertionError"><![CDATA[java.lang.AssertionError: Level jabatan tidak cocok. Seharusnya: '2', tapi ditemukan: '1'. expected [2] but found [1]
	at org.testng.Assert.fail(Assert.java:111)
	at org.testng.Assert.failNotEquals(Assert.java:1578)
	at org.testng.Assert.assertEqualsImpl(Assert.java:150)
	at org.testng.Assert.assertEquals(Assert.java:132)
	at org.testng.Assert.assertEquals(Assert.java:656)
	at com.dikahadir.definitions.jabatan.FilterLevelJabatanTest.semuaJabatanMemilikiLevel(FilterLevelJabatanTest.java:39)
	at ✽.semua jabatan yang ditampilkan memiliki level "2"(file:///C:/Hegar/sqabatch23/TA/web_hadir/src/test/resources/features/jabatan/FilterJabatan.feature:6)
]]></failure>
  </testcase>
  <testcase name="runScenario[&quot;Memfilter jabatan berdasarkan level&quot;, &quot;Filter Level Jabatan&quot;](3)" classname="com.dikahadir.runners.RunnerJabatanTest" time="18.953">
    <failure message="Expected condition failed: waiting for visibility of element located by By.xpath: (//p[normalize-space()=&apos;Management&apos;])[1] (tried for 10 second(s) with 500 milliseconds interval)&#10;Build info: version: &apos;4.34.0&apos;, revision: &apos;707dcb4246*&apos;&#10;System info: os.name: &apos;Windows 11&apos;, os.arch: &apos;amd64&apos;, os.version: &apos;10.0&apos;, java.version: &apos;21.0.8&apos;&#10;Driver info: org.openqa.selenium.firefox.FirefoxDriver&#10;Capabilities {acceptInsecureCerts: true, browserName: firefox, browserVersion: 141.0.3, moz:accessibilityChecks: false, moz:buildID: 20250806102122, moz:geckodriverVersion: 0.36.0, moz:headless: false, moz:platformVersion: 10.0, moz:processID: 81900, moz:profile: C:\Users\LENOVO\AppData\Loc..., moz:shutdownTimeout: 60000, moz:webdriverClick: true, moz:windowless: false, pageLoadStrategy: normal, platformName: windows, proxy: Proxy(), setWindowRect: true, strictFileInteractability: false, timeouts: {implicit: 0, pageLoad: 300000, script: 30000}, unhandledPromptBehavior: dismiss and notify, userAgent: Mozilla/5.0 (Windows NT 10....}&#10;Session ID: 3e57e686-71d3-4042-a291-c060dbc283e9" type="org.openqa.selenium.TimeoutException"><![CDATA[org.openqa.selenium.TimeoutException: 
Expected condition failed: waiting for visibility of element located by By.xpath: (//p[normalize-space()='Management'])[1] (tried for 10 second(s) with 500 milliseconds interval)
Build info: version: '4.34.0', revision: '707dcb4246*'
System info: os.name: 'Windows 11', os.arch: 'amd64', os.version: '10.0', java.version: '21.0.8'
Driver info: org.openqa.selenium.firefox.FirefoxDriver
Capabilities {acceptInsecureCerts: true, browserName: firefox, browserVersion: 141.0.3, moz:accessibilityChecks: false, moz:buildID: 20250806102122, moz:geckodriverVersion: 0.36.0, moz:headless: false, moz:platformVersion: 10.0, moz:processID: 81900, moz:profile: C:\Users\LENOVO\AppData\Loc..., moz:shutdownTimeout: 60000, moz:webdriverClick: true, moz:windowless: false, pageLoadStrategy: normal, platformName: windows, proxy: Proxy(), setWindowRect: true, strictFileInteractability: false, timeouts: {implicit: 0, pageLoad: 300000, script: 30000}, unhandledPromptBehavior: dismiss and notify, userAgent: Mozilla/5.0 (Windows NT 10....}
Session ID: 3e57e686-71d3-4042-a291-c060dbc283e9
	at org.openqa.selenium.support.ui.WebDriverWait.timeoutException(WebDriverWait.java:84)
	at org.openqa.selenium.support.ui.FluentWait.until(FluentWait.java:228)
	at com.dikahadir.Hooks.setUp(Hooks.java:38)
]]></failure>
  </testcase>
  <testcase name="runScenario[&quot;Reset filter setelah melakukan pencarian&quot;, &quot;Reset Filter Level Jabatan&quot;](4)" classname="com.dikahadir.runners.RunnerJabatanTest" time="13.05">
    <failure message="Jumlah baris setelah reset tidak kembali ke kondisi awal. expected [3] but found [10]" type="java.lang.AssertionError"><![CDATA[java.lang.AssertionError: Jumlah baris setelah reset tidak kembali ke kondisi awal. expected [3] but found [10]
	at org.testng.Assert.fail(Assert.java:111)
	at org.testng.Assert.failNotEquals(Assert.java:1578)
	at org.testng.Assert.assertEqualsImpl(Assert.java:150)
	at org.testng.Assert.assertEquals(Assert.java:132)
	at org.testng.Assert.assertEquals(Assert.java:1419)
	at org.testng.Assert.assertEquals(Assert.java:1383)
	at com.dikahadir.definitions.jabatan.ResetFilterLevelJabatanTest.verifikasiJumlahKembaliNormal(ResetFilterLevelJabatanTest.java:55)
	at ✽.jumlah jabatan yang ditampilkan kembali ke kondisi semula(file:///C:/Hegar/sqabatch23/TA/web_hadir/src/test/resources/features/jabatan/ResetFilterJabatan.feature:10)
]]></failure>
  </testcase>
  <testcase name="runScenario[&quot;Tambah jabatan baru dengan data valid&quot;, &quot;Tambah Jabatan&quot;](5)" classname="com.dikahadir.runners.RunnerJabatanTest" time="12.271"/>
  <testcase name="runScenario[&quot;Validasi penambahan jabatan dengan nama yang sudah ada&quot;, &quot;Tambah Jabatan&quot;](6)" classname="com.dikahadir.runners.RunnerJabatanTest" time="18.306"/>
  <testcase name="runScenario[&quot;Validasi field kosong saat menambahkan jabatan&quot;, &quot;Tambah Jabatan&quot;](7)" classname="com.dikahadir.runners.RunnerJabatanTest" time="21.133"/>
  <testcase name="runScenario[&quot;Validasi field kosong saat menambahkan jabatan&quot;, &quot;Tambah Jabatan&quot;](8)" classname="com.dikahadir.runners.RunnerJabatanTest" time="13.124"/>
</testsuite>