<?xml version="1.0" encoding="UTF-8"?>
<testng-results ignored="0" total="4" passed="3" failed="1" skipped="0">
  <reporter-output>
  </reporter-output>
  <suite started-at="2025-08-27T17:55:27 WIB" name="Main Test" finished-at="2025-08-27T17:56:58 WIB" duration-ms="90447">
    <groups>
      <group name="cucumber">
        <method signature="AbstractTestNGCucumberTests.runScenario(io.cucumber.testng.PickleWrapper,io.cucumber.testng.FeatureWrapper)[pri:0, instance:com.dikahadir.runners.RunnerAturanCutiTest@4218d6a3]" name="runScenario" class="io.cucumber.testng.AbstractTestNGCucumberTests"/>
      </group> <!-- cucumber -->
    </groups>
    <test started-at="2025-08-27T17:55:27 WIB" name="Test Math" finished-at="2025-08-27T17:56:58 WIB" duration-ms="90447">
      <class name="com.dikahadir.runners.RunnerAturanCutiTest">
        <test-method is-config="true" signature="setUpClass(org.testng.ITestContext)[pri:0, instance:com.dikahadir.runners.RunnerAturanCutiTest@4218d6a3]" started-at="2025-08-27T17:55:27 WIB" name="setUpClass" finished-at="2025-08-27T17:55:28 WIB" duration-ms="760" status="PASS">
          <params>
            <param index="0">
              <value>
                <![CDATA[org.testng.TestRunner@2af9a5ef]]>
              </value>
            </param>
          </params>
          <reporter-output>
          </reporter-output>
        </test-method> <!-- setUpClass -->
        <test-method signature="runScenario(io.cucumber.testng.PickleWrapper,io.cucumber.testng.FeatureWrapper)[pri:0, instance:com.dikahadir.runners.RunnerAturanCutiTest@4218d6a3]" started-at="2025-08-27T17:55:28 WIB" name="runScenario" description="Runs Cucumber Scenarios" data-provider="scenarios" finished-at="2025-08-27T17:56:00 WIB" duration-ms="32568" status="PASS">
          <params>
            <param index="0">
              <value>
                <![CDATA["mengedit aturan cuti dengan data valid"]]>
              </value>
            </param>
            <param index="1">
              <value>
                <![CDATA["Edit Aturan Cuti"]]>
              </value>
            </param>
          </params>
          <reporter-output>
          </reporter-output>
        </test-method> <!-- runScenario -->
        <test-method signature="runScenario(io.cucumber.testng.PickleWrapper,io.cucumber.testng.FeatureWrapper)[pri:0, instance:com.dikahadir.runners.RunnerAturanCutiTest@4218d6a3]" started-at="2025-08-27T17:56:00 WIB" name="runScenario" description="Runs Cucumber Scenarios" data-provider="scenarios" finished-at="2025-08-27T17:56:20 WIB" duration-ms="19122" status="FAIL">
          <params>
            <param index="0">
              <value>
                <![CDATA["Mengedit aturan cuti dengan data invalid"]]>
              </value>
            </param>
            <param index="1">
              <value>
                <![CDATA["Edit Aturan Cuti"]]>
              </value>
            </param>
          </params>
          <exception class="java.lang.AssertionError">
            <message>
              <![CDATA[Validasi Aturan Cuti tidak sesuai! expected [Gagal Mengubah Aturan Cuti] but found [Sukses Mengubah Aturan Cuti]]]>
            </message>
            <full-stacktrace>
              <![CDATA[java.lang.AssertionError: Validasi Aturan Cuti tidak sesuai! expected [Gagal Mengubah Aturan Cuti] but found [Sukses Mengubah Aturan Cuti]
at org.testng.Assert.fail(Assert.java:111)
at org.testng.Assert.failNotEquals(Assert.java:1578)
at org.testng.Assert.assertEqualsImpl(Assert.java:150)
at org.testng.Assert.assertEquals(Assert.java:132)
at org.testng.Assert.assertEquals(Assert.java:656)
at com.dikahadir.definitions.aturancuti.EditAturanCutiTest.getPesanSukses(EditAturanCutiTest.java:82)
at ✽.sistem akan menampilkan pesan "Gagal Mengubah Aturan Cuti".(file:///C:/Hegar/sqabatch23/TA/web_hadir/src/test/resources/features/aturancuti/EditAturanCuti.feature:36)
]]>
            </full-stacktrace>
          </exception> <!-- java.lang.AssertionError -->
          <reporter-output>
          </reporter-output>
        </test-method> <!-- runScenario -->
        <test-method signature="runScenario(io.cucumber.testng.PickleWrapper,io.cucumber.testng.FeatureWrapper)[pri:0, instance:com.dikahadir.runners.RunnerAturanCutiTest@4218d6a3]" started-at="2025-08-27T17:56:20 WIB" name="runScenario" description="Runs Cucumber Scenarios" data-provider="scenarios" finished-at="2025-08-27T17:56:40 WIB" duration-ms="20209" status="PASS">
          <params>
            <param index="0">
              <value>
                <![CDATA["Mengedit aturan cuti dengan  field kosong"]]>
              </value>
            </param>
            <param index="1">
              <value>
                <![CDATA["Edit Aturan Cuti"]]>
              </value>
            </param>
          </params>
          <reporter-output>
          </reporter-output>
        </test-method> <!-- runScenario -->
        <test-method signature="runScenario(io.cucumber.testng.PickleWrapper,io.cucumber.testng.FeatureWrapper)[pri:0, instance:com.dikahadir.runners.RunnerAturanCutiTest@4218d6a3]" started-at="2025-08-27T17:56:40 WIB" name="runScenario" description="Runs Cucumber Scenarios" data-provider="scenarios" finished-at="2025-08-27T17:56:57 WIB" duration-ms="16982" status="PASS">
          <params>
            <param index="0">
              <value>
                <![CDATA["Batal Edit"]]>
              </value>
            </param>
            <param index="1">
              <value>
                <![CDATA["Edit Aturan Cuti"]]>
              </value>
            </param>
          </params>
          <reporter-output>
          </reporter-output>
        </test-method> <!-- runScenario -->
        <test-method is-config="true" signature="tearDownClass()[pri:0, instance:com.dikahadir.runners.RunnerAturanCutiTest@4218d6a3]" started-at="2025-08-27T17:56:57 WIB" name="tearDownClass" finished-at="2025-08-27T17:56:58 WIB" duration-ms="750" status="PASS">
          <reporter-output>
          </reporter-output>
        </test-method> <!-- tearDownClass -->
      </class> <!-- com.dikahadir.runners.RunnerAturanCutiTest -->
    </test> <!-- Test Math -->
  </suite> <!-- Main Test -->
</testng-results>
