<?xml version="1.0" encoding="UTF-8"?>
<testng-results ignored="0" total="1" passed="1" failed="0" skipped="0">
  <reporter-output>
  </reporter-output>
  <suite started-at="2025-08-23T10:35:01 WIB" name="Main Test" finished-at="2025-08-23T10:35:34 WIB" duration-ms="32716">
    <groups>
      <group name="cucumber">
        <method signature="AbstractTestNGCucumberTests.runScenario(io.cucumber.testng.PickleWrapper,io.cucumber.testng.FeatureWrapper)[pri:0, instance:com.dikahadir.runners.RunnerJabatanTest@4218d6a3]" name="runScenario" class="io.cucumber.testng.AbstractTestNGCucumberTests"/>
      </group> <!-- cucumber -->
    </groups>
    <test started-at="2025-08-23T10:35:01 WIB" name="Test Math" finished-at="2025-08-23T10:35:34 WIB" duration-ms="32716">
      <class name="com.dikahadir.runners.RunnerJabatanTest">
        <test-method is-config="true" signature="setUpClass(org.testng.ITestContext)[pri:0, instance:com.dikahadir.runners.RunnerJabatanTest@4218d6a3]" started-at="2025-08-23T10:35:02 WIB" name="setUpClass" finished-at="2025-08-23T10:35:02 WIB" duration-ms="800" status="PASS">
          <params>
            <param index="0">
              <value>
                <![CDATA[org.testng.TestRunner@7f13811b]]>
              </value>
            </param>
          </params>
          <reporter-output>
          </reporter-output>
        </test-method> <!-- setUpClass -->
        <test-method signature="runScenario(io.cucumber.testng.PickleWrapper,io.cucumber.testng.FeatureWrapper)[pri:0, instance:com.dikahadir.runners.RunnerJabatanTest@4218d6a3]" started-at="2025-08-23T10:35:02 WIB" name="runScenario" description="Runs Cucumber Scenarios" data-provider="scenarios" finished-at="2025-08-23T10:35:33 WIB" duration-ms="31060" status="PASS">
          <params>
            <param index="0">
              <value>
                <![CDATA["Mengubah nama jabatan dengan fitur edit dengan data yang valid."]]>
              </value>
            </param>
            <param index="1">
              <value>
                <![CDATA["Edit Jabatan"]]>
              </value>
            </param>
          </params>
          <reporter-output>
          </reporter-output>
        </test-method> <!-- runScenario -->
        <test-method is-config="true" signature="tearDownClass()[pri:0, instance:com.dikahadir.runners.RunnerJabatanTest@4218d6a3]" started-at="2025-08-23T10:35:33 WIB" name="tearDownClass" finished-at="2025-08-23T10:35:34 WIB" duration-ms="795" status="PASS">
          <reporter-output>
          </reporter-output>
        </test-method> <!-- tearDownClass -->
      </class> <!-- com.dikahadir.runners.RunnerJabatanTest -->
    </test> <!-- Test Math -->
  </suite> <!-- Main Test -->
</testng-results>
