<?xml version="1.0" encoding="UTF-8"?>
<testng-results ignored="0" total="2" passed="2" failed="0" skipped="0">
  <reporter-output>
  </reporter-output>
  <suite started-at="2025-08-24T17:08:56 WIB" name="Main Test" finished-at="2025-08-24T17:09:50 WIB" duration-ms="54109">
    <groups>
      <group name="cucumber">
        <method signature="AbstractTestNGCucumberTests.runScenario(io.cucumber.testng.PickleWrapper,io.cucumber.testng.FeatureWrapper)[pri:0, instance:com.dikahadir.runners.RunnerAturanCutiTest@4218d6a3]" name="runScenario" class="io.cucumber.testng.AbstractTestNGCucumberTests"/>
      </group> <!-- cucumber -->
    </groups>
    <test started-at="2025-08-24T17:08:56 WIB" name="Test Math" finished-at="2025-08-24T17:09:50 WIB" duration-ms="54109">
      <class name="com.dikahadir.runners.RunnerAturanCutiTest">
        <test-method is-config="true" signature="setUpClass(org.testng.ITestContext)[pri:0, instance:com.dikahadir.runners.RunnerAturanCutiTest@4218d6a3]" started-at="2025-08-24T17:08:56 WIB" name="setUpClass" finished-at="2025-08-24T17:08:57 WIB" duration-ms="763" status="PASS">
          <params>
            <param index="0">
              <value>
                <![CDATA[org.testng.TestRunner@3a38f122]]>
              </value>
            </param>
          </params>
          <reporter-output>
          </reporter-output>
        </test-method> <!-- setUpClass -->
        <test-method signature="runScenario(io.cucumber.testng.PickleWrapper,io.cucumber.testng.FeatureWrapper)[pri:0, instance:com.dikahadir.runners.RunnerAturanCutiTest@4218d6a3]" started-at="2025-08-24T17:08:57 WIB" name="runScenario" description="Runs Cucumber Scenarios" data-provider="scenarios" finished-at="2025-08-24T17:09:23 WIB" duration-ms="26404" status="PASS">
          <params>
            <param index="0">
              <value>
                <![CDATA["mengedit aturan cuti"]]>
              </value>
            </param>
            <param index="1">
              <value>
                <![CDATA["Edit Aturan Cuti"]]>
              </value>
            </param>
          </params>
          <reporter-output>
          </reporter-output>
        </test-method> <!-- runScenario -->
        <test-method signature="runScenario(io.cucumber.testng.PickleWrapper,io.cucumber.testng.FeatureWrapper)[pri:0, instance:com.dikahadir.runners.RunnerAturanCutiTest@4218d6a3]" started-at="2025-08-24T17:09:23 WIB" name="runScenario" description="Runs Cucumber Scenarios" data-provider="scenarios" finished-at="2025-08-24T17:09:49 WIB" duration-ms="25929" status="PASS">
          <params>
            <param index="0">
              <value>
                <![CDATA["Batal Edit"]]>
              </value>
            </param>
            <param index="1">
              <value>
                <![CDATA["Edit Aturan Cuti"]]>
              </value>
            </param>
          </params>
          <reporter-output>
          </reporter-output>
        </test-method> <!-- runScenario -->
        <test-method is-config="true" signature="tearDownClass()[pri:0, instance:com.dikahadir.runners.RunnerAturanCutiTest@4218d6a3]" started-at="2025-08-24T17:09:49 WIB" name="tearDownClass" finished-at="2025-08-24T17:09:50 WIB" duration-ms="924" status="PASS">
          <reporter-output>
          </reporter-output>
        </test-method> <!-- tearDownClass -->
      </class> <!-- com.dikahadir.runners.RunnerAturanCutiTest -->
    </test> <!-- Test Math -->
  </suite> <!-- Main Test -->
</testng-results>
