<?xml version="1.0" encoding="UTF-8"?>
<testng-results ignored="0" total="1" passed="1" failed="0" skipped="0">
  <reporter-output>
  </reporter-output>
  <suite started-at="2025-08-18T18:36:34 WIB" name="Main Test" finished-at="2025-08-18T18:36:48 WIB" duration-ms="13693">
    <groups>
    </groups>
    <test started-at="2025-08-18T18:36:34 WIB" name="Test Math" finished-at="2025-08-18T18:36:48 WIB" duration-ms="13693">
      <class name="com.dikahadir.Jabatan.ResetFilterLevelJabatanTest">
        <test-method is-config="true" signature="setUp()[pri:0, instance:com.dikahadir.Jabatan.ResetFilterLevelJabatanTest@1aa7ecca]" started-at="2025-08-18T18:36:34 WIB" name="setUp" finished-at="2025-08-18T18:36:44 WIB" duration-ms="10214" status="PASS">
          <reporter-output>
          </reporter-output>
        </test-method> <!-- setUp -->
        <test-method signature="testResetFilter()[pri:2, instance:com.dikahadir.Jabatan.ResetFilterLevelJabatanTest@1aa7ecca]" started-at="2025-08-18T18:36:44 WIB" name="testResetFilter" description="Verifikasi fungsionalitas tombol Reset Filter." finished-at="2025-08-18T18:36:45 WIB" duration-ms="1380" status="PASS">
          <reporter-output>
          </reporter-output>
        </test-method> <!-- testResetFilter -->
        <test-method is-config="true" signature="tearDown()[pri:0, instance:com.dikahadir.Jabatan.ResetFilterLevelJabatanTest@1aa7ecca]" started-at="2025-08-18T18:36:45 WIB" name="tearDown" finished-at="2025-08-18T18:36:48 WIB" duration-ms="2030" status="PASS">
          <reporter-output>
          </reporter-output>
        </test-method> <!-- tearDown -->
      </class> <!-- com.dikahadir.Jabatan.ResetFilterLevelJabatanTest -->
    </test> <!-- Test Math -->
  </suite> <!-- Main Test -->
</testng-results>
