<?xml version="1.0" encoding="UTF-8"?>
<testsuite xmlns:xsi="http://www.w3.org/2001/XMLSchema-instance" xsi:noNamespaceSchemaLocation="https://maven.apache.org/surefire/maven-surefire-plugin/xsd/surefire-test-report-3.0.xsd" version="3.0" name="TestSuite" time="725.041" tests="26" errors="0" skipped="0" failures="3">
  <properties>
[...]
</properties>
  <testcase name="runScenario[&quot;Mengubah nama jabatan dengan fitur edit dengan data yang valid.&quot;, &quot;Edit Jabatan&quot;](1)" classname="com.dikahadir.runners.RunnerJabatanTest" time="60.808">
    <system-out><![CDATA[✅ Tabel jabatan sudah muncul di halaman.
]]></system-out>
  </testcase>
  <testcase name="runScenario[&quot;Mengubah nama jabatan tetapi level tidak diubah&quot;, &quot;Edit Jabatan&quot;](2)" classname="com.dikahadir.runners.RunnerJabatanTest" time="33.489">
    <system-out><![CDATA[✅ Tabel jabatan sudah muncul di halaman.
]]></system-out>
  </testcase>
  <testcase name="runScenario[&quot;Mengubah level jabatan tetapi nama tidak diubah&quot;, &quot;Edit Jabatan&quot;](3)" classname="com.dikahadir.runners.RunnerJabatanTest" time="28.046">
    <system-out><![CDATA[✅ Tabel jabatan sudah muncul di halaman.
]]></system-out>
  </testcase>
  <testcase name="runScenario[&quot;Mengubah nama jabatan dan level jabatan dengan nama jabatan dan level jabatan yang sudah ada,inputan level mengandung angka negtif&quot;, &quot;Edit Jabatan&quot;](4)" classname="com.dikahadir.runners.RunnerJabatanTest" time="28.304">
    <failure message="Pesan sukses tidak sesuai expected [Gagal Edit Jabatan] but found [Berhasil Edit Jabatan]" type="java.lang.AssertionError"><![CDATA[java.lang.AssertionError: Pesan sukses tidak sesuai expected [Gagal Edit Jabatan] but found [Berhasil Edit Jabatan]
	at org.testng.Assert.fail(Assert.java:111)
	at org.testng.Assert.failNotEquals(Assert.java:1578)
	at org.testng.Assert.assertEqualsImpl(Assert.java:150)
	at org.testng.Assert.assertEquals(Assert.java:132)
	at org.testng.Assert.assertEquals(Assert.java:656)
	at com.dikahadir.definitions.jabatan.EditJabatanTest.sistemMenampilkanPesan(EditJabatanTest.java:59)
	at ✽.sistem akan menampilkan pesan "Gagal Edit Jabatan"(file:///C:/Hegar/sqabatch23/TA/web_hadir/src/test/resources/features/jabatan/EditJabatan.feature:51)
]]></failure>
    <system-out><![CDATA[✅ Tabel jabatan sudah muncul di halaman.
]]></system-out>
  </testcase>
  <testcase name="runScenario[&quot;Validasi field kosong saat mengubah data jabatan&quot;, &quot;Edit Jabatan&quot;](5)" classname="com.dikahadir.runners.RunnerJabatanTest" time="25.148">
    <system-out><![CDATA[✅ Tabel jabatan sudah muncul di halaman.
]]></system-out>
  </testcase>
  <testcase name="runScenario[&quot;Validasi field kosong saat mengubah data jabatan&quot;, &quot;Edit Jabatan&quot;](6)" classname="com.dikahadir.runners.RunnerJabatanTest" time="26.672">
    <system-out><![CDATA[✅ Tabel jabatan sudah muncul di halaman.
]]></system-out>
  </testcase>
  <testcase name="runScenario[&quot;Validasi batal mengubah data jabatan&quot;, &quot;Edit Jabatan&quot;](7)" classname="com.dikahadir.runners.RunnerJabatanTest" time="26.428">
    <system-out><![CDATA[✅ Tabel jabatan sudah muncul di halaman.
]]></system-out>
  </testcase>
  <testcase name="runScenario[&quot;Menghapus data jabatan dengan feature delete pada tabel jabatan&quot;, &quot;Hapus Jabatan&quot;](8)" classname="com.dikahadir.runners.RunnerJabatanTest" time="30.757">
    <system-out><![CDATA[✅ Tabel jabatan sudah muncul di halaman.
]]></system-out>
  </testcase>
  <testcase name="runScenario[&quot;Batal menghapus jabatan dengan menekan tombol batal pada form hapus jabatan&quot;, &quot;Hapus Jabatan&quot;](9)" classname="com.dikahadir.runners.RunnerJabatanTest" time="25.326">
    <system-out><![CDATA[✅ Tabel jabatan sudah muncul di halaman.
]]></system-out>
  </testcase>
  <testcase name="runScenario[&quot;Berpindah ke halaman selnajutnya dengan menekan tombol selanjutnya&quot;, &quot;Tombol Pagination&quot;](10)" classname="com.dikahadir.runners.RunnerJabatanTest" time="16.733">
    <system-out><![CDATA[✅ Tabel jabatan sudah muncul di halaman.
➡️ Klik tombol Next Page
]]></system-out>
  </testcase>
  <testcase name="runScenario[&quot;Berpindah ke halaman sebelumnya dengan menekan tombol sebelumnya&quot;, &quot;Tombol Pagination&quot;](11)" classname="com.dikahadir.runners.RunnerJabatanTest" time="27.041">
    <system-out><![CDATA[✅ Tabel jabatan sudah muncul di halaman.
➡️ Klik tombol Next Page
⬅️ Klik tombol Previous Page
🌐 URL berhasil berubah dari: https://magang.dikahadir.com/management/job-level?page=2 -> https://magang.dikahadir.com/management/job-level?page=1
]]></system-out>
  </testcase>
  <testcase name="runScenario[&quot;Berpindah ke halaman sebelumnya dengan menekan tombol sebelumnya&quot;, &quot;Tombol Pagination&quot;](12)" classname="com.dikahadir.runners.RunnerJabatanTest" time="18.598">
    <system-out><![CDATA[✅ Tabel jabatan sudah muncul di halaman.
⏩ Klik tombol Last Page
🌐 URL berhasil berubah dari: https://magang.dikahadir.com/management/job-level -> https://magang.dikahadir.com/management/job-level?page=12
]]></system-out>
  </testcase>
  <testcase name="runScenario[&quot;Berpindah ke halaman sebelumnya dengan menekan tombol sebelumnya&quot;, &quot;Tombol Pagination&quot;](13)" classname="com.dikahadir.runners.RunnerJabatanTest" time="26.562">
    <failure message="Expected condition failed: waiting for element to be clickable: By.xpath: //button[@aria-label=&apos;Go to last page&apos; and not(@disabled)] (tried for 10 second(s) with 500 milliseconds interval)&#10;Build info: version: &apos;4.34.0&apos;, revision: &apos;707dcb4246*&apos;&#10;System info: os.name: &apos;Windows 11&apos;, os.arch: &apos;amd64&apos;, os.version: &apos;10.0&apos;, java.version: &apos;21.0.8&apos;&#10;Driver info: org.openqa.selenium.firefox.FirefoxDriver&#10;Capabilities {acceptInsecureCerts: true, browserName: firefox, browserVersion: 142.0, moz:accessibilityChecks: false, moz:buildID: 20250811145442, moz:geckodriverVersion: 0.36.0, moz:headless: false, moz:platformVersion: 10.0, moz:processID: 297544, moz:profile: C:\Users\LENOVO\AppData\Loc..., moz:shutdownTimeout: 60000, moz:webdriverClick: true, moz:windowless: false, pageLoadStrategy: normal, platformName: windows, proxy: Proxy(), setWindowRect: true, strictFileInteractability: false, timeouts: {implicit: 0, pageLoad: 300000, script: 30000}, unhandledPromptBehavior: dismiss and notify, userAgent: Mozilla/5.0 (Windows NT 10....}&#10;Session ID: 7247f10c-cc8f-4b67-b851-03691c902fe2" type="org.openqa.selenium.TimeoutException"><![CDATA[org.openqa.selenium.TimeoutException: 
Expected condition failed: waiting for element to be clickable: By.xpath: //button[@aria-label='Go to last page' and not(@disabled)] (tried for 10 second(s) with 500 milliseconds interval)
Build info: version: '4.34.0', revision: '707dcb4246*'
System info: os.name: 'Windows 11', os.arch: 'amd64', os.version: '10.0', java.version: '21.0.8'
Driver info: org.openqa.selenium.firefox.FirefoxDriver
Capabilities {acceptInsecureCerts: true, browserName: firefox, browserVersion: 142.0, moz:accessibilityChecks: false, moz:buildID: 20250811145442, moz:geckodriverVersion: 0.36.0, moz:headless: false, moz:platformVersion: 10.0, moz:processID: 297544, moz:profile: C:\Users\LENOVO\AppData\Loc..., moz:shutdownTimeout: 60000, moz:webdriverClick: true, moz:windowless: false, pageLoadStrategy: normal, platformName: windows, proxy: Proxy(), setWindowRect: true, strictFileInteractability: false, timeouts: {implicit: 0, pageLoad: 300000, script: 30000}, unhandledPromptBehavior: dismiss and notify, userAgent: Mozilla/5.0 (Windows NT 10....}
Session ID: 7247f10c-cc8f-4b67-b851-03691c902fe2
	at org.openqa.selenium.support.ui.WebDriverWait.timeoutException(WebDriverWait.java:84)
	at org.openqa.selenium.support.ui.FluentWait.until(FluentWait.java:228)
	at com.dikahadir.page.JabatanPage.clickLastPageButton(JabatanPage.java:244)
	at com.dikahadir.definitions.jabatan.PaginationTest.keHalamanTerakhir(PaginationTest.java:40)
	at ✽.user menekan tombol ke halaman terakhir(file:///C:/Hegar/sqabatch23/TA/web_hadir/src/test/resources/features/jabatan/Pagination.feature:23)
]]></failure>
    <system-out><![CDATA[✅ Tabel jabatan sudah muncul di halaman.
]]></system-out>
  </testcase>
  <testcase name="runScenario[&quot;Reset filter setelah melakukan pencarian&quot;, &quot;Reset Search Level Jabatan&quot;](14)" classname="com.dikahadir.runners.RunnerJabatanTest" time="24.655">
    <system-out><![CDATA[🔍 URL setelah reset: https://magang.dikahadir.com/management/job-level
]]></system-out>
  </testcase>
  <testcase name="runScenario[&quot;Search jabatan berdasarkan level&quot;, &quot;Search Level Jabatan&quot;](15)" classname="com.dikahadir.runners.RunnerJabatanTest" time="22.966"/>
  <testcase name="runScenario[&quot;Search jabatan dengan level yang tidak ada&quot;, &quot;Search Level Jabatan&quot;](16)" classname="com.dikahadir.runners.RunnerJabatanTest" time="22.79">
    <system-out><![CDATA[🔍 Current URL: https://magang.dikahadir.com/management/job-level?level%5B%24like%5D=%2510000%25
]]></system-out>
  </testcase>
  <testcase name="runScenario[&quot;Search jabatan dengan input alfabet&quot;, &quot;Search Level Jabatan&quot;](17)" classname="com.dikahadir.runners.RunnerJabatanTest" time="26.387">
    <system-out><![CDATA[🔍 Current URL: https://magang.dikahadir.com/management/job-level?level%5B%24like%5D=%25abc%25
]]></system-out>
  </testcase>
  <testcase name="runScenario[&quot;Tambah jabatan baru dengan data nama baru dan level baru&quot;, &quot;Tambah Jabatan&quot;](18)" classname="com.dikahadir.runners.RunnerJabatanTest" time="29.376"/>
  <testcase name="runScenario[&quot;Tambah jabatan baru dengan data nama yang sudah ada tetapi level berbeda&quot;, &quot;Tambah Jabatan&quot;](19)" classname="com.dikahadir.runners.RunnerJabatanTest" time="30.137"/>
  <testcase name="runScenario[&quot;Tambah jabatan baru dengan data  Nama baru dan level yang sudah ada&quot;, &quot;Tambah Jabatan&quot;](20)" classname="com.dikahadir.runners.RunnerJabatanTest" time="26.09"/>
  <testcase name="runScenario[&quot;Validasi penambahan jabatan dengan data invalid (nama yang sama dan level yang sama,inputan level non numeric,level negtif atau minus)&quot;, &quot;Tambah Jabatan&quot;](21)" classname="com.dikahadir.runners.RunnerJabatanTest" time="24.81"/>
  <testcase name="runScenario[&quot;Validasi penambahan jabatan dengan data invalid (nama yang sama dan level yang sama,inputan level non numeric,level negtif atau minus)&quot;, &quot;Tambah Jabatan&quot;](22)" classname="com.dikahadir.runners.RunnerJabatanTest" time="23.886"/>
  <testcase name="runScenario[&quot;Validasi penambahan jabatan dengan data invalid (nama yang sama dan level yang sama,inputan level non numeric,level negtif atau minus)&quot;, &quot;Tambah Jabatan&quot;](23)" classname="com.dikahadir.runners.RunnerJabatanTest" time="28.992">
    <failure message="Pesan error tidak sesuai! expected [Gagal Menambahkan Job Level] but found [Berhasil Menambahkan Job Level]" type="java.lang.AssertionError"><![CDATA[java.lang.AssertionError: Pesan error tidak sesuai! expected [Gagal Menambahkan Job Level] but found [Berhasil Menambahkan Job Level]
	at org.testng.Assert.fail(Assert.java:111)
	at org.testng.Assert.failNotEquals(Assert.java:1578)
	at org.testng.Assert.assertEqualsImpl(Assert.java:150)
	at org.testng.Assert.assertEquals(Assert.java:132)
	at org.testng.Assert.assertEquals(Assert.java:656)
	at com.dikahadir.definitions.jabatan.TambahJabatanTest.pesanError(TambahJabatanTest.java:70)
	at ✽.sistem menampilkan pesan error "Gagal Menambahkan Job Level"(file:///C:/Hegar/sqabatch23/TA/web_hadir/src/test/resources/features/jabatan/TambahJabatan.feature:48)
]]></failure>
  </testcase>
  <testcase name="runScenario[&quot;Validasi field kosong saat menambahkan jabatan&quot;, &quot;Tambah Jabatan&quot;](24)" classname="com.dikahadir.runners.RunnerJabatanTest" time="27.615"/>
  <testcase name="runScenario[&quot;Validasi field kosong saat menambahkan jabatan&quot;, &quot;Tambah Jabatan&quot;](25)" classname="com.dikahadir.runners.RunnerJabatanTest" time="23.653"/>
  <testcase name="runScenario[&quot;Batal menambah jabatan dengan menekan tombol batal pada form tambah jabatan&quot;, &quot;Tambah Jabatan&quot;](26)" classname="com.dikahadir.runners.RunnerJabatanTest" time="33.097">
    <system-out><![CDATA[✅ Tabel jabatan sudah muncul di halaman.
]]></system-out>
  </testcase>
</testsuite>