<?xml version="1.0" encoding="UTF-8"?>
<testng-results ignored="0" total="10" passed="10" failed="0" skipped="0">
  <reporter-output>
  </reporter-output>
  <suite started-at="2025-08-27T16:17:11 WIB" name="Main Test" finished-at="2025-08-27T16:21:19 WIB" duration-ms="247686">
    <groups>
      <group name="cucumber">
        <method signature="AbstractTestNGCucumberTests.runScenario(io.cucumber.testng.PickleWrapper,io.cucumber.testng.FeatureWrapper)[pri:0, instance:com.dikahadir.runners.RunnerJadwalTest@4218d6a3]" name="runScenario" class="io.cucumber.testng.AbstractTestNGCucumberTests"/>
      </group> <!-- cucumber -->
    </groups>
    <test started-at="2025-08-27T16:17:11 WIB" name="Test Math" finished-at="2025-08-27T16:21:19 WIB" duration-ms="247686">
      <class name="com.dikahadir.runners.RunnerJadwalTest">
        <test-method is-config="true" signature="setUpClass(org.testng.ITestContext)[pri:0, instance:com.dikahadir.runners.RunnerJadwalTest@4218d6a3]" started-at="2025-08-27T16:17:11 WIB" name="setUpClass" finished-at="2025-08-27T16:17:12 WIB" duration-ms="780" status="PASS">
          <params>
            <param index="0">
              <value>
                <![CDATA[org.testng.TestRunner@7aca299e]]>
              </value>
            </param>
          </params>
          <reporter-output>
          </reporter-output>
        </test-method> <!-- setUpClass -->
        <test-method signature="runScenario(io.cucumber.testng.PickleWrapper,io.cucumber.testng.FeatureWrapper)[pri:0, instance:com.dikahadir.runners.RunnerJadwalTest@4218d6a3]" started-at="2025-08-27T16:17:12 WIB" name="runScenario" description="Runs Cucumber Scenarios" data-provider="scenarios" finished-at="2025-08-27T16:17:33 WIB" duration-ms="20386" status="PASS">
          <params>
            <param index="0">
              <value>
                <![CDATA["Menampilkan detail jadwal"]]>
              </value>
            </param>
            <param index="1">
              <value>
                <![CDATA["Detail Jadwal"]]>
              </value>
            </param>
          </params>
          <reporter-output>
          </reporter-output>
        </test-method> <!-- runScenario -->
        <test-method signature="runScenario(io.cucumber.testng.PickleWrapper,io.cucumber.testng.FeatureWrapper)[pri:0, instance:com.dikahadir.runners.RunnerJadwalTest@4218d6a3]" started-at="2025-08-27T16:17:33 WIB" name="runScenario" description="Runs Cucumber Scenarios" data-provider="scenarios" finished-at="2025-08-27T16:18:18 WIB" duration-ms="45404" status="PASS">
          <params>
            <param index="0">
              <value>
                <![CDATA["Edit jadwal"]]>
              </value>
            </param>
            <param index="1">
              <value>
                <![CDATA["Edit Jadwal"]]>
              </value>
            </param>
          </params>
          <reporter-output>
          </reporter-output>
        </test-method> <!-- runScenario -->
        <test-method signature="runScenario(io.cucumber.testng.PickleWrapper,io.cucumber.testng.FeatureWrapper)[pri:0, instance:com.dikahadir.runners.RunnerJadwalTest@4218d6a3]" started-at="2025-08-27T16:18:18 WIB" name="runScenario" description="Runs Cucumber Scenarios" data-provider="scenarios" finished-at="2025-08-27T16:18:42 WIB" duration-ms="24392" status="PASS">
          <params>
            <param index="0">
              <value>
                <![CDATA["Edit jadwal dengan field kosong"]]>
              </value>
            </param>
            <param index="1">
              <value>
                <![CDATA["Edit Jadwal"]]>
              </value>
            </param>
          </params>
          <reporter-output>
          </reporter-output>
        </test-method> <!-- runScenario -->
        <test-method signature="runScenario(io.cucumber.testng.PickleWrapper,io.cucumber.testng.FeatureWrapper)[pri:0, instance:com.dikahadir.runners.RunnerJadwalTest@4218d6a3]" started-at="2025-08-27T16:18:42 WIB" name="runScenario" description="Runs Cucumber Scenarios" data-provider="scenarios" finished-at="2025-08-27T16:18:59 WIB" duration-ms="16879" status="PASS">
          <params>
            <param index="0">
              <value>
                <![CDATA["Edit jadwal dengan field kosong"]]>
              </value>
            </param>
            <param index="1">
              <value>
                <![CDATA["Edit Jadwal"]]>
              </value>
            </param>
          </params>
          <reporter-output>
          </reporter-output>
        </test-method> <!-- runScenario -->
        <test-method signature="runScenario(io.cucumber.testng.PickleWrapper,io.cucumber.testng.FeatureWrapper)[pri:0, instance:com.dikahadir.runners.RunnerJadwalTest@4218d6a3]" started-at="2025-08-27T16:18:59 WIB" name="runScenario" description="Runs Cucumber Scenarios" data-provider="scenarios" finished-at="2025-08-27T16:19:17 WIB" duration-ms="17270" status="PASS">
          <params>
            <param index="0">
              <value>
                <![CDATA["Batal Edit"]]>
              </value>
            </param>
            <param index="1">
              <value>
                <![CDATA["Edit Jadwal"]]>
              </value>
            </param>
          </params>
          <reporter-output>
          </reporter-output>
        </test-method> <!-- runScenario -->
        <test-method signature="runScenario(io.cucumber.testng.PickleWrapper,io.cucumber.testng.FeatureWrapper)[pri:0, instance:com.dikahadir.runners.RunnerJadwalTest@4218d6a3]" started-at="2025-08-27T16:19:17 WIB" name="runScenario" description="Runs Cucumber Scenarios" data-provider="scenarios" finished-at="2025-08-27T16:19:43 WIB" duration-ms="26221" status="PASS">
          <params>
            <param index="0">
              <value>
                <![CDATA["Delete jadwal"]]>
              </value>
            </param>
            <param index="1">
              <value>
                <![CDATA["Delete Jadwal"]]>
              </value>
            </param>
          </params>
          <reporter-output>
          </reporter-output>
        </test-method> <!-- runScenario -->
        <test-method signature="runScenario(io.cucumber.testng.PickleWrapper,io.cucumber.testng.FeatureWrapper)[pri:0, instance:com.dikahadir.runners.RunnerJadwalTest@4218d6a3]" started-at="2025-08-27T16:19:43 WIB" name="runScenario" description="Runs Cucumber Scenarios" data-provider="scenarios" finished-at="2025-08-27T16:19:59 WIB" duration-ms="16142" status="PASS">
          <params>
            <param index="0">
              <value>
                <![CDATA["Reset Pencarian jadwal"]]>
              </value>
            </param>
            <param index="1">
              <value>
                <![CDATA["Tombol Reset"]]>
              </value>
            </param>
          </params>
          <reporter-output>
          </reporter-output>
        </test-method> <!-- runScenario -->
        <test-method signature="runScenario(io.cucumber.testng.PickleWrapper,io.cucumber.testng.FeatureWrapper)[pri:0, instance:com.dikahadir.runners.RunnerJadwalTest@4218d6a3]" started-at="2025-08-27T16:19:59 WIB" name="runScenario" description="Runs Cucumber Scenarios" data-provider="scenarios" finished-at="2025-08-27T16:20:15 WIB" duration-ms="16510" status="PASS">
          <params>
            <param index="0">
              <value>
                <![CDATA["Search jadwal dengan data valid"]]>
              </value>
            </param>
            <param index="1">
              <value>
                <![CDATA["Sebagai user saya ingin mencari nama jadwal"]]>
              </value>
            </param>
          </params>
          <reporter-output>
          </reporter-output>
        </test-method> <!-- runScenario -->
        <test-method signature="runScenario(io.cucumber.testng.PickleWrapper,io.cucumber.testng.FeatureWrapper)[pri:0, instance:com.dikahadir.runners.RunnerJadwalTest@4218d6a3]" started-at="2025-08-27T16:20:15 WIB" name="runScenario" description="Runs Cucumber Scenarios" data-provider="scenarios" finished-at="2025-08-27T16:20:33 WIB" duration-ms="17149" status="PASS">
          <params>
            <param index="0">
              <value>
                <![CDATA["Search jadwal dengan data invalid"]]>
              </value>
            </param>
            <param index="1">
              <value>
                <![CDATA["Sebagai user saya ingin mencari nama jadwal"]]>
              </value>
            </param>
          </params>
          <reporter-output>
          </reporter-output>
        </test-method> <!-- runScenario -->
        <test-method signature="runScenario(io.cucumber.testng.PickleWrapper,io.cucumber.testng.FeatureWrapper)[pri:0, instance:com.dikahadir.runners.RunnerJadwalTest@4218d6a3]" started-at="2025-08-27T16:20:33 WIB" name="runScenario" description="Runs Cucumber Scenarios" data-provider="scenarios" finished-at="2025-08-27T16:21:18 WIB" duration-ms="45235" status="PASS">
          <params>
            <param index="0">
              <value>
                <![CDATA["Tambah jadwal dengan data valid"]]>
              </value>
            </param>
            <param index="1">
              <value>
                <![CDATA["Tambah jadwal"]]>
              </value>
            </param>
          </params>
          <reporter-output>
          </reporter-output>
        </test-method> <!-- runScenario -->
        <test-method is-config="true" signature="tearDownClass()[pri:0, instance:com.dikahadir.runners.RunnerJadwalTest@4218d6a3]" started-at="2025-08-27T16:21:18 WIB" name="tearDownClass" finished-at="2025-08-27T16:21:19 WIB" duration-ms="1158" status="PASS">
          <reporter-output>
          </reporter-output>
        </test-method> <!-- tearDownClass -->
      </class> <!-- com.dikahadir.runners.RunnerJadwalTest -->
    </test> <!-- Test Math -->
  </suite> <!-- Main Test -->
</testng-results>
