<?xml version="1.0" encoding="UTF-8"?>
<testng-results ignored="0" total="2" passed="2" failed="0" skipped="0">
  <reporter-output>
  </reporter-output>
  <suite started-at="2025-08-17T17:36:03 WIB" name="Main Test" finished-at="2025-08-17T17:36:28 WIB" duration-ms="24440">
    <groups>
    </groups>
    <test started-at="2025-08-17T17:36:03 WIB" name="Test Math" finished-at="2025-08-17T17:36:28 WIB" duration-ms="24440">
      <class name="com.dikahadir.JabatanTest">
        <test-method is-config="true" signature="setUp()[pri:0, instance:com.dikahadir.JabatanTest@1aa7ecca]" started-at="2025-08-17T17:36:03 WIB" name="setUp" finished-at="2025-08-17T17:36:13 WIB" duration-ms="9504" status="PASS">
          <reporter-output>
          </reporter-output>
        </test-method> <!-- setUp -->
        <test-method signature="testTambahJabatanBaru()[pri:1, instance:com.dikahadir.JabatanTest@1aa7ecca]" started-at="2025-08-17T17:36:13 WIB" name="testTambahJabatanBaru" description="Verifikasi penambahan jabatan baru dengan data valid" finished-at="2025-08-17T17:36:15 WIB" duration-ms="1676" status="PASS">
          <reporter-output>
          </reporter-output>
        </test-method> <!-- testTambahJabatanBaru -->
        <test-method is-config="true" signature="tearDown()[pri:0, instance:com.dikahadir.JabatanTest@1aa7ecca]" started-at="2025-08-17T17:36:15 WIB" name="tearDown" finished-at="2025-08-17T17:36:16 WIB" duration-ms="1487" status="PASS">
          <reporter-output>
          </reporter-output>
        </test-method> <!-- tearDown -->
        <test-method is-config="true" signature="setUp()[pri:0, instance:com.dikahadir.JabatanTest@1aa7ecca]" started-at="2025-08-17T17:36:16 WIB" name="setUp" finished-at="2025-08-17T17:36:24 WIB" duration-ms="8297" status="PASS">
          <reporter-output>
          </reporter-output>
        </test-method> <!-- setUp -->
        <test-method signature="negativeTestTambahJabatan()[pri:2, instance:com.dikahadir.JabatanTest@1aa7ecca]" started-at="2025-08-17T17:36:24 WIB" name="negativeTestTambahJabatan" description="Verifikasi penambahan jabatan baru dengan nama jabatan yang sudah ada" finished-at="2025-08-17T17:36:26 WIB" duration-ms="1866" status="PASS">
          <reporter-output>
          </reporter-output>
        </test-method> <!-- negativeTestTambahJabatan -->
        <test-method is-config="true" signature="tearDown()[pri:0, instance:com.dikahadir.JabatanTest@1aa7ecca]" started-at="2025-08-17T17:36:26 WIB" name="tearDown" finished-at="2025-08-17T17:36:28 WIB" duration-ms="1485" status="PASS">
          <reporter-output>
          </reporter-output>
        </test-method> <!-- tearDown -->
      </class> <!-- com.dikahadir.JabatanTest -->
    </test> <!-- Test Math -->
  </suite> <!-- Main Test -->
</testng-results>
