<?xml version="1.0" encoding="UTF-8"?>
<testng-results ignored="0" total="8" passed="4" failed="4" skipped="0">
  <reporter-output>
  </reporter-output>
  <suite started-at="2025-08-19T13:34:45 WIB" name="Main Test" finished-at="2025-08-19T13:36:46 WIB" duration-ms="121340">
    <groups>
      <group name="cucumber">
        <method signature="AbstractTestNGCucumberTests.runScenario(io.cucumber.testng.PickleWrapper,io.cucumber.testng.FeatureWrapper)[pri:0, instance:com.dikahadir.runners.RunnerJabatanTest@4218d6a3]" name="runScenario" class="io.cucumber.testng.AbstractTestNGCucumberTests"/>
      </group> <!-- cucumber -->
    </groups>
    <test started-at="2025-08-19T13:34:45 WIB" name="Test Math" finished-at="2025-08-19T13:36:46 WIB" duration-ms="121340">
      <class name="com.dikahadir.runners.RunnerJabatanTest">
        <test-method is-config="true" signature="setUpClass(org.testng.ITestContext)[pri:0, instance:com.dikahadir.runners.RunnerJabatanTest@4218d6a3]" started-at="2025-08-19T13:34:45 WIB" name="setUpClass" finished-at="2025-08-19T13:34:45 WIB" duration-ms="768" status="PASS">
          <params>
            <param index="0">
              <value>
                <![CDATA[org.testng.TestRunner@18dac12f]]>
              </value>
            </param>
          </params>
          <reporter-output>
          </reporter-output>
        </test-method> <!-- setUpClass -->
        <test-method signature="runScenario(io.cucumber.testng.PickleWrapper,io.cucumber.testng.FeatureWrapper)[pri:0, instance:com.dikahadir.runners.RunnerJabatanTest@4218d6a3]" started-at="2025-08-19T13:34:45 WIB" name="runScenario" description="Runs Cucumber Scenarios" data-provider="scenarios" finished-at="2025-08-19T13:35:06 WIB" duration-ms="20309" status="FAIL">
          <params>
            <param index="0">
              <value>
                <![CDATA["Memfilter jabatan berdasarkan level"]]>
              </value>
            </param>
            <param index="1">
              <value>
                <![CDATA["Filter Level Jabatan"]]>
              </value>
            </param>
          </params>
          <exception class="org.openqa.selenium.StaleElementReferenceException">
            <message>
              <![CDATA[The element with the reference bdf2e8da-8f24-44db-ad50-7bda9e372054 is stale; either its node document is not the active document, or it is no longer connected to the DOM
For documentation on this error, please visit: https://www.selenium.dev/documentation/webdriver/troubleshooting/errors#stale-element-reference-exception
Build info: version: '4.34.0', revision: '707dcb4246*'
System info: os.name: 'Windows 11', os.arch: 'amd64', os.version: '10.0', java.version: '21.0.8'
Driver info: org.openqa.selenium.firefox.FirefoxDriver
Command: [467463e3-4cbb-4fd1-8583-481cfa00e2e8, getElementText {id=bdf2e8da-8f24-44db-ad50-7bda9e372054}]
Capabilities {acceptInsecureCerts: true, browserName: firefox, browserVersion: 141.0.3, moz:accessibilityChecks: false, moz:buildID: 20250806102122, moz:geckodriverVersion: 0.36.0, moz:headless: false, moz:platformVersion: 10.0, moz:processID: 58384, moz:profile: C:\Users\LENOVO\AppData\Loc..., moz:shutdownTimeout: 60000, moz:webdriverClick: true, moz:windowless: false, pageLoadStrategy: normal, platformName: windows, proxy: Proxy(), setWindowRect: true, strictFileInteractability: false, timeouts: {implicit: 0, pageLoad: 300000, script: 30000}, unhandledPromptBehavior: dismiss and notify, userAgent: Mozilla/5.0 (Windows NT 10....}
Element: [[FirefoxDriver: firefox on windows (467463e3-4cbb-4fd1-8583-481cfa00e2e8)] -> xpath: //table/tbody/tr/td[2]]
Session ID: 467463e3-4cbb-4fd1-8583-481cfa00e2e8]]>
            </message>
            <full-stacktrace>
              <![CDATA[org.openqa.selenium.StaleElementReferenceException: The element with the reference bdf2e8da-8f24-44db-ad50-7bda9e372054 is stale; either its node document is not the active document, or it is no longer connected to the DOM
For documentation on this error, please visit: https://www.selenium.dev/documentation/webdriver/troubleshooting/errors#stale-element-reference-exception
Build info: version: '4.34.0', revision: '707dcb4246*'
System info: os.name: 'Windows 11', os.arch: 'amd64', os.version: '10.0', java.version: '21.0.8'
Driver info: org.openqa.selenium.firefox.FirefoxDriver
Command: [467463e3-4cbb-4fd1-8583-481cfa00e2e8, getElementText {id=bdf2e8da-8f24-44db-ad50-7bda9e372054}]
Capabilities {acceptInsecureCerts: true, browserName: firefox, browserVersion: 141.0.3, moz:accessibilityChecks: false, moz:buildID: 20250806102122, moz:geckodriverVersion: 0.36.0, moz:headless: false, moz:platformVersion: 10.0, moz:processID: 58384, moz:profile: C:\Users\LENOVO\AppData\Loc..., moz:shutdownTimeout: 60000, moz:webdriverClick: true, moz:windowless: false, pageLoadStrategy: normal, platformName: windows, proxy: Proxy(), setWindowRect: true, strictFileInteractability: false, timeouts: {implicit: 0, pageLoad: 300000, script: 30000}, unhandledPromptBehavior: dismiss and notify, userAgent: Mozilla/5.0 (Windows NT 10....}
Element: [[FirefoxDriver: firefox on windows (467463e3-4cbb-4fd1-8583-481cfa00e2e8)] -> xpath: //table/tbody/tr/td[2]]
Session ID: 467463e3-4cbb-4fd1-8583-481cfa00e2e8
at java.base/jdk.internal.reflect.DirectConstructorHandleAccessor.newInstance(DirectConstructorHandleAccessor.java:62)
at java.base/java.lang.reflect.Constructor.newInstanceWithCaller(Constructor.java:502)
at java.base/java.lang.reflect.Constructor.newInstance(Constructor.java:486)
at org.openqa.selenium.remote.ErrorCodec.decode(ErrorCodec.java:167)
at org.openqa.selenium.remote.codec.w3c.W3CHttpResponseCodec.decode(W3CHttpResponseCodec.java:138)
at org.openqa.selenium.remote.codec.w3c.W3CHttpResponseCodec.decode(W3CHttpResponseCodec.java:50)
at org.openqa.selenium.remote.HttpCommandExecutor.execute(HttpCommandExecutor.java:215)
at org.openqa.selenium.remote.service.DriverCommandExecutor.invokeExecute(DriverCommandExecutor.java:216)
at org.openqa.selenium.remote.service.DriverCommandExecutor.execute(DriverCommandExecutor.java:174)
at org.openqa.selenium.remote.RemoteWebDriver.execute(RemoteWebDriver.java:544)
at org.openqa.selenium.remote.RemoteWebElement.execute(RemoteWebElement.java:223)
at org.openqa.selenium.remote.RemoteWebElement.getText(RemoteWebElement.java:191)
at com.dikahadir.definitions.jabatan.FilterLevelJabatanTest.semuaJabatanMemilikiLevel(FilterLevelJabatanTest.java:38)
at ✽.semua jabatan yang ditampilkan memiliki level "1"(file:///C:/Hegar/sqabatch23/TA/web_hadir/src/test/resources/features/jabatan/FilterJabatan.feature:6)
]]>
            </full-stacktrace>
          </exception> <!-- org.openqa.selenium.StaleElementReferenceException -->
          <reporter-output>
          </reporter-output>
        </test-method> <!-- runScenario -->
        <test-method signature="runScenario(io.cucumber.testng.PickleWrapper,io.cucumber.testng.FeatureWrapper)[pri:0, instance:com.dikahadir.runners.RunnerJabatanTest@4218d6a3]" started-at="2025-08-19T13:35:06 WIB" name="runScenario" description="Runs Cucumber Scenarios" data-provider="scenarios" finished-at="2025-08-19T13:35:21 WIB" duration-ms="15637" status="PASS">
          <params>
            <param index="0">
              <value>
                <![CDATA["Memfilter jabatan berdasarkan level"]]>
              </value>
            </param>
            <param index="1">
              <value>
                <![CDATA["Filter Level Jabatan"]]>
              </value>
            </param>
          </params>
          <reporter-output>
          </reporter-output>
        </test-method> <!-- runScenario -->
        <test-method signature="runScenario(io.cucumber.testng.PickleWrapper,io.cucumber.testng.FeatureWrapper)[pri:0, instance:com.dikahadir.runners.RunnerJabatanTest@4218d6a3]" started-at="2025-08-19T13:35:21 WIB" name="runScenario" description="Runs Cucumber Scenarios" data-provider="scenarios" finished-at="2025-08-19T13:35:34 WIB" duration-ms="12978" status="FAIL">
          <params>
            <param index="0">
              <value>
                <![CDATA["Memfilter jabatan berdasarkan level"]]>
              </value>
            </param>
            <param index="1">
              <value>
                <![CDATA["Filter Level Jabatan"]]>
              </value>
            </param>
          </params>
          <exception class="java.lang.AssertionError">
            <message>
              <![CDATA[Level jabatan tidak cocok. Seharusnya: '3', tapi ditemukan: '13'. expected [3] but found [13]]]>
            </message>
            <full-stacktrace>
              <![CDATA[java.lang.AssertionError: Level jabatan tidak cocok. Seharusnya: '3', tapi ditemukan: '13'. expected [3] but found [13]
at org.testng.Assert.fail(Assert.java:111)
at org.testng.Assert.failNotEquals(Assert.java:1578)
at org.testng.Assert.assertEqualsImpl(Assert.java:150)
at org.testng.Assert.assertEquals(Assert.java:132)
at org.testng.Assert.assertEquals(Assert.java:656)
at com.dikahadir.definitions.jabatan.FilterLevelJabatanTest.semuaJabatanMemilikiLevel(FilterLevelJabatanTest.java:39)
at ✽.semua jabatan yang ditampilkan memiliki level "3"(file:///C:/Hegar/sqabatch23/TA/web_hadir/src/test/resources/features/jabatan/FilterJabatan.feature:6)
]]>
            </full-stacktrace>
          </exception> <!-- java.lang.AssertionError -->
          <reporter-output>
          </reporter-output>
        </test-method> <!-- runScenario -->
        <test-method signature="runScenario(io.cucumber.testng.PickleWrapper,io.cucumber.testng.FeatureWrapper)[pri:0, instance:com.dikahadir.runners.RunnerJabatanTest@4218d6a3]" started-at="2025-08-19T13:35:34 WIB" name="runScenario" description="Runs Cucumber Scenarios" data-provider="scenarios" finished-at="2025-08-19T13:35:48 WIB" duration-ms="13359" status="FAIL">
          <params>
            <param index="0">
              <value>
                <![CDATA["Reset filter setelah melakukan pencarian"]]>
              </value>
            </param>
            <param index="1">
              <value>
                <![CDATA["Reset Filter Level Jabatan"]]>
              </value>
            </param>
          </params>
          <exception class="java.lang.AssertionError">
            <message>
              <![CDATA[Jumlah baris setelah reset tidak kembali ke kondisi awal. expected [3] but found [10]]]>
            </message>
            <full-stacktrace>
              <![CDATA[java.lang.AssertionError: Jumlah baris setelah reset tidak kembali ke kondisi awal. expected [3] but found [10]
at org.testng.Assert.fail(Assert.java:111)
at org.testng.Assert.failNotEquals(Assert.java:1578)
at org.testng.Assert.assertEqualsImpl(Assert.java:150)
at org.testng.Assert.assertEquals(Assert.java:132)
at org.testng.Assert.assertEquals(Assert.java:1419)
at org.testng.Assert.assertEquals(Assert.java:1383)
at com.dikahadir.definitions.jabatan.ResetFilterLevelJabatanTest.verifikasiJumlahKembaliNormal(ResetFilterLevelJabatanTest.java:55)
at ✽.jumlah jabatan yang ditampilkan kembali ke kondisi semula(file:///C:/Hegar/sqabatch23/TA/web_hadir/src/test/resources/features/jabatan/ResetFilterJabatan.feature:10)
]]>
            </full-stacktrace>
          </exception> <!-- java.lang.AssertionError -->
          <reporter-output>
          </reporter-output>
        </test-method> <!-- runScenario -->
        <test-method signature="runScenario(io.cucumber.testng.PickleWrapper,io.cucumber.testng.FeatureWrapper)[pri:0, instance:com.dikahadir.runners.RunnerJabatanTest@4218d6a3]" started-at="2025-08-19T13:35:48 WIB" name="runScenario" description="Runs Cucumber Scenarios" data-provider="scenarios" finished-at="2025-08-19T13:36:04 WIB" duration-ms="16666" status="FAIL">
          <params>
            <param index="0">
              <value>
                <![CDATA["Tambah jabatan baru dengan data valid"]]>
              </value>
            </param>
            <param index="1">
              <value>
                <![CDATA["Tambah Jabatan"]]>
              </value>
            </param>
          </params>
          <exception class="java.lang.AssertionError">
            <message>
              <![CDATA[Pesan sukses tidak sesuai! expected [Berhasil Menambahkan Job Level] but found [Gagal Menambahkan Job Level]]]>
            </message>
            <full-stacktrace>
              <![CDATA[java.lang.AssertionError: Pesan sukses tidak sesuai! expected [Berhasil Menambahkan Job Level] but found [Gagal Menambahkan Job Level]
at org.testng.Assert.fail(Assert.java:111)
at org.testng.Assert.failNotEquals(Assert.java:1578)
at org.testng.Assert.assertEqualsImpl(Assert.java:150)
at org.testng.Assert.assertEquals(Assert.java:132)
at org.testng.Assert.assertEquals(Assert.java:656)
at com.dikahadir.definitions.jabatan.TambahJabatanTest.pesanSukses(TambahJabatanTest.java:40)
at ✽.sistem menampilkan pesan sukses "Berhasil Menambahkan Job Level"(file:///C:/Hegar/sqabatch23/TA/web_hadir/src/test/resources/features/jabatan/TambahJabatan.feature:8)
]]>
            </full-stacktrace>
          </exception> <!-- java.lang.AssertionError -->
          <reporter-output>
          </reporter-output>
        </test-method> <!-- runScenario -->
        <test-method signature="runScenario(io.cucumber.testng.PickleWrapper,io.cucumber.testng.FeatureWrapper)[pri:0, instance:com.dikahadir.runners.RunnerJabatanTest@4218d6a3]" started-at="2025-08-19T13:36:04 WIB" name="runScenario" description="Runs Cucumber Scenarios" data-provider="scenarios" finished-at="2025-08-19T13:36:22 WIB" duration-ms="17276" status="PASS">
          <params>
            <param index="0">
              <value>
                <![CDATA["Validasi penambahan jabatan dengan nama yang sudah ada"]]>
              </value>
            </param>
            <param index="1">
              <value>
                <![CDATA["Tambah Jabatan"]]>
              </value>
            </param>
          </params>
          <reporter-output>
          </reporter-output>
        </test-method> <!-- runScenario -->
        <test-method signature="runScenario(io.cucumber.testng.PickleWrapper,io.cucumber.testng.FeatureWrapper)[pri:0, instance:com.dikahadir.runners.RunnerJabatanTest@4218d6a3]" started-at="2025-08-19T13:36:22 WIB" name="runScenario" description="Runs Cucumber Scenarios" data-provider="scenarios" finished-at="2025-08-19T13:36:36 WIB" duration-ms="13907" status="PASS">
          <params>
            <param index="0">
              <value>
                <![CDATA["Validasi field kosong saat menambahkan jabatan"]]>
              </value>
            </param>
            <param index="1">
              <value>
                <![CDATA["Tambah Jabatan"]]>
              </value>
            </param>
          </params>
          <reporter-output>
          </reporter-output>
        </test-method> <!-- runScenario -->
        <test-method signature="runScenario(io.cucumber.testng.PickleWrapper,io.cucumber.testng.FeatureWrapper)[pri:0, instance:com.dikahadir.runners.RunnerJabatanTest@4218d6a3]" started-at="2025-08-19T13:36:36 WIB" name="runScenario" description="Runs Cucumber Scenarios" data-provider="scenarios" finished-at="2025-08-19T13:36:45 WIB" duration-ms="9591" status="PASS">
          <params>
            <param index="0">
              <value>
                <![CDATA["Validasi field kosong saat menambahkan jabatan"]]>
              </value>
            </param>
            <param index="1">
              <value>
                <![CDATA["Tambah Jabatan"]]>
              </value>
            </param>
          </params>
          <reporter-output>
          </reporter-output>
        </test-method> <!-- runScenario -->
        <test-method is-config="true" signature="tearDownClass()[pri:0, instance:com.dikahadir.runners.RunnerJabatanTest@4218d6a3]" started-at="2025-08-19T13:36:45 WIB" name="tearDownClass" finished-at="2025-08-19T13:36:46 WIB" duration-ms="776" status="PASS">
          <reporter-output>
          </reporter-output>
        </test-method> <!-- tearDownClass -->
      </class> <!-- com.dikahadir.runners.RunnerJabatanTest -->
    </test> <!-- Test Math -->
  </suite> <!-- Main Test -->
</testng-results>
