<?xml version="1.0" encoding="UTF-8"?>
<testsuite xmlns:xsi="http://www.w3.org/2001/XMLSchema-instance" xsi:noNamespaceSchemaLocation="https://maven.apache.org/surefire/maven-surefire-plugin/xsd/surefire-test-report-3.0.xsd" version="3.0" name="TestSuite" time="165.52" tests="8" errors="0" skipped="0" failures="3">
  <properties>
[...]
</properties>
  <testcase name="runScenario[&quot;mengedit aturan cuti&quot;, &quot;Edit Aturan Cuti&quot;](1)" classname="com.dikahadir.runners.RunnerAturanCutiTest" time="24.227">
    <failure message="❌ Gagal klik tombol action di row pertama" type="java.lang.RuntimeException"><![CDATA[java.lang.RuntimeException: ❌ Gagal klik tombol action di row pertama
	at com.dikahadir.page.AturanCutiPage.clickActionButtonRowPertama(AturanCutiPage.java:136)
	at com.dikahadir.definitions.aturancuti.EditAturanCuti.clickTombolAction(EditAturanCuti.java:29)
	at ✽.user menekan tombol action pada aturan cuti "Cuti Tahunan 5"(file:///C:/Hegar/sqabatch23/TA/web_hadir/src/test/resources/features/aturancuti/EditAturanCuti.feature:7)
Caused by: org.openqa.selenium.NoSuchElementException: Unable to locate element: .//button[contains(@class,'MuiIconButton')]
For documentation on this error, please visit: https://www.selenium.dev/documentation/webdriver/troubleshooting/errors#no-such-element-exception
Build info: version: '4.34.0', revision: '707dcb4246*'
System info: os.name: 'Windows 11', os.arch: 'amd64', os.version: '10.0', java.version: '21.0.8'
Driver info: org.openqa.selenium.firefox.FirefoxDriver
Command: [d926e9b6-7378-4a3e-a661-74387ce6222d, findChildElement {id=03957aa2-b0f7-4d26-99a6-2934ff42158f, using=xpath, value=.//button[contains(@class,'MuiIconButton')]}]
Capabilities {acceptInsecureCerts: true, browserName: firefox, browserVersion: 142.0, moz:accessibilityChecks: false, moz:buildID: 20250811145442, moz:geckodriverVersion: 0.36.0, moz:headless: false, moz:platformVersion: 10.0, moz:processID: 85012, moz:profile: C:\Users\LENOVO\AppData\Loc..., moz:shutdownTimeout: 60000, moz:webdriverClick: true, moz:windowless: false, pageLoadStrategy: normal, platformName: windows, proxy: Proxy(), setWindowRect: true, strictFileInteractability: false, timeouts: {implicit: 0, pageLoad: 300000, script: 30000}, unhandledPromptBehavior: dismiss and notify, userAgent: Mozilla/5.0 (Windows NT 10....}
Session ID: d926e9b6-7378-4a3e-a661-74387ce6222d
	at java.base/jdk.internal.reflect.DirectConstructorHandleAccessor.newInstance(DirectConstructorHandleAccessor.java:62)
	at java.base/java.lang.reflect.Constructor.newInstanceWithCaller(Constructor.java:502)
	at java.base/java.lang.reflect.Constructor.newInstance(Constructor.java:486)
	at org.openqa.selenium.remote.ErrorCodec.decode(ErrorCodec.java:167)
	at org.openqa.selenium.remote.codec.w3c.W3CHttpResponseCodec.decode(W3CHttpResponseCodec.java:138)
	at org.openqa.selenium.remote.codec.w3c.W3CHttpResponseCodec.decode(W3CHttpResponseCodec.java:50)
	at org.openqa.selenium.remote.HttpCommandExecutor.execute(HttpCommandExecutor.java:215)
	at org.openqa.selenium.remote.service.DriverCommandExecutor.invokeExecute(DriverCommandExecutor.java:216)
	at org.openqa.selenium.remote.service.DriverCommandExecutor.execute(DriverCommandExecutor.java:174)
	at org.openqa.selenium.remote.RemoteWebDriver.execute(RemoteWebDriver.java:544)
	at org.openqa.selenium.remote.ElementLocation$ElementFinder$2.findElement(ElementLocation.java:165)
	at org.openqa.selenium.remote.ElementLocation.findElement(ElementLocation.java:59)
	at org.openqa.selenium.remote.RemoteWebDriver.findElement(RemoteWebDriver.java:367)
	at org.openqa.selenium.remote.RemoteWebElement.findElement(RemoteWebElement.java:211)
	at com.dikahadir.page.AturanCutiPage.clickActionButtonRowPertama(AturanCutiPage.java:119)
	at com.dikahadir.definitions.aturancuti.EditAturanCuti.clickTombolAction(EditAturanCuti.java:29)
	at java.base/jdk.internal.reflect.DirectMethodHandleAccessor.invoke(DirectMethodHandleAccessor.java:103)
	at java.base/java.lang.reflect.Method.invoke(Method.java:580)
	at io.cucumber.java.Invoker.doInvoke(Invoker.java:66)
	at io.cucumber.java.Invoker.invoke(Invoker.java:24)
	at io.cucumber.java.AbstractGlueDefinition.invokeMethod(AbstractGlueDefinition.java:47)
	at io.cucumber.java.JavaStepDefinition.execute(JavaStepDefinition.java:29)
	at io.cucumber.core.runner.CoreStepDefinition.execute(CoreStepDefinition.java:66)
	at io.cucumber.core.runner.PickleStepDefinitionMatch.runStep(PickleStepDefinitionMatch.java:63)
	at io.cucumber.core.runner.ExecutionMode$1.execute(ExecutionMode.java:10)
	at io.cucumber.core.runner.TestStep.executeStep(TestStep.java:84)
	at io.cucumber.core.runner.TestStep.run(TestStep.java:56)
	at io.cucumber.core.runner.PickleStepTestStep.run(PickleStepTestStep.java:51)
	at io.cucumber.core.runner.TestCase.run(TestCase.java:84)
	at io.cucumber.core.runner.Runner.runPickle(Runner.java:75)
	at io.cucumber.testng.TestNGCucumberRunner.lambda$runScenario$1(TestNGCucumberRunner.java:132)
	at io.cucumber.core.runtime.CucumberExecutionContext.lambda$runTestCase$5(CucumberExecutionContext.java:137)
	at io.cucumber.core.runtime.RethrowingThrowableCollector.executeAndThrow(RethrowingThrowableCollector.java:23)
	at io.cucumber.core.runtime.CucumberExecutionContext.runTestCase(CucumberExecutionContext.java:137)
	at io.cucumber.testng.TestNGCucumberRunner.runScenario(TestNGCucumberRunner.java:129)
	at io.cucumber.testng.AbstractTestNGCucumberTests.runScenario(AbstractTestNGCucumberTests.java:35)
	at java.base/jdk.internal.reflect.DirectMethodHandleAccessor.invoke(DirectMethodHandleAccessor.java:103)
	at java.base/java.lang.reflect.Method.invoke(Method.java:580)
	at org.testng.internal.invokers.MethodInvocationHelper.invokeMethod(MethodInvocationHelper.java:141)
	at org.testng.internal.invokers.TestInvoker.invokeMethod(TestInvoker.java:686)
	at org.testng.internal.invokers.TestInvoker.invokeTestMethod(TestInvoker.java:230)
	at org.testng.internal.invokers.MethodRunner.runInSequence(MethodRunner.java:63)
	at org.testng.internal.invokers.TestInvoker$MethodInvocationAgent.invoke(TestInvoker.java:992)
	at org.testng.internal.invokers.TestInvoker.invokeTestMethods(TestInvoker.java:203)
	at org.testng.internal.invokers.TestMethodWorker.invokeTestMethods(TestMethodWorker.java:154)
	at org.testng.internal.invokers.TestMethodWorker.run(TestMethodWorker.java:134)
	at java.base/java.util.ArrayList.forEach(ArrayList.java:1596)
	at org.testng.TestRunner.privateRun(TestRunner.java:739)
	at org.testng.TestRunner.run(TestRunner.java:614)
	at org.testng.SuiteRunner.runTest(SuiteRunner.java:421)
	at org.testng.SuiteRunner.runSequentially(SuiteRunner.java:413)
	at org.testng.SuiteRunner.privateRun(SuiteRunner.java:373)
	at org.testng.SuiteRunner.run(SuiteRunner.java:312)
	at org.testng.SuiteRunnerWorker.runSuite(SuiteRunnerWorker.java:52)
	at org.testng.SuiteRunnerWorker.run(SuiteRunnerWorker.java:95)
	at org.testng.TestNG.runSuitesSequentially(TestNG.java:1274)
	at org.testng.TestNG.runSuitesLocally(TestNG.java:1208)
	at org.testng.TestNG.runSuites(TestNG.java:1112)
	at org.testng.TestNG.run(TestNG.java:1079)
	at org.apache.maven.surefire.testng.TestNGExecutor.run(TestNGExecutor.java:308)
	at org.apache.maven.surefire.testng.TestNGXmlTestSuite.execute(TestNGXmlTestSuite.java:71)
	at org.apache.maven.surefire.testng.TestNGProvider.invoke(TestNGProvider.java:113)
	at org.apache.maven.surefire.booter.ForkedBooter.runSuitesInProcess(ForkedBooter.java:385)
	at org.apache.maven.surefire.booter.ForkedBooter.execute(ForkedBooter.java:162)
	at org.apache.maven.surefire.booter.ForkedBooter.run(ForkedBooter.java:507)
	at org.apache.maven.surefire.booter.ForkedBooter.main(ForkedBooter.java:495)
]]></failure>
    <system-out><![CDATA[✅ Tabel jabatan sudah muncul di halaman.
]]></system-out>
  </testcase>
  <testcase name="runScenario[&quot;Hapus Aturan Cuti&quot;, &quot;Delete Aturan Cuti&quot;](2)" classname="com.dikahadir.runners.RunnerAturanCutiTest" time="25.965">
    <system-out><![CDATA[✅ Tabel jabatan sudah muncul di halaman.
✅ Klik berhasil dengan click()
]]></system-out>
  </testcase>
  <testcase name="runScenario[&quot;Pencarian aturan cuti&quot;, &quot;Tombol Reset&quot;](3)" classname="com.dikahadir.runners.RunnerAturanCutiTest" time="11.918"/>
  <testcase name="runScenario[&quot;Pencarian aturan cuti&quot;, &quot;Tombol Search&quot;](4)" classname="com.dikahadir.runners.RunnerAturanCutiTest" time="20.572"/>
  <testcase name="runScenario[&quot;Tambah aturan cuti baru dengan data valid&quot;, &quot;Tambah Aturan Cuti&quot;](5)" classname="com.dikahadir.runners.RunnerAturanCutiTest" time="19.227"/>
  <testcase name="runScenario[&quot;Tambah aturan cuti dengan data invalid&quot;, &quot;Tambah Aturan Cuti&quot;](6)" classname="com.dikahadir.runners.RunnerAturanCutiTest" time="16.97">
    <failure message="Pesan sukses tidak sesuai! expected [Gagal Membuat Aturan Cuti] but found [Sukses Membuat Aturan Cuti]" type="java.lang.AssertionError"><![CDATA[java.lang.AssertionError: Pesan sukses tidak sesuai! expected [Gagal Membuat Aturan Cuti] but found [Sukses Membuat Aturan Cuti]
	at org.testng.Assert.fail(Assert.java:111)
	at org.testng.Assert.failNotEquals(Assert.java:1578)
	at org.testng.Assert.assertEqualsImpl(Assert.java:150)
	at org.testng.Assert.assertEquals(Assert.java:132)
	at org.testng.Assert.assertEquals(Assert.java:656)
	at com.dikahadir.definitions.aturancuti.TambahAturanCutiTest.aturanCutiBerhasilDitambahkan(TambahAturanCutiTest.java:63)
	at ✽.sistem menampilkan pesan "Gagal Membuat Aturan Cuti"(file:///C:/Hegar/sqabatch23/TA/web_hadir/src/test/resources/features/aturancuti/TambahAturanCuti.feature:30)
]]></failure>
  </testcase>
  <testcase name="runScenario[&quot;Tambah aturan cuti dengan data invalid&quot;, &quot;Tambah Aturan Cuti&quot;](7)" classname="com.dikahadir.runners.RunnerAturanCutiTest" time="13.589">
    <failure message="Pesan sukses tidak sesuai! expected [Gagal Membuat Aturan Cuti] but found [Sukses Membuat Aturan Cuti]" type="java.lang.AssertionError"><![CDATA[java.lang.AssertionError: Pesan sukses tidak sesuai! expected [Gagal Membuat Aturan Cuti] but found [Sukses Membuat Aturan Cuti]
	at org.testng.Assert.fail(Assert.java:111)
	at org.testng.Assert.failNotEquals(Assert.java:1578)
	at org.testng.Assert.assertEqualsImpl(Assert.java:150)
	at org.testng.Assert.assertEquals(Assert.java:132)
	at org.testng.Assert.assertEquals(Assert.java:656)
	at com.dikahadir.definitions.aturancuti.TambahAturanCutiTest.aturanCutiBerhasilDitambahkan(TambahAturanCutiTest.java:63)
	at ✽.sistem menampilkan pesan "Gagal Membuat Aturan Cuti"(file:///C:/Hegar/sqabatch23/TA/web_hadir/src/test/resources/features/aturancuti/TambahAturanCuti.feature:30)
]]></failure>
  </testcase>
  <testcase name="runScenario[&quot;Melihat detail aturan cuti&quot;, &quot;View Aturan Cuti&quot;](8)" classname="com.dikahadir.runners.RunnerAturanCutiTest" time="30.738">
    <system-out><![CDATA[✅ Tabel jabatan sudah muncul di halaman.
✅ Klik berhasil dengan click()
]]></system-out>
  </testcase>
</testsuite>