<?xml version="1.0" encoding="UTF-8"?>
<!-- Generated by org.testng.reporters.JUnitReportReporter -->
<testsuite hostname="Raga" failures="2" tests="26" name="com.dikahadir.runners.RunnerTest1" time="433.668" errors="1" timestamp="2025-09-18T19:14:07 WIB" skipped="0">
  <testcase classname="com.dikahadir.runners.RunnerTest1" name="runScenario" time="19.590"/>
  <testcase classname="com.dikahadir.runners.RunnerTest1" name="runScenario" time="22.912"/>
  <testcase classname="com.dikahadir.runners.RunnerTest1" name="runScenario" time="11.553"/>
  <testcase classname="com.dikahadir.runners.RunnerTest1" name="runScenario" time="17.586"/>
  <testcase classname="com.dikahadir.runners.RunnerTest1" name="runScenario" time="13.106"/>
  <testcase classname="com.dikahadir.runners.RunnerTest1" name="runScenario" time="25.689"/>
  <testcase classname="com.dikahadir.runners.RunnerTest1" name="runScenario" time="16.179"/>
  <testcase classname="com.dikahadir.runners.RunnerTest1" name="runScenario" time="13.789"/>
  <testcase classname="com.dikahadir.runners.RunnerTest1" name="runScenario" time="13.260"/>
  <testcase classname="com.dikahadir.runners.RunnerTest1" name="runScenario" time="15.523">
    <failure message="Pesan error tidak sesuai! expected [Gagal Menambahkan Job Level] but found [Berhasil Menambahkan Job Level]" type="java.lang.AssertionError">
      <![CDATA[java.lang.AssertionError: Pesan error tidak sesuai! expected [Gagal Menambahkan Job Level] but found [Berhasil Menambahkan Job Level]
at org.testng.Assert.fail(Assert.java:111)
at org.testng.Assert.failNotEquals(Assert.java:1578)
at org.testng.Assert.assertEqualsImpl(Assert.java:150)
at org.testng.Assert.assertEquals(Assert.java:132)
at org.testng.Assert.assertEquals(Assert.java:656)
at com.dikahadir.definitions.jabatan.TambahJabatanTest.pesanError(TambahJabatanTest.java:80)
at ✽.sistem menampilkan pesan error "Gagal Menambahkan Job Level"(file:///C:/Hegar/sqabatch23/TA/web_hadir/src/test/resources/features/jabatan/TambahJabatan.feature:51)
]]>
    </failure>
  </testcase> <!-- runScenario -->
  <testcase classname="com.dikahadir.runners.RunnerTest1" name="runScenario" time="17.787"/>
  <testcase classname="com.dikahadir.runners.RunnerTest1" name="runScenario" time="15.054"/>
  <testcase classname="com.dikahadir.runners.RunnerTest1" name="runScenario" time="15.791">
    <failure message="Pesan sukses tidak sesuai! expected [Berhasil Menambahkan Job Level] but found [Gagal Menambahkan Job Level]" type="java.lang.AssertionError">
      <![CDATA[java.lang.AssertionError: Pesan sukses tidak sesuai! expected [Berhasil Menambahkan Job Level] but found [Gagal Menambahkan Job Level]
at org.testng.Assert.fail(Assert.java:111)
at org.testng.Assert.failNotEquals(Assert.java:1578)
at org.testng.Assert.assertEqualsImpl(Assert.java:150)
at org.testng.Assert.assertEquals(Assert.java:132)
at org.testng.Assert.assertEquals(Assert.java:656)
at com.dikahadir.definitions.jabatan.TambahJabatanTest.pesanSukses(TambahJabatanTest.java:61)
at ✽.sistem menampilkan pesan sukses "Berhasil Menambahkan Job Level"(file:///C:/Hegar/sqabatch23/TA/web_hadir/src/test/resources/features/jabatan/TambahJabatan.feature:38)
]]>
    </failure>
  </testcase> <!-- runScenario -->
  <testcase classname="com.dikahadir.runners.RunnerTest1" name="runScenario" time="16.979"/>
  <testcase classname="com.dikahadir.runners.RunnerTest1" name="runScenario" time="14.060"/>
  <testcase classname="com.dikahadir.runners.RunnerTest1" name="runScenario" time="15.992"/>
  <testcase classname="com.dikahadir.runners.RunnerTest1" name="runScenario" time="22.122"/>
  <testcase classname="com.dikahadir.runners.RunnerTest1" name="runScenario" time="22.766"/>
  <testcase classname="com.dikahadir.runners.RunnerTest1" name="runScenario" time="18.834"/>
  <testcase classname="com.dikahadir.runners.RunnerTest1" name="runScenario" time="13.017"/>
  <testcase classname="com.dikahadir.runners.RunnerTest1" name="runScenario" time="23.417">
    <error message="Expected condition failed: waiting for visibility of element located by By.xpath: (//p[normalize-space()=&#039;Management&#039;])[1] (tried for 10 second(s) with 500 milliseconds interval)
Build info: version: &#039;4.34.0&#039;, revision: &#039;707dcb4246*&#039;
System info: os.name: &#039;Windows 11&#039;, os.arch: &#039;amd64&#039;, os.version: &#039;10.0&#039;, java.version: &#039;21.0.8&#039;
Driver info: org.openqa.selenium.firefox.FirefoxDriver
Capabilities {acceptInsecureCerts: true, browserName: firefox, browserVersion: 142.0.1, moz:accessibilityChecks: false, moz:buildID: 20250827004350, moz:geckodriverVersion: 0.36.0, moz:headless: false, moz:platformVersion: 10.0, moz:processID: 101104, moz:profile: C:\Users\LENOVO\AppData\Loc..., moz:shutdownTimeout: 60000, moz:webdriverClick: true, moz:windowless: false, pageLoadStrategy: normal, platformName: windows, proxy: Proxy(), setWindowRect: true, strictFileInteractability: false, timeouts: {implicit: 0, pageLoad: 300000, script: 30000}, unhandledPromptBehavior: dismiss and notify, userAgent: Mozilla/5.0 (Windows NT 10....}
Session ID: d3d39663-76ec-4643-86ba-59a15e1daa50" type="org.openqa.selenium.TimeoutException">
      <![CDATA[org.openqa.selenium.TimeoutException: Expected condition failed: waiting for visibility of element located by By.xpath: (//p[normalize-space()='Management'])[1] (tried for 10 second(s) with 500 milliseconds interval)
Build info: version: '4.34.0', revision: '707dcb4246*'
System info: os.name: 'Windows 11', os.arch: 'amd64', os.version: '10.0', java.version: '21.0.8'
Driver info: org.openqa.selenium.firefox.FirefoxDriver
Capabilities {acceptInsecureCerts: true, browserName: firefox, browserVersion: 142.0.1, moz:accessibilityChecks: false, moz:buildID: 20250827004350, moz:geckodriverVersion: 0.36.0, moz:headless: false, moz:platformVersion: 10.0, moz:processID: 101104, moz:profile: C:\Users\LENOVO\AppData\Loc..., moz:shutdownTimeout: 60000, moz:webdriverClick: true, moz:windowless: false, pageLoadStrategy: normal, platformName: windows, proxy: Proxy(), setWindowRect: true, strictFileInteractability: false, timeouts: {implicit: 0, pageLoad: 300000, script: 30000}, unhandledPromptBehavior: dismiss and notify, userAgent: Mozilla/5.0 (Windows NT 10....}
Session ID: d3d39663-76ec-4643-86ba-59a15e1daa50
at org.openqa.selenium.support.ui.WebDriverWait.timeoutException(WebDriverWait.java:84)
at org.openqa.selenium.support.ui.FluentWait.until(FluentWait.java:228)
at com.dikahadir.Hooks.setUp(Hooks.java:38)
]]>
    </error>
  </testcase> <!-- runScenario -->
  <testcase classname="com.dikahadir.runners.RunnerTest1" name="runScenario" time="16.635"/>
  <testcase classname="com.dikahadir.runners.RunnerTest1" name="runScenario" time="13.681"/>
  <testcase classname="com.dikahadir.runners.RunnerTest1" name="runScenario" time="12.914"/>
  <testcase classname="com.dikahadir.runners.RunnerTest1" name="runScenario" time="11.957"/>
  <testcase classname="com.dikahadir.runners.RunnerTest1" name="runScenario" time="13.475"/>
</testsuite> <!-- com.dikahadir.runners.RunnerTest1 -->
