<?xml version="1.0" encoding="UTF-8"?>
<!-- Generated by org.testng.reporters.JUnitReportReporter -->
<testsuite hostname="Raga" failures="0" tests="10" name="com.dikahadir.runners.RunnerJadwalTest" time="211.457" errors="1" timestamp="2025-08-27T17:11:09 WIB" skipped="0">
  <testcase classname="com.dikahadir.runners.RunnerJadwalTest" name="runScenario" time="36.257"/>
  <testcase classname="com.dikahadir.runners.RunnerJadwalTest" name="runScenario" time="20.906"/>
  <testcase classname="com.dikahadir.runners.RunnerJadwalTest" name="runScenario" time="16.484"/>
  <testcase classname="com.dikahadir.runners.RunnerJadwalTest" name="runScenario" time="15.758"/>
  <testcase classname="com.dikahadir.runners.RunnerJadwalTest" name="runScenario" time="18.457"/>
  <testcase classname="com.dikahadir.runners.RunnerJadwalTest" name="runScenario" time="33.930">
    <error message="Expected condition failed: waiting for presence of any elements located by By.xpath: //div[contains(@class, &#039;MuiSelect-select&#039;) and contains(text(), &#039;Libur&#039;)] (tried for 10 second(s) with 500 milliseconds interval)
Build info: version: &#039;4.34.0&#039;, revision: &#039;707dcb4246*&#039;
System info: os.name: &#039;Windows 11&#039;, os.arch: &#039;amd64&#039;, os.version: &#039;10.0&#039;, java.version: &#039;21.0.8&#039;
Driver info: org.openqa.selenium.firefox.FirefoxDriver
Capabilities {acceptInsecureCerts: true, browserName: firefox, browserVersion: 142.0, moz:accessibilityChecks: false, moz:buildID: 20250811145442, moz:geckodriverVersion: 0.36.0, moz:headless: false, moz:platformVersion: 10.0, moz:processID: 252376, moz:profile: C:\Users\LENOVO\AppData\Loc..., moz:shutdownTimeout: 60000, moz:webdriverClick: true, moz:windowless: false, pageLoadStrategy: normal, platformName: windows, proxy: Proxy(), setWindowRect: true, strictFileInteractability: false, timeouts: {implicit: 0, pageLoad: 300000, script: 30000}, unhandledPromptBehavior: dismiss and notify, userAgent: Mozilla/5.0 (Windows NT 10....}
Session ID: 895a17f6-f316-42c7-aefe-e272a576c3a1" type="org.openqa.selenium.TimeoutException">
      <![CDATA[org.openqa.selenium.TimeoutException: Expected condition failed: waiting for presence of any elements located by By.xpath: //div[contains(@class, 'MuiSelect-select') and contains(text(), 'Libur')] (tried for 10 second(s) with 500 milliseconds interval)
Build info: version: '4.34.0', revision: '707dcb4246*'
System info: os.name: 'Windows 11', os.arch: 'amd64', os.version: '10.0', java.version: '21.0.8'
Driver info: org.openqa.selenium.firefox.FirefoxDriver
Capabilities {acceptInsecureCerts: true, browserName: firefox, browserVersion: 142.0, moz:accessibilityChecks: false, moz:buildID: 20250811145442, moz:geckodriverVersion: 0.36.0, moz:headless: false, moz:platformVersion: 10.0, moz:processID: 252376, moz:profile: C:\Users\LENOVO\AppData\Loc..., moz:shutdownTimeout: 60000, moz:webdriverClick: true, moz:windowless: false, pageLoadStrategy: normal, platformName: windows, proxy: Proxy(), setWindowRect: true, strictFileInteractability: false, timeouts: {implicit: 0, pageLoad: 300000, script: 30000}, unhandledPromptBehavior: dismiss and notify, userAgent: Mozilla/5.0 (Windows NT 10....}
Session ID: 895a17f6-f316-42c7-aefe-e272a576c3a1
at org.openqa.selenium.support.ui.WebDriverWait.timeoutException(WebDriverWait.java:84)
at org.openqa.selenium.support.ui.FluentWait.until(FluentWait.java:228)
at com.dikahadir.page.JadwalPage.isiSemuaHari(JadwalPage.java:183)
at com.dikahadir.definitions.jadwal.EditJadwalTest.isiHariKerja(EditJadwalTest.java:63)
at âœ½.user mengisi jumlah hari kerja.(file:///C:/Hegar/sqabatch23/TA/web_hadir/src/test/resources/features/jadwal/EditJadwal.feature:14)
]]>
    </error>
  </testcase> <!-- runScenario -->
  <testcase classname="com.dikahadir.runners.RunnerJadwalTest" name="runScenario" time="15.554"/>
  <testcase classname="com.dikahadir.runners.RunnerJadwalTest" name="runScenario" time="20.189"/>
  <testcase classname="com.dikahadir.runners.RunnerJadwalTest" name="runScenario" time="14.203"/>
  <testcase classname="com.dikahadir.runners.RunnerJadwalTest" name="runScenario" time="19.719"/>
</testsuite> <!-- com.dikahadir.runners.RunnerJadwalTest -->
