<?xml version="1.0" encoding="UTF-8"?>
<!-- Generated by org.testng.reporters.JUnitReportReporter -->
<testsuite hostname="Raga" failures="3" tests="26" name="com.dikahadir.runners.RunnerTest1" time="487.695" errors="0" timestamp="2025-08-28T01:32:10 WIB" skipped="0">
  <testcase classname="com.dikahadir.runners.RunnerTest1" name="runScenario" time="21.142"/>
  <testcase classname="com.dikahadir.runners.RunnerTest1" name="runScenario" time="20.681"/>
  <testcase classname="com.dikahadir.runners.RunnerTest1" name="runScenario" time="18.841"/>
  <testcase classname="com.dikahadir.runners.RunnerTest1" name="runScenario" time="15.654"/>
  <testcase classname="com.dikahadir.runners.RunnerTest1" name="runScenario" time="20.740"/>
  <testcase classname="com.dikahadir.runners.RunnerTest1" name="runScenario" time="19.135"/>
  <testcase classname="com.dikahadir.runners.RunnerTest1" name="runScenario" time="16.719">
    <failure message="Pesan sukses tidak sesuai! expected [Berhasil Menambahkan Job Level] but found [Gagal Menambahkan Job Level]" type="java.lang.AssertionError">
      <![CDATA[java.lang.AssertionError: Pesan sukses tidak sesuai! expected [Berhasil Menambahkan Job Level] but found [Gagal Menambahkan Job Level]
at org.testng.Assert.fail(Assert.java:111)
at org.testng.Assert.failNotEquals(Assert.java:1578)
at org.testng.Assert.assertEqualsImpl(Assert.java:150)
at org.testng.Assert.assertEquals(Assert.java:132)
at org.testng.Assert.assertEquals(Assert.java:656)
at com.dikahadir.definitions.jabatan.TambahJabatanTest.pesanSukses(TambahJabatanTest.java:63)
at ✽.sistem menampilkan pesan sukses "Berhasil Menambahkan Job Level"(file:///C:/Hegar/sqabatch23/TA/web_hadir/src/test/resources/features/jabatan/TambahJabatan.feature:38)
]]>
    </failure>
  </testcase> <!-- runScenario -->
  <testcase classname="com.dikahadir.runners.RunnerTest1" name="runScenario" time="18.333">
    <failure message="Pesan sukses tidak sesuai! expected [Berhasil Menambahkan Job Level] but found [Gagal Menambahkan Job Level]" type="java.lang.AssertionError">
      <![CDATA[java.lang.AssertionError: Pesan sukses tidak sesuai! expected [Berhasil Menambahkan Job Level] but found [Gagal Menambahkan Job Level]
at org.testng.Assert.fail(Assert.java:111)
at org.testng.Assert.failNotEquals(Assert.java:1578)
at org.testng.Assert.assertEqualsImpl(Assert.java:150)
at org.testng.Assert.assertEquals(Assert.java:132)
at org.testng.Assert.assertEquals(Assert.java:656)
at com.dikahadir.definitions.jabatan.TambahJabatanTest.pesanSukses(TambahJabatanTest.java:63)
at ✽.sistem menampilkan pesan sukses "Berhasil Menambahkan Job Level"(file:///C:/Hegar/sqabatch23/TA/web_hadir/src/test/resources/features/jabatan/TambahJabatan.feature:25)
]]>
    </failure>
  </testcase> <!-- runScenario -->
  <testcase classname="com.dikahadir.runners.RunnerTest1" name="runScenario" time="15.479"/>
  <testcase classname="com.dikahadir.runners.RunnerTest1" name="runScenario" time="20.448"/>
  <testcase classname="com.dikahadir.runners.RunnerTest1" name="runScenario" time="14.796"/>
  <testcase classname="com.dikahadir.runners.RunnerTest1" name="runScenario" time="15.262"/>
  <testcase classname="com.dikahadir.runners.RunnerTest1" name="runScenario" time="16.553"/>
  <testcase classname="com.dikahadir.runners.RunnerTest1" name="runScenario" time="17.049"/>
  <testcase classname="com.dikahadir.runners.RunnerTest1" name="runScenario" time="22.580"/>
  <testcase classname="com.dikahadir.runners.RunnerTest1" name="runScenario" time="17.852"/>
  <testcase classname="com.dikahadir.runners.RunnerTest1" name="runScenario" time="22.015"/>
  <testcase classname="com.dikahadir.runners.RunnerTest1" name="runScenario" time="20.185"/>
  <testcase classname="com.dikahadir.runners.RunnerTest1" name="runScenario" time="15.184"/>
  <testcase classname="com.dikahadir.runners.RunnerTest1" name="runScenario" time="24.826"/>
  <testcase classname="com.dikahadir.runners.RunnerTest1" name="runScenario" time="25.375"/>
  <testcase classname="com.dikahadir.runners.RunnerTest1" name="runScenario" time="14.951"/>
  <testcase classname="com.dikahadir.runners.RunnerTest1" name="runScenario" time="16.595"/>
  <testcase classname="com.dikahadir.runners.RunnerTest1" name="runScenario" time="16.024"/>
  <testcase classname="com.dikahadir.runners.RunnerTest1" name="runScenario" time="20.620"/>
  <testcase classname="com.dikahadir.runners.RunnerTest1" name="runScenario" time="20.656">
    <failure message="Pesan sukses tidak sesuai expected [Gagal Edit Jabatan] but found [Berhasil Edit Jabatan]" type="java.lang.AssertionError">
      <![CDATA[java.lang.AssertionError: Pesan sukses tidak sesuai expected [Gagal Edit Jabatan] but found [Berhasil Edit Jabatan]
at org.testng.Assert.fail(Assert.java:111)
at org.testng.Assert.failNotEquals(Assert.java:1578)
at org.testng.Assert.assertEqualsImpl(Assert.java:150)
at org.testng.Assert.assertEquals(Assert.java:132)
at org.testng.Assert.assertEquals(Assert.java:656)
at com.dikahadir.definitions.jabatan.EditJabatanTest.sistemMenampilkanPesan(EditJabatanTest.java:59)
at ✽.sistem akan menampilkan pesan "Gagal Edit Jabatan"(file:///C:/Hegar/sqabatch23/TA/web_hadir/src/test/resources/features/jabatan/EditJabatan.feature:53)
]]>
    </failure>
  </testcase> <!-- runScenario -->
</testsuite> <!-- com.dikahadir.runners.RunnerTest1 -->
