<?xml version="1.0" encoding="UTF-8"?>
<!-- Generated by org.testng.reporters.JUnitReportReporter -->
<testsuite hostname="Raga" failures="0" tests="10" name="com.dikahadir.runners.RunnerJadwalTest" time="245.588" errors="0" timestamp="2025-08-27T16:21:19 WIB" skipped="0">
  <testcase classname="com.dikahadir.runners.RunnerJadwalTest" name="runScenario" time="16.879"/>
  <testcase classname="com.dikahadir.runners.RunnerJadwalTest" name="runScenario" time="17.149"/>
  <testcase classname="com.dikahadir.runners.RunnerJadwalTest" name="runScenario" time="45.235"/>
  <testcase classname="com.dikahadir.runners.RunnerJadwalTest" name="runScenario" time="45.404"/>
  <testcase classname="com.dikahadir.runners.RunnerJadwalTest" name="runScenario" time="16.510"/>
  <testcase classname="com.dikahadir.runners.RunnerJadwalTest" name="runScenario" time="26.221"/>
  <testcase classname="com.dikahadir.runners.RunnerJadwalTest" name="runScenario" time="17.270"/>
  <testcase classname="com.dikahadir.runners.RunnerJadwalTest" name="runScenario" time="16.142"/>
  <testcase classname="com.dikahadir.runners.RunnerJadwalTest" name="runScenario" time="20.386"/>
  <testcase classname="com.dikahadir.runners.RunnerJadwalTest" name="runScenario" time="24.392"/>
</testsuite> <!-- com.dikahadir.runners.RunnerJadwalTest -->
